<?xml version="1.0" encoding="utf-8"?>
<TestRun id="2dbaa671-8f43-4ca2-b719-81ecd1ac0591" name="@runnervmg397c 2026-05-24 14:30:21" xmlns="http://microsoft.com/schemas/VisualStudio/TeamTest/2010">
  <Times creation="2026-05-24T14:30:21.6074713+00:00" queuing="2026-05-24T14:30:21.6074715+00:00" start="2026-05-24T14:30:19.3673597+00:00" finish="2026-05-24T14:30:22.5690900+00:00" />
  <TestSettings name="default" id="0542caea-bcb1-4079-aab6-ba10a26ab03c">
    <Deployment runDeploymentRoot="_runnervmg397c_2026-05-24_14_30_21" />
  </TestSettings>
  <Results>
    <UnitTestResult executionId="a7a7b497-ca1b-4d58-bd8b-a83e086bd3ea" testId="571ba91f-19e0-72d4-3699-80263bc4d6a5" testName="PdfBox.Net.Tests.COSIncrementTest.TestOriginDocumentStatePropagatesToExistingChildren" computerName="runnervmg397c" duration="00:00:00.0003757" startTime="2026-05-24T14:30:21.7118496+00:00" endTime="2026-05-24T14:30:21.7122590+00:00" testType="13cdc9d9-ddb5-4fa4-a97d-d965ccfc6d4b" outcome="Passed" testListId="8c84fa94-04c1-424b-9868-57a2d4851a1d" relativeResultsDirectory="a7a7b497-ca1b-4d58-bd8b-a83e086bd3ea" />
    <UnitTestResult executionId="98355bb7-ab27-4c56-9434-14474e62767a" testId="ec11cd11-39e3-002f-9443-16bf95251991" testName="PdfBox.Net.Tests.GlyphListTest.ToUnicode_CommonGlyphNames_ReturnsExpectedCharacter(glyphName: &quot;question&quot;, expected: &quot;?&quot;)" computerName="runnervmg397c" duration="00:00:00.0000187" startTime="2026-05-24T14:30:22.4044501+00:00" endTime="2026-05-24T14:30:22.4044978+00:00" testType="13cdc9d9-ddb5-4fa4-a97d-d965ccfc6d4b" outcome="Passed" testListId="8c84fa94-04c1-424b-9868-57a2d4851a1d" relativeResultsDirectory="98355bb7-ab27-4c56-9434-14474e62767a" />
    <UnitTestResult executionId="80ad2d55-5904-44a9-b6fc-4296515cec45" testId="d23d4052-2898-ff5d-6972-718a17a18bda" testName="PdfBox.Net.Tests.GlyphListTest.ToUnicode_UNameConvention_ReturnsDecodedCharacter(glyphName: &quot;u20AC&quot;, expected: &quot;€&quot;)" computerName="runnervmg397c" duration="00:00:00.0001860" startTime="2026-05-24T14:30:22.4707600+00:00" endTime="2026-05-24T14:30:22.4709770+00:00" testType="13cdc9d9-ddb5-4fa4-a97d-d965ccfc6d4b" outcome="Passed" testListId="8c84fa94-04c1-424b-9868-57a2d4851a1d" relativeResultsDirectory="80ad2d55-5904-44a9-b6fc-4296515cec45" />
    <UnitTestResult executionId="71a54cd1-dcd1-41a4-9c77-84873b58e2c9" testId="48ec8c71-9cc7-1696-7489-14e33f355ec7" testName="PdfBox.Net.Tests.CharStringParserTest.Type1Parser_NumberEncoding_SmallPositive" computerName="runnervmg397c" duration="00:00:00.0003268" startTime="2026-05-24T14:30:22.4252879+00:00" endTime="2026-05-24T14:30:22.4256427+00:00" testType="13cdc9d9-ddb5-4fa4-a97d-d965ccfc6d4b" outcome="Passed" testListId="8c84fa94-04c1-424b-9868-57a2d4851a1d" relativeResultsDirectory="71a54cd1-dcd1-41a4-9c77-84873b58e2c9" />
    <UnitTestResult executionId="f1e89e5e-3fbf-467c-b9eb-c80d3bbddc97" testId="e343046f-4afa-4e5d-0ac7-15b1815e21d4" testName="PdfBox.Net.Tests.ContentStreamEngineTest.Save_PushesGraphicsState_StackDepthIncreases" computerName="runnervmg397c" duration="00:00:00.0003739" startTime="2026-05-24T14:30:21.8108635+00:00" endTime="2026-05-24T14:30:21.8113624+00:00" testType="13cdc9d9-ddb5-4fa4-a97d-d965ccfc6d4b" outcome="Passed" testListId="8c84fa94-04c1-424b-9868-57a2d4851a1d" relativeResultsDirectory="f1e89e5e-3fbf-467c-b9eb-c80d3bbddc97" />
    <UnitTestResult executionId="6200de09-8c39-4a92-97b0-4eba51123c5d" testId="145f0f2e-7b7d-7cd2-ea5c-0ffbc3d31e1a" testName="PdfBox.Net.Tests.COSPortedFilesTest.TestCOSOutputStreamWithoutFiltersWritesDirectly" computerName="runnervmg397c" duration="00:00:00.0112916" startTime="2026-05-24T14:30:21.7497374+00:00" endTime="2026-05-24T14:30:21.7610647+00:00" testType="13cdc9d9-ddb5-4fa4-a97d-d965ccfc6d4b" outcome="Passed" testListId="8c84fa94-04c1-424b-9868-57a2d4851a1d" relativeResultsDirectory="6200de09-8c39-4a92-97b0-4eba51123c5d" />
    <UnitTestResult executionId="20161138-7969-4dca-88f8-4f40a4664a1a" testId="186a6679-0b84-0b54-6440-b6867ff2b72f" testName="PdfBox.Net.Tests.OperatorProcessorsTest.ShowTextLineAndSpace_DoubleQuote_SetsSpacingAndMovesAndEmitsGlyphs" computerName="runnervmg397c" duration="00:00:00.0003123" startTime="2026-05-24T14:30:22.2162587+00:00" endTime="2026-05-24T14:30:22.2165994+00:00" testType="13cdc9d9-ddb5-4fa4-a97d-d965ccfc6d4b" outcome="Passed" testListId="8c84fa94-04c1-424b-9868-57a2d4851a1d" relativeResultsDirectory="20161138-7969-4dca-88f8-4f40a4664a1a" />
    <UnitTestResult executionId="5056faca-5c39-4be2-91b2-c1d3663308a4" testId="a02b6d71-f51b-3015-bf52-42be25b2e607" testName="PdfBox.Net.Tests.GlyphListTest.ToUnicode_CommonGlyphNames_ReturnsExpectedCharacter(glyphName: &quot;numbersign&quot;, expected: &quot;#&quot;)" computerName="runnervmg397c" duration="00:00:00.0000206" startTime="2026-05-24T14:30:22.4168441+00:00" endTime="2026-05-24T14:30:22.4168987+00:00" testType="13cdc9d9-ddb5-4fa4-a97d-d965ccfc6d4b" outcome="Passed" testListId="8c84fa94-04c1-424b-9868-57a2d4851a1d" relativeResultsDirectory="5056faca-5c39-4be2-91b2-c1d3663308a4" />
    <UnitTestResult executionId="1335eb7d-4581-4d8e-be9b-c7c20007be95" testId="639b3809-4d69-4706-2993-e4dbbda7915f" testName="PdfBox.Net.Tests.GlyphListTest.ToUnicode_AccentedAndSpecialGlyphs_ReturnsExpectedCharacter(glyphName: &quot;Adieresis&quot;, expected: &quot;Ä&quot;)" computerName="runnervmg397c" duration="00:00:00.0000181" startTime="2026-05-24T14:30:22.3985058+00:00" endTime="2026-05-24T14:30:22.3985500+00:00" testType="13cdc9d9-ddb5-4fa4-a97d-d965ccfc6d4b" outcome="Passed" testListId="8c84fa94-04c1-424b-9868-57a2d4851a1d" relativeResultsDirectory="1335eb7d-4581-4d8e-be9b-c7c20007be95" />
    <UnitTestResult executionId="7dd05193-e3b3-4897-a08a-2bc6e8f3b23a" testId="a2e9efd9-9310-ac55-5919-3d72f28db4ad" testName="PdfBox.Net.Tests.GlyphListTest.ToUnicode_CommonGlyphNames_ReturnsExpectedCharacter(glyphName: &quot;backslash&quot;, expected: &quot;\\&quot;)" computerName="runnervmg397c" duration="00:00:00.0000202" startTime="2026-05-24T14:30:22.4440199+00:00" endTime="2026-05-24T14:30:22.4440701+00:00" testType="13cdc9d9-ddb5-4fa4-a97d-d965ccfc6d4b" outcome="Passed" testListId="8c84fa94-04c1-424b-9868-57a2d4851a1d" relativeResultsDirectory="7dd05193-e3b3-4897-a08a-2bc6e8f3b23a" />
    <UnitTestResult executionId="e25a6a40-a8f1-4efe-ba8a-90370a47ebd3" testId="4c13d61f-302c-e69f-469e-b89af8fb1ec2" testName="PdfBox.Net.Tests.COSPortedFilesTest.TestDecodeOptionsDefaultIsImmutable" computerName="runnervmg397c" duration="00:00:00.0009206" startTime="2026-05-24T14:30:21.7619210+00:00" endTime="2026-05-24T14:30:21.7628910+00:00" testType="13cdc9d9-ddb5-4fa4-a97d-d965ccfc6d4b" outcome="Passed" testListId="8c84fa94-04c1-424b-9868-57a2d4851a1d" relativeResultsDirectory="e25a6a40-a8f1-4efe-ba8a-90370a47ebd3" />
    <UnitTestResult executionId="35f4930a-a614-40cc-b9a4-8a17b6c66b5f" testId="100c66bb-abc6-e07e-06db-380b1f147bd3" testName="PdfBox.Net.Tests.RenderingTextTest.TextPositionComparator_SameObject_ReturnsZero" computerName="runnervmg397c" duration="00:00:00.0012653" startTime="2026-05-24T14:30:21.7856606+00:00" endTime="2026-05-24T14:30:21.7869574+00:00" testType="13cdc9d9-ddb5-4fa4-a97d-d965ccfc6d4b" outcome="Passed" testListId="8c84fa94-04c1-424b-9868-57a2d4851a1d" relativeResultsDirectory="35f4930a-a614-40cc-b9a4-8a17b6c66b5f" />
    <UnitTestResult executionId="83aa46fa-388c-402c-a39f-a1ee2a751cb7" testId="fe9e8f00-c875-4f65-5877-efda1c01e5f3" testName="PdfBox.Net.Tests.PDDocumentPipelineTest.SaveLoadStreamPreservesMetadata" computerName="runnervmg397c" duration="00:00:00.0618345" startTime="2026-05-24T14:30:21.4671923+00:00" endTime="2026-05-24T14:30:21.5382617+00:00" testType="13cdc9d9-ddb5-4fa4-a97d-d965ccfc6d4b" outcome="Passed" testListId="8c84fa94-04c1-424b-9868-57a2d4851a1d" relativeResultsDirectory="83aa46fa-388c-402c-a39f-a1ee2a751cb7" />
    <UnitTestResult executionId="0e5b7f7a-b47b-4a37-93b6-a4d06dd748a7" testId="2a7b3c98-303d-e591-9c56-5c9a61f1e02c" testName="PdfBox.Net.Tests.XrefTrailerResolverTest.GetContainedObjectNumbersUsesNegativeObjectStreamReference" computerName="runnervmg397c" duration="00:00:00.0109986" startTime="2026-05-24T14:30:22.3005660+00:00" endTime="2026-05-24T14:30:22.3116024+00:00" testType="13cdc9d9-ddb5-4fa4-a97d-d965ccfc6d4b" outcome="Passed" testListId="8c84fa94-04c1-424b-9868-57a2d4851a1d" relativeResultsDirectory="0e5b7f7a-b47b-4a37-93b6-a4d06dd748a7" />
    <UnitTestResult executionId="f1490772-3828-48f8-ade3-552fbb2d8da9" testId="8dd163b6-d38c-72b5-ce37-f35f172b4b5a" testName="PdfBox.Net.Tests.RandomAccessReadBufferTest.TestPositionSkip" computerName="runnervmg397c" duration="00:00:00.0002426" startTime="2026-05-24T14:30:21.7094469+00:00" endTime="2026-05-24T14:30:21.7097232+00:00" testType="13cdc9d9-ddb5-4fa4-a97d-d965ccfc6d4b" outcome="Passed" testListId="8c84fa94-04c1-424b-9868-57a2d4851a1d" relativeResultsDirectory="f1490772-3828-48f8-ade3-552fbb2d8da9" />
    <UnitTestResult executionId="9f958340-5591-4120-a582-afabfab4f5dd" testId="3e008812-be6f-0df5-7ee0-3ec63d2a0090" testName="PdfBox.Net.Tests.TestCOSArray.TestConvertString2COSNameAndBack" computerName="runnervmg397c" duration="00:00:00.0006949" startTime="2026-05-24T14:30:22.0885472+00:00" endTime="2026-05-24T14:30:22.0892721+00:00" testType="13cdc9d9-ddb5-4fa4-a97d-d965ccfc6d4b" outcome="Passed" testListId="8c84fa94-04c1-424b-9868-57a2d4851a1d" relativeResultsDirectory="9f958340-5591-4120-a582-afabfab4f5dd" />
    <UnitTestResult executionId="08cb8fc4-a172-4dac-beb1-8ee5604b0e1c" testId="9d15d923-aab7-e174-2c2b-67432a52b60b" testName="PdfBox.Net.Tests.GlyphListTest.ToUnicode_AccentedAndSpecialGlyphs_ReturnsExpectedCharacter(glyphName: &quot;emdash&quot;, expected: &quot;—&quot;)" computerName="runnervmg397c" duration="00:00:00.0000196" startTime="2026-05-24T14:30:22.3806669+00:00" endTime="2026-05-24T14:30:22.3807152+00:00" testType="13cdc9d9-ddb5-4fa4-a97d-d965ccfc6d4b" outcome="Passed" testListId="8c84fa94-04c1-424b-9868-57a2d4851a1d" relativeResultsDirectory="08cb8fc4-a172-4dac-beb1-8ee5604b0e1c" />
    <UnitTestResult executionId="5933e5a8-7603-4d51-ae3c-a8c1fc027912" testId="3b91e642-da53-28bc-447e-f901300ecf6c" testName="PdfBox.Net.Tests.CharStringParserTest.CFFISOAdobeCharset_GID0_IsNotdef" computerName="runnervmg397c" duration="00:00:00.0001188" startTime="2026-05-24T14:30:22.3697481+00:00" endTime="2026-05-24T14:30:22.3698970+00:00" testType="13cdc9d9-ddb5-4fa4-a97d-d965ccfc6d4b" outcome="Passed" testListId="8c84fa94-04c1-424b-9868-57a2d4851a1d" relativeResultsDirectory="5933e5a8-7603-4d51-ae3c-a8c1fc027912" />
    <UnitTestResult executionId="d52f4572-cecc-4c4f-82d3-938c38a0a7b9" testId="2e118fba-112c-d61c-6ecd-11d0762e1dfd" testName="PdfBox.Net.Tests.GlyphListTest.ToUnicode_AccentedAndSpecialGlyphs_ReturnsExpectedCharacter(glyphName: &quot;agrave&quot;, expected: &quot;à&quot;)" computerName="runnervmg397c" duration="00:00:00.0003399" startTime="2026-05-24T14:30:22.3728263+00:00" endTime="2026-05-24T14:30:22.3732060+00:00" testType="13cdc9d9-ddb5-4fa4-a97d-d965ccfc6d4b" outcome="Passed" testListId="8c84fa94-04c1-424b-9868-57a2d4851a1d" relativeResultsDirectory="d52f4572-cecc-4c4f-82d3-938c38a0a7b9" />
    <UnitTestResult executionId="1da1aaba-e209-42bc-b568-86903f803c61" testId="080c4b5b-5380-61c3-0b34-b568740f9b74" testName="PdfBox.Net.Tests.ContentStreamEngineTest.SaveRestore_CTMRestoredAfterConcatenate" computerName="runnervmg397c" duration="00:00:00.0004166" startTime="2026-05-24T14:30:21.8148549+00:00" endTime="2026-05-24T14:30:21.8153666+00:00" testType="13cdc9d9-ddb5-4fa4-a97d-d965ccfc6d4b" outcome="Passed" testListId="8c84fa94-04c1-424b-9868-57a2d4851a1d" relativeResultsDirectory="1da1aaba-e209-42bc-b568-86903f803c61" />
    <UnitTestResult executionId="467e59a0-6fcc-49d5-bc3d-80d8f5216c2b" testId="5c455c6a-4c3e-e063-e654-513e44ae6964" testName="PdfBox.Net.Tests.TestPDPage.CropBoxDefaultsToMediaBox" computerName="runnervmg397c" duration="00:00:00.0056737" startTime="2026-05-24T14:30:21.5434056+00:00" endTime="2026-05-24T14:30:21.5491181+00:00" testType="13cdc9d9-ddb5-4fa4-a97d-d965ccfc6d4b" outcome="Passed" testListId="8c84fa94-04c1-424b-9868-57a2d4851a1d" relativeResultsDirectory="467e59a0-6fcc-49d5-bc3d-80d8f5216c2b" />
    <UnitTestResult executionId="2be5cbcf-2a9e-46b6-b2b4-7ba332adbb4a" testId="42bef231-bb13-71dc-3497-4ee41bb2b959" testName="PdfBox.Net.Tests.RenderingTextTest.TextPosition_GetUnicode_ReturnsUnicode" computerName="runnervmg397c" duration="00:00:00.0009746" startTime="2026-05-24T14:30:21.9545915+00:00" endTime="2026-05-24T14:30:21.9556792+00:00" testType="13cdc9d9-ddb5-4fa4-a97d-d965ccfc6d4b" outcome="Passed" testListId="8c84fa94-04c1-424b-9868-57a2d4851a1d" relativeResultsDirectory="2be5cbcf-2a9e-46b6-b2b4-7ba332adbb4a" />
    <UnitTestResult executionId="6919fde7-fcaf-4484-8974-d707ef827ebc" testId="e36554a7-1f42-7ad9-8689-3b7024371b89" testName="PdfBox.Net.Tests.PDModelStateTest.PDPage_GetResources_WithResourceEntry_ReturnsPDResources" computerName="runnervmg397c" duration="00:00:00.0002257" startTime="2026-05-24T14:30:21.9977558+00:00" endTime="2026-05-24T14:30:21.9980109+00:00" testType="13cdc9d9-ddb5-4fa4-a97d-d965ccfc6d4b" outcome="Passed" testListId="8c84fa94-04c1-424b-9868-57a2d4851a1d" relativeResultsDirectory="6919fde7-fcaf-4484-8974-d707ef827ebc" />
    <UnitTestResult executionId="138ecb8c-136b-4e0e-afa1-c82a499848de" testId="fd5abffc-a807-b23f-065c-7a3564967032" testName="PdfBox.Net.Tests.CMapParserTest.ParseRepresentativeCMapStreamAndResolveMappings" computerName="runnervmg397c" duration="00:00:00.0561295" startTime="2026-05-24T14:30:22.2182113+00:00" endTime="2026-05-24T14:30:22.2743724+00:00" testType="13cdc9d9-ddb5-4fa4-a97d-d965ccfc6d4b" outcome="Passed" testListId="8c84fa94-04c1-424b-9868-57a2d4851a1d" relativeResultsDirectory="138ecb8c-136b-4e0e-afa1-c82a499848de" />
    <UnitTestResult executionId="b9e5b438-69e2-4194-9189-fe7201c7f1d8" testId="5649a9fe-b198-583a-bdfd-53243b89a0c0" testName="PdfBox.Net.Tests.ContentStreamEngineTest.Concatenate_cm_MultiplesCTMByOperandMatrix" computerName="runnervmg397c" duration="00:00:00.0006140" startTime="2026-05-24T14:30:21.8157703+00:00" endTime="2026-05-24T14:30:21.8164136+00:00" testType="13cdc9d9-ddb5-4fa4-a97d-d965ccfc6d4b" outcome="Passed" testListId="8c84fa94-04c1-424b-9868-57a2d4851a1d" relativeResultsDirectory="b9e5b438-69e2-4194-9189-fe7201c7f1d8" />
    <UnitTestResult executionId="ff1bc265-2b6b-4cd3-9abd-a2812d2b1571" testId="73b29834-b57c-c4ff-e23e-92e8a12224d1" testName="PdfBox.Net.Tests.VectorTest.TestScaleAndStringRepresentation" computerName="runnervmg397c" duration="00:00:00.0020128" startTime="2026-05-24T14:30:21.6579323+00:00" endTime="2026-05-24T14:30:21.6599767+00:00" testType="13cdc9d9-ddb5-4fa4-a97d-d965ccfc6d4b" outcome="Passed" testListId="8c84fa94-04c1-424b-9868-57a2d4851a1d" relativeResultsDirectory="ff1bc265-2b6b-4cd3-9abd-a2812d2b1571" />
    <UnitTestResult executionId="4038735e-aef4-4eb2-a8b6-d3f3e7cd8acf" testId="a8859d4c-7052-d804-bab4-d7bf9e18f15a" testName="PdfBox.Net.Tests.GlyphListTest.ToUnicode_AccentedAndSpecialGlyphs_ReturnsExpectedCharacter(glyphName: &quot;quotedblright&quot;, expected: &quot;”&quot;)" computerName="runnervmg397c" duration="00:00:00.0000167" startTime="2026-05-24T14:30:22.3809830+00:00" endTime="2026-05-24T14:30:22.3810268+00:00" testType="13cdc9d9-ddb5-4fa4-a97d-d965ccfc6d4b" outcome="Passed" testListId="8c84fa94-04c1-424b-9868-57a2d4851a1d" relativeResultsDirectory="4038735e-aef4-4eb2-a8b6-d3f3e7cd8acf" />
    <UnitTestResult executionId="4b28cba6-3651-4c0a-8602-fde8af984979" testId="ff7d8ea7-7dc8-232a-dee2-849855ae99d1" testName="PdfBox.Net.Tests.ContentStreamEngineTest.ProcessStream_OperandsArePassedToProcessor" computerName="runnervmg397c" duration="00:00:00.0027108" startTime="2026-05-24T14:30:21.7975972+00:00" endTime="2026-05-24T14:30:21.8003343+00:00" testType="13cdc9d9-ddb5-4fa4-a97d-d965ccfc6d4b" outcome="Passed" testListId="8c84fa94-04c1-424b-9868-57a2d4851a1d" relativeResultsDirectory="4b28cba6-3651-4c0a-8602-fde8af984979" />
    <UnitTestResult executionId="fc61d449-a720-414d-8288-bfc54b012703" testId="da941294-b75e-4084-4caf-49fe57fb0751" testName="PdfBox.Net.Tests.RandomAccessReadViewTest.TestPositionPeek" computerName="runnervmg397c" duration="00:00:00.0005137" startTime="2026-05-24T14:30:22.3188581+00:00" endTime="2026-05-24T14:30:22.3193988+00:00" testType="13cdc9d9-ddb5-4fa4-a97d-d965ccfc6d4b" outcome="Passed" testListId="8c84fa94-04c1-424b-9868-57a2d4851a1d" relativeResultsDirectory="fc61d449-a720-414d-8288-bfc54b012703" />
    <UnitTestResult executionId="f555e966-d71b-4252-aba3-1ced97dbbdd6" testId="423340f7-18d9-6d0e-626e-54833cb204e2" testName="PdfBox.Net.Tests.GlyphListTest.ToUnicode_CommonGlyphNames_ReturnsExpectedCharacter(glyphName: &quot;semicolon&quot;, expected: &quot;;&quot;)" computerName="runnervmg397c" duration="00:00:00.0000241" startTime="2026-05-24T14:30:22.4469399+00:00" endTime="2026-05-24T14:30:22.4470007+00:00" testType="13cdc9d9-ddb5-4fa4-a97d-d965ccfc6d4b" outcome="Passed" testListId="8c84fa94-04c1-424b-9868-57a2d4851a1d" relativeResultsDirectory="f555e966-d71b-4252-aba3-1ced97dbbdd6" />
    <UnitTestResult executionId="13057af6-f7a3-478f-9a89-0fbbf22c4e84" testId="75eb7afe-04fb-8f32-e664-aca8fcac3507" testName="PdfBox.Net.Tests.ContentStreamEngineTest.SetFontAndSize_Tf_UpdatesFontSizeInTextState" computerName="runnervmg397c" duration="00:00:00.0002142" startTime="2026-05-24T14:30:21.8309405+00:00" endTime="2026-05-24T14:30:21.8314482+00:00" testType="13cdc9d9-ddb5-4fa4-a97d-d965ccfc6d4b" outcome="Passed" testListId="8c84fa94-04c1-424b-9868-57a2d4851a1d" relativeResultsDirectory="13057af6-f7a3-478f-9a89-0fbbf22c4e84" />
    <UnitTestResult executionId="5ac21225-6287-4858-b4e4-bb9b9c4759ef" testId="36a586fb-7c94-01f2-a76a-f6c446324662" testName="PdfBox.Net.Tests.ScratchFileTest.TestSeekAcrossPageBoundary" computerName="runnervmg397c" duration="00:00:00.0007242" startTime="2026-05-24T14:30:22.1955770+00:00" endTime="2026-05-24T14:30:22.1963269+00:00" testType="13cdc9d9-ddb5-4fa4-a97d-d965ccfc6d4b" outcome="Passed" testListId="8c84fa94-04c1-424b-9868-57a2d4851a1d" relativeResultsDirectory="5ac21225-6287-4858-b4e4-bb9b9c4759ef" />
    <UnitTestResult executionId="3725ebf4-0311-40a3-b655-b708429a97ed" testId="f72cc86a-b2f1-15a3-5724-2e22999954a1" testName="PdfBox.Net.Tests.GlyphListTest.ToUnicode_UNameConvention_ReturnsDecodedCharacter(glyphName: &quot;u1F600&quot;, expected: &quot;\ud83d\ude00&quot;)" computerName="runnervmg397c" duration="00:00:00.0000212" startTime="2026-05-24T14:30:22.4738151+00:00" endTime="2026-05-24T14:30:22.4738632+00:00" testType="13cdc9d9-ddb5-4fa4-a97d-d965ccfc6d4b" outcome="Passed" testListId="8c84fa94-04c1-424b-9868-57a2d4851a1d" relativeResultsDirectory="3725ebf4-0311-40a3-b655-b708429a97ed" />
    <UnitTestResult executionId="1097f20f-6d51-41ed-ae1b-00da10292c43" testId="fa2c45a2-dd24-eabb-81fb-10c81c7eb3a6" testName="PdfBox.Net.Tests.GsubPipelineTest.MapBackedScriptFeatureShouldMatchGlyphListsByValue" computerName="runnervmg397c" duration="00:00:00.0080839" startTime="2026-05-24T14:30:22.0228956+00:00" endTime="2026-05-24T14:30:22.0310134+00:00" testType="13cdc9d9-ddb5-4fa4-a97d-d965ccfc6d4b" outcome="Passed" testListId="8c84fa94-04c1-424b-9868-57a2d4851a1d" relativeResultsDirectory="1097f20f-6d51-41ed-ae1b-00da10292c43" />
    <UnitTestResult executionId="20b1ad12-4c34-4f2c-aa5d-962322b6395c" testId="ac77441a-0cd9-2ba9-ae34-15fa420187a8" testName="PdfBox.Net.Tests.AFMParserTest.TestParseComposites" computerName="runnervmg397c" duration="00:00:00.0009286" startTime="2026-05-24T14:30:21.6246532+00:00" endTime="2026-05-24T14:30:21.6256916+00:00" testType="13cdc9d9-ddb5-4fa4-a97d-d965ccfc6d4b" outcome="Passed" testListId="8c84fa94-04c1-424b-9868-57a2d4851a1d" relativeResultsDirectory="20b1ad12-4c34-4f2c-aa5d-962322b6395c" />
    <UnitTestResult executionId="cc40cc98-ecb3-4190-a8b0-a4d9cc925773" testId="27517e19-f805-761b-e48c-d678114ee831" testName="PdfBox.Net.Tests.GsubPipelineTest.TamilWorkerShouldAdjustRephPositionWithoutFeatures" computerName="runnervmg397c" duration="00:00:00.0069461" startTime="2026-05-24T14:30:22.0333377+00:00" endTime="2026-05-24T14:30:22.0403170+00:00" testType="13cdc9d9-ddb5-4fa4-a97d-d965ccfc6d4b" outcome="Passed" testListId="8c84fa94-04c1-424b-9868-57a2d4851a1d" relativeResultsDirectory="cc40cc98-ecb3-4190-a8b0-a4d9cc925773" />
    <UnitTestResult executionId="35960248-3bf5-4c9e-a9aa-f80328e2fa40" testId="3ca132ee-6b6c-7056-05b8-1058cee72382" testName="PdfBox.Net.Tests.RandomAccessStreamCacheTest.TestMultipleBuffers" computerName="runnervmg397c" duration="00:00:00.0002319" startTime="2026-05-24T14:30:22.3123015+00:00" endTime="2026-05-24T14:30:22.3125627+00:00" testType="13cdc9d9-ddb5-4fa4-a97d-d965ccfc6d4b" outcome="Passed" testListId="8c84fa94-04c1-424b-9868-57a2d4851a1d" relativeResultsDirectory="35960248-3bf5-4c9e-a9aa-f80328e2fa40" />
    <UnitTestResult executionId="66f88f74-f732-4765-bf27-d043cec996b6" testId="05e3f553-c783-d6b8-c019-e9067617583a" testName="PdfBox.Net.Tests.GlyphListTest.ToUnicode_CommonGlyphNames_ReturnsExpectedCharacter(glyphName: &quot;z&quot;, expected: &quot;z&quot;)" computerName="runnervmg397c" duration="00:00:00.0000197" startTime="2026-05-24T14:30:22.4095851+00:00" endTime="2026-05-24T14:30:22.4096379+00:00" testType="13cdc9d9-ddb5-4fa4-a97d-d965ccfc6d4b" outcome="Passed" testListId="8c84fa94-04c1-424b-9868-57a2d4851a1d" relativeResultsDirectory="66f88f74-f732-4765-bf27-d043cec996b6" />
    <UnitTestResult executionId="8faf14a3-edd6-4fd6-a40a-75039d2e27c2" testId="47f01fb8-bd18-e17f-c277-cfc66cdf4f6c" testName="PdfBox.Net.Tests.RenderingTextTest.PDFMarkedContentExtractor_ProcessPage_CapturesMarkedContentText" computerName="runnervmg397c" duration="00:00:00.0502154" startTime="2026-05-24T14:30:21.7890180+00:00" endTime="2026-05-24T14:30:21.8392682+00:00" testType="13cdc9d9-ddb5-4fa4-a97d-d965ccfc6d4b" outcome="Passed" testListId="8c84fa94-04c1-424b-9868-57a2d4851a1d" relativeResultsDirectory="8faf14a3-edd6-4fd6-a40a-75039d2e27c2" />
    <UnitTestResult executionId="70989da0-6500-4fc0-9f80-4af1f50ed271" testId="557d6f80-1d9a-896c-f57e-e30367362d17" testName="PdfBox.Net.Tests.TestPDDocumentCatalog.PageLayoutRoundtrip" computerName="runnervmg397c" duration="00:00:00.0003924" startTime="2026-05-24T14:30:22.2565542+00:00" endTime="2026-05-24T14:30:22.2569803+00:00" testType="13cdc9d9-ddb5-4fa4-a97d-d965ccfc6d4b" outcome="Passed" testListId="8c84fa94-04c1-424b-9868-57a2d4851a1d" relativeResultsDirectory="70989da0-6500-4fc0-9f80-4af1f50ed271" />
    <UnitTestResult executionId="144e637c-3c16-43c8-9efd-c80b9dc55f7c" testId="7e852860-05f7-5bdf-88bd-2d00242e895e" testName="PdfBox.Net.Tests.RandomAccessReadBufferedFileTest.TestLength" computerName="runnervmg397c" duration="00:00:00.0192034" startTime="2026-05-24T14:30:22.0558551+00:00" endTime="2026-05-24T14:30:22.0750971+00:00" testType="13cdc9d9-ddb5-4fa4-a97d-d965ccfc6d4b" outcome="Passed" testListId="8c84fa94-04c1-424b-9868-57a2d4851a1d" relativeResultsDirectory="144e637c-3c16-43c8-9efd-c80b9dc55f7c" />
    <UnitTestResult executionId="7fd7b431-81f0-4ffe-aee3-534a55507bc7" testId="30301c76-9e13-bfee-9b14-85bf0fbf09bd" testName="PdfBox.Net.Tests.SequenceRandomAccessReadTest.TestBorderCases" computerName="runnervmg397c" duration="00:00:00.0005549" startTime="2026-05-24T14:30:22.4432797+00:00" endTime="2026-05-24T14:30:22.4438654+00:00" testType="13cdc9d9-ddb5-4fa4-a97d-d965ccfc6d4b" outcome="Passed" testListId="8c84fa94-04c1-424b-9868-57a2d4851a1d" relativeResultsDirectory="7fd7b431-81f0-4ffe-aee3-534a55507bc7" />
    <UnitTestResult executionId="6cd9073d-d6da-4043-92ef-c0f7c441cc02" testId="66b086dc-77c5-975b-f96c-313af0b19bd5" testName="PdfBox.Net.Tests.RenderingTextTest.PDFMarkedContentExtractor_GetMarkedContents_InitiallyEmpty" computerName="runnervmg397c" duration="00:00:00.0003671" startTime="2026-05-24T14:30:21.7784483+00:00" endTime="2026-05-24T14:30:21.7788731+00:00" testType="13cdc9d9-ddb5-4fa4-a97d-d965ccfc6d4b" outcome="Passed" testListId="8c84fa94-04c1-424b-9868-57a2d4851a1d" relativeResultsDirectory="6cd9073d-d6da-4043-92ef-c0f7c441cc02" />
    <UnitTestResult executionId="dc000951-0999-4f5f-83aa-cfee2444cc43" testId="d5220488-8485-a594-29ff-c6e0be23aaae" testName="PdfBox.Net.Tests.COSIncrementTest.TestIncrementCollectsUpdatedIndirectChildObject" computerName="runnervmg397c" duration="00:00:00.0156614" startTime="2026-05-24T14:30:21.6928862+00:00" endTime="2026-05-24T14:30:21.7085858+00:00" testType="13cdc9d9-ddb5-4fa4-a97d-d965ccfc6d4b" outcome="Passed" testListId="8c84fa94-04c1-424b-9868-57a2d4851a1d" relativeResultsDirectory="dc000951-0999-4f5f-83aa-cfee2444cc43" />
    <UnitTestResult executionId="e78f9fc7-a609-46d9-8bb8-690fed95b195" testId="482c989f-b379-01bf-74aa-cf360271d6d6" testName="PdfBox.Net.Tests.RenderingTextTest.PDFTextStripper_DefaultEndPage_IsMaxInt" computerName="runnervmg397c" duration="00:00:00.0001836" startTime="2026-05-24T14:30:21.9567881+00:00" endTime="2026-05-24T14:30:21.9570018+00:00" testType="13cdc9d9-ddb5-4fa4-a97d-d965ccfc6d4b" outcome="Passed" testListId="8c84fa94-04c1-424b-9868-57a2d4851a1d" relativeResultsDirectory="e78f9fc7-a609-46d9-8bb8-690fed95b195" />
    <UnitTestResult executionId="7a192f68-7db7-4c01-878f-50f5240882d7" testId="d3358faa-8b93-2950-2e0c-e28a36830aa1" testName="PdfBox.Net.Tests.ScratchFileTest.TestMemoryUsageSettingStreamCacheMainMemory" computerName="runnervmg397c" duration="00:00:00.0005125" startTime="2026-05-24T14:30:22.1882717+00:00" endTime="2026-05-24T14:30:22.1888232+00:00" testType="13cdc9d9-ddb5-4fa4-a97d-d965ccfc6d4b" outcome="Passed" testListId="8c84fa94-04c1-424b-9868-57a2d4851a1d" relativeResultsDirectory="7a192f68-7db7-4c01-878f-50f5240882d7" />
    <UnitTestResult executionId="f4d7a42f-5417-49d6-8502-3aa813f669d6" testId="99e6f341-58bc-bedb-1099-7fb24c0f9cb5" testName="PdfBox.Net.Tests.COSPortedFilesTest.TestDecodeOptionsSubsamplingConstructorSetsBothAxes" computerName="runnervmg397c" duration="00:00:00.0021847" startTime="2026-05-24T14:30:21.7632953+00:00" endTime="2026-05-24T14:30:21.7656337+00:00" testType="13cdc9d9-ddb5-4fa4-a97d-d965ccfc6d4b" outcome="Passed" testListId="8c84fa94-04c1-424b-9868-57a2d4851a1d" relativeResultsDirectory="f4d7a42f-5417-49d6-8502-3aa813f669d6" />
    <UnitTestResult executionId="34eccd1e-2295-401d-8cce-d89aa1613152" testId="197daa28-ffef-45ff-2e08-6df79205a6c3" testName="PdfBox.Net.Tests.ContentStreamEngineTest.SimpleContentStream_AllOperatorsDispatched" computerName="runnervmg397c" duration="00:00:00.0009869" startTime="2026-05-24T14:30:21.8260931+00:00" endTime="2026-05-24T14:30:21.8271055+00:00" testType="13cdc9d9-ddb5-4fa4-a97d-d965ccfc6d4b" outcome="Passed" testListId="8c84fa94-04c1-424b-9868-57a2d4851a1d" relativeResultsDirectory="34eccd1e-2295-401d-8cce-d89aa1613152" />
    <UnitTestResult executionId="3d370bd2-c5b5-4376-93af-1e58dc33a1df" testId="6e6facf4-51fe-eff8-cfdf-302909f65abb" testName="PdfBox.Net.Tests.OperatorProcessorsTest.MarkedContent_NestedBMCAndEMC_HooksCalledInOrder" computerName="runnervmg397c" duration="00:00:00.0004305" startTime="2026-05-24T14:30:22.2211942+00:00" endTime="2026-05-24T14:30:22.2216558+00:00" testType="13cdc9d9-ddb5-4fa4-a97d-d965ccfc6d4b" outcome="Passed" testListId="8c84fa94-04c1-424b-9868-57a2d4851a1d" relativeResultsDirectory="3d370bd2-c5b5-4376-93af-1e58dc33a1df" />
    <UnitTestResult executionId="d30f5db6-7227-4f21-b098-4106fa243cfb" testId="62a8e0ec-fd69-e416-c82f-3a9503811257" testName="PdfBox.Net.Tests.ScratchFileTest.TestMainMemoryOnlyLength" computerName="runnervmg397c" duration="00:00:00.0032775" startTime="2026-05-24T14:30:22.1399069+00:00" endTime="2026-05-24T14:30:22.1432144+00:00" testType="13cdc9d9-ddb5-4fa4-a97d-d965ccfc6d4b" outcome="Passed" testListId="8c84fa94-04c1-424b-9868-57a2d4851a1d" relativeResultsDirectory="d30f5db6-7227-4f21-b098-4106fa243cfb" />
    <UnitTestResult executionId="d9edd0a3-8269-43e1-a4cf-000aad570642" testId="763bb57c-cc9d-7a45-d844-bc0d8c6cd549" testName="PdfBox.Net.Tests.OperatorProcessorsTest.ShowText_Tj_TooFewOperands_DoesNotThrow" computerName="runnervmg397c" duration="00:00:00.0053850" startTime="2026-05-24T14:30:22.2010549+00:00" endTime="2026-05-24T14:30:22.2064692+00:00" testType="13cdc9d9-ddb5-4fa4-a97d-d965ccfc6d4b" outcome="Passed" testListId="8c84fa94-04c1-424b-9868-57a2d4851a1d" relativeResultsDirectory="d9edd0a3-8269-43e1-a4cf-000aad570642" />
    <UnitTestResult executionId="04c60913-07da-46f5-ae63-7a5ec4b485ac" testId="bc865d14-21a3-0800-bfc8-62db95e6b849" testName="PdfBox.Net.Tests.COSIncrementTest.TestUpdateStateStartsTrackingAfterDocumentParsingCompletes" computerName="runnervmg397c" duration="00:00:00.0002619" startTime="2026-05-24T14:30:21.7125758+00:00" endTime="2026-05-24T14:30:21.7128639+00:00" testType="13cdc9d9-ddb5-4fa4-a97d-d965ccfc6d4b" outcome="Passed" testListId="8c84fa94-04c1-424b-9868-57a2d4851a1d" relativeResultsDirectory="04c60913-07da-46f5-ae63-7a5ec4b485ac" />
    <UnitTestResult executionId="2337d446-a27a-451a-9dcd-d82a0c3f88ea" testId="5069004e-b6e7-f47b-e7a4-5ff2ce3cfa58" testName="PdfBox.Net.Tests.RenderingTextTest.PDFMarkedContentExtractor_SetSuppressDuplicate_RoundTrips" computerName="runnervmg397c" duration="00:00:00.0011424" startTime="2026-05-24T14:30:21.7755774+00:00" endTime="2026-05-24T14:30:21.7767514+00:00" testType="13cdc9d9-ddb5-4fa4-a97d-d965ccfc6d4b" outcome="Passed" testListId="8c84fa94-04c1-424b-9868-57a2d4851a1d" relativeResultsDirectory="2337d446-a27a-451a-9dcd-d82a0c3f88ea" />
    <UnitTestResult executionId="ad4330c1-c35d-4167-81d2-ab365b47eb2c" testId="eea6d530-bd5e-d54d-f8ca-157756c1accc" testName="PdfBox.Net.Tests.RandomAccessReadBufferTest.TestPositionUnreadBytes" computerName="runnervmg397c" duration="00:00:00.0004931" startTime="2026-05-24T14:30:21.6970527+00:00" endTime="2026-05-24T14:30:21.6975823+00:00" testType="13cdc9d9-ddb5-4fa4-a97d-d965ccfc6d4b" outcome="Passed" testListId="8c84fa94-04c1-424b-9868-57a2d4851a1d" relativeResultsDirectory="ad4330c1-c35d-4167-81d2-ab365b47eb2c" />
    <UnitTestResult executionId="960c3f0d-c615-428e-82a0-63339386878d" testId="99f7bfba-7468-eaf8-20fb-52bc7e70e475" testName="PdfBox.Net.Tests.RenderingTextTest.ImageType_ToPixelFormat_MatchesJavaBufferedImageConstants" computerName="runnervmg397c" duration="00:00:00.0003589" startTime="2026-05-24T14:30:21.9560269+00:00" endTime="2026-05-24T14:30:21.9564124+00:00" testType="13cdc9d9-ddb5-4fa4-a97d-d965ccfc6d4b" outcome="Passed" testListId="8c84fa94-04c1-424b-9868-57a2d4851a1d" relativeResultsDirectory="960c3f0d-c615-428e-82a0-63339386878d" />
    <UnitTestResult executionId="282445cc-116b-41f5-888a-cb5cbad922d7" testId="32d32cdd-9e4a-1bd3-de6e-3e3202bd8cd9" testName="PdfBox.Net.Tests.TestPDDocumentInformation.TrappedValidValues" computerName="runnervmg397c" duration="00:00:00.0023070" startTime="2026-05-24T14:30:22.2781074+00:00" endTime="2026-05-24T14:30:22.2804443+00:00" testType="13cdc9d9-ddb5-4fa4-a97d-d965ccfc6d4b" outcome="Passed" testListId="8c84fa94-04c1-424b-9868-57a2d4851a1d" relativeResultsDirectory="282445cc-116b-41f5-888a-cb5cbad922d7" />
    <UnitTestResult executionId="d75f752b-f357-4269-b6c9-401eeadc263e" testId="ab42ed6e-e126-d8c6-8e36-f92718d07ae4" testName="PdfBox.Net.Tests.RenderingTextTest.Matrix_GetTranslateInstance_SetsTranslation" computerName="runnervmg397c" duration="00:00:00.0002547" startTime="2026-05-24T14:30:21.8629141+00:00" endTime="2026-05-24T14:30:21.8631990+00:00" testType="13cdc9d9-ddb5-4fa4-a97d-d965ccfc6d4b" outcome="Passed" testListId="8c84fa94-04c1-424b-9868-57a2d4851a1d" relativeResultsDirectory="d75f752b-f357-4269-b6c9-401eeadc263e" />
    <UnitTestResult executionId="015bf2ab-d83e-498e-b375-d8db288841a5" testId="656d772a-bb5b-630e-0cf3-28ea27609d25" testName="PdfBox.Net.Tests.CharStringParserTest.CFFExpertEncoding_Code32_IsSpace" computerName="runnervmg397c" duration="00:00:00.0001140" startTime="2026-05-24T14:30:22.4127846+00:00" endTime="2026-05-24T14:30:22.4129282+00:00" testType="13cdc9d9-ddb5-4fa4-a97d-d965ccfc6d4b" outcome="Passed" testListId="8c84fa94-04c1-424b-9868-57a2d4851a1d" relativeResultsDirectory="015bf2ab-d83e-498e-b375-d8db288841a5" />
    <UnitTestResult executionId="8308dc4e-efca-4a24-8ec1-60edf1d59e89" testId="c95802f3-609c-0352-5075-712b5a86576c" testName="PdfBox.Net.Tests.COSPrimitivesTest.TestCOSNullBehavior" computerName="runnervmg397c" duration="00:00:00.0003853" startTime="2026-05-24T14:30:21.8392849+00:00" endTime="2026-05-24T14:30:21.8396958+00:00" testType="13cdc9d9-ddb5-4fa4-a97d-d965ccfc6d4b" outcome="Passed" testListId="8c84fa94-04c1-424b-9868-57a2d4851a1d" relativeResultsDirectory="8308dc4e-efca-4a24-8ec1-60edf1d59e89" />
    <UnitTestResult executionId="fc12ea16-ec78-4b06-9122-898a38b9d932" testId="85fe4d1b-b7db-1197-ba4c-2db7133fd22b" testName="PdfBox.Net.Tests.RandomAccessReadMemoryMappedFileTest.TestView" computerName="runnervmg397c" duration="00:00:00.0009353" startTime="2026-05-24T14:30:21.8558364+00:00" endTime="2026-05-24T14:30:21.8568027+00:00" testType="13cdc9d9-ddb5-4fa4-a97d-d965ccfc6d4b" outcome="Passed" testListId="8c84fa94-04c1-424b-9868-57a2d4851a1d" relativeResultsDirectory="fc12ea16-ec78-4b06-9122-898a38b9d932" />
    <UnitTestResult executionId="1fd2473c-986c-48c9-8147-fb6bc6c0eaf1" testId="a6f3dbef-2d42-5e0a-4e91-0cfca83985d2" testName="PdfBox.Net.Tests.RandomAccessReadViewTest.TestPositionRead" computerName="runnervmg397c" duration="00:00:00.0005599" startTime="2026-05-24T14:30:22.3211032+00:00" endTime="2026-05-24T14:30:22.3216920+00:00" testType="13cdc9d9-ddb5-4fa4-a97d-d965ccfc6d4b" outcome="Passed" testListId="8c84fa94-04c1-424b-9868-57a2d4851a1d" relativeResultsDirectory="1fd2473c-986c-48c9-8147-fb6bc6c0eaf1" />
    <UnitTestResult executionId="0b1d2d1f-caad-48ae-8fd2-a35022aa6042" testId="58f4551e-d79d-59c7-122a-b9603e3f92fe" testName="PdfBox.Net.Tests.XReferenceEntryTest.EntriesSortByReferencedKey" computerName="runnervmg397c" duration="00:00:00.0057812" startTime="2026-05-24T14:30:22.2886182+00:00" endTime="2026-05-24T14:30:22.2944309+00:00" testType="13cdc9d9-ddb5-4fa4-a97d-d965ccfc6d4b" outcome="Passed" testListId="8c84fa94-04c1-424b-9868-57a2d4851a1d" relativeResultsDirectory="0b1d2d1f-caad-48ae-8fd2-a35022aa6042" />
    <UnitTestResult executionId="9886367c-297a-4b9d-aba5-7e44b6c8e577" testId="4d22299b-015a-e0b3-3446-3854b81ebd83" testName="PdfBox.Net.Tests.ContentStreamEngineTest.SetTextRenderingMode_Tr_UpdatesRenderingMode" computerName="runnervmg397c" duration="00:00:00.0004166" startTime="2026-05-24T14:30:21.8095182+00:00" endTime="2026-05-24T14:30:21.8099618+00:00" testType="13cdc9d9-ddb5-4fa4-a97d-d965ccfc6d4b" outcome="Passed" testListId="8c84fa94-04c1-424b-9868-57a2d4851a1d" relativeResultsDirectory="9886367c-297a-4b9d-aba5-7e44b6c8e577" />
    <UnitTestResult executionId="2e094b09-87e1-42b4-831d-fef6c64add2e" testId="08cee831-4910-7ef2-8724-ab97fc676864" testName="PdfBox.Net.Tests.RandomAccessReadWriteBufferTest.TestBufferLength" computerName="runnervmg397c" duration="00:00:00.0031443" startTime="2026-05-24T14:30:22.3319024+00:00" endTime="2026-05-24T14:30:22.3350806+00:00" testType="13cdc9d9-ddb5-4fa4-a97d-d965ccfc6d4b" outcome="Passed" testListId="8c84fa94-04c1-424b-9868-57a2d4851a1d" relativeResultsDirectory="2e094b09-87e1-42b4-831d-fef6c64add2e" />
    <UnitTestResult executionId="8750cb7b-d0d8-4051-af73-bb39f2164a18" testId="e7fd3ce5-8a37-cf93-d8a5-ab0ace958d42" testName="PdfBox.Net.Tests.RandomAccessReadWriteBufferTest.TestEOFBugInSeek" computerName="runnervmg397c" duration="00:00:00.0002421" startTime="2026-05-24T14:30:22.3387708+00:00" endTime="2026-05-24T14:30:22.3390417+00:00" testType="13cdc9d9-ddb5-4fa4-a97d-d965ccfc6d4b" outcome="Passed" testListId="8c84fa94-04c1-424b-9868-57a2d4851a1d" relativeResultsDirectory="8750cb7b-d0d8-4051-af73-bb39f2164a18" />
    <UnitTestResult executionId="d4200544-82ac-44e9-b337-4bf57a8ced31" testId="2fa547d6-a62e-12d7-97d4-fe33dd17a822" testName="PdfBox.Net.Tests.CharStringParserTest.CFFCharsetCID_AddCid_RoundTrips" computerName="runnervmg397c" duration="00:00:00.0001605" startTime="2026-05-24T14:30:22.4234498+00:00" endTime="2026-05-24T14:30:22.4236376+00:00" testType="13cdc9d9-ddb5-4fa4-a97d-d965ccfc6d4b" outcome="Passed" testListId="8c84fa94-04c1-424b-9868-57a2d4851a1d" relativeResultsDirectory="d4200544-82ac-44e9-b337-4bf57a8ced31" />
    <UnitTestResult executionId="f9c0697d-bfd5-457e-9d9a-8c364d674e7e" testId="258b90d6-f505-dfce-d776-fb615ff3d051" testName="PdfBox.Net.Tests.GlyphListTest.ToUnicode_CommonGlyphNames_ReturnsExpectedCharacter(glyphName: &quot;plus&quot;, expected: &quot;+&quot;)" computerName="runnervmg397c" duration="00:00:00.0000197" startTime="2026-05-24T14:30:22.4313679+00:00" endTime="2026-05-24T14:30:22.4314185+00:00" testType="13cdc9d9-ddb5-4fa4-a97d-d965ccfc6d4b" outcome="Passed" testListId="8c84fa94-04c1-424b-9868-57a2d4851a1d" relativeResultsDirectory="f9c0697d-bfd5-457e-9d9a-8c364d674e7e" />
    <UnitTestResult executionId="bef2f794-d448-4e31-9844-556b6dcd46f8" testId="8bd925fd-70fa-1427-dd53-43674efb0535" testName="PdfBox.Net.Tests.TestCOSString.TestGetString" computerName="runnervmg397c" duration="00:00:00.0006348" startTime="2026-05-24T14:30:21.6542838+00:00" endTime="2026-05-24T14:30:21.6549619+00:00" testType="13cdc9d9-ddb5-4fa4-a97d-d965ccfc6d4b" outcome="Passed" testListId="8c84fa94-04c1-424b-9868-57a2d4851a1d" relativeResultsDirectory="bef2f794-d448-4e31-9844-556b6dcd46f8" />
    <UnitTestResult executionId="b1eecc64-a690-42af-b20f-2835dedc7938" testId="bcf1e85e-378c-3c13-7447-c45827d34927" testName="PdfBox.Net.Tests.RandomAccessOutputStreamTest.TestWriteMethods" computerName="runnervmg397c" duration="00:00:00.0008437" startTime="2026-05-24T14:30:21.9627757+00:00" endTime="2026-05-24T14:30:21.9636671+00:00" testType="13cdc9d9-ddb5-4fa4-a97d-d965ccfc6d4b" outcome="Passed" testListId="8c84fa94-04c1-424b-9868-57a2d4851a1d" relativeResultsDirectory="b1eecc64-a690-42af-b20f-2835dedc7938" />
    <UnitTestResult executionId="3c77be3e-ecc5-4bbe-8477-1d30b0915112" testId="a24c1640-d113-3a1c-d36e-b8cbda747dee" testName="PdfBox.Net.Tests.RandomAccessReadMemoryMappedFileTest.TestFileInfoConstructor" computerName="runnervmg397c" duration="00:00:00.0027280" startTime="2026-05-24T14:30:21.8656203+00:00" endTime="2026-05-24T14:30:21.8683811+00:00" testType="13cdc9d9-ddb5-4fa4-a97d-d965ccfc6d4b" outcome="Passed" testListId="8c84fa94-04c1-424b-9868-57a2d4851a1d" relativeResultsDirectory="3c77be3e-ecc5-4bbe-8477-1d30b0915112" />
    <UnitTestResult executionId="726bbf9c-83de-43d7-af1f-b6b0493c274d" testId="5304d131-cd29-4f09-5b61-1073de3b23cd" testName="PdfBox.Net.Tests.OperatorProcessorsTest.ShowTextAdjusted_TJ_NonArrayOperand_DoesNotThrow" computerName="runnervmg397c" duration="00:00:00.0003443" startTime="2026-05-24T14:30:22.2104680+00:00" endTime="2026-05-24T14:30:22.2108479+00:00" testType="13cdc9d9-ddb5-4fa4-a97d-d965ccfc6d4b" outcome="Passed" testListId="8c84fa94-04c1-424b-9868-57a2d4851a1d" relativeResultsDirectory="726bbf9c-83de-43d7-af1f-b6b0493c274d" />
    <UnitTestResult executionId="3782a44a-4f4c-40a5-96a6-f1f5c8d4cf49" testId="c53df9e3-bb24-a7a2-36b4-4c22b5ca3ceb" testName="PdfBox.Net.Tests.PDModelStateTest.PDGraphicsState_DefaultCTM_IsIdentity" computerName="runnervmg397c" duration="00:00:00.0001850" startTime="2026-05-24T14:30:21.9956541+00:00" endTime="2026-05-24T14:30:21.9958681+00:00" testType="13cdc9d9-ddb5-4fa4-a97d-d965ccfc6d4b" outcome="Passed" testListId="8c84fa94-04c1-424b-9868-57a2d4851a1d" relativeResultsDirectory="3782a44a-4f4c-40a5-96a6-f1f5c8d4cf49" />
    <UnitTestResult executionId="4337cf49-6a4a-4a32-9bab-6310774e108d" testId="35536386-9f43-091b-798a-962fea9abba2" testName="PdfBox.Net.Tests.ContentStreamEngineTest.MoveTextSetLeading_TD_SetsLeadingAndTranslates" computerName="runnervmg397c" duration="00:00:00.0005791" startTime="2026-05-24T14:30:21.8121264+00:00" endTime="2026-05-24T14:30:21.8128417+00:00" testType="13cdc9d9-ddb5-4fa4-a97d-d965ccfc6d4b" outcome="Passed" testListId="8c84fa94-04c1-424b-9868-57a2d4851a1d" relativeResultsDirectory="4337cf49-6a4a-4a32-9bab-6310774e108d" />
    <UnitTestResult executionId="d916fd14-baaa-4138-ae5a-3925da46d9a5" testId="7f744422-ae2f-dd44-314f-ba62a2548797" testName="PdfBox.Net.Tests.XrefTrailerResolverTest.MissingStartxrefFallsBackToSortedMerge" computerName="runnervmg397c" duration="00:00:00.0081932" startTime="2026-05-24T14:30:22.2870400+00:00" endTime="2026-05-24T14:30:22.3003205+00:00" testType="13cdc9d9-ddb5-4fa4-a97d-d965ccfc6d4b" outcome="Passed" testListId="8c84fa94-04c1-424b-9868-57a2d4851a1d" relativeResultsDirectory="d916fd14-baaa-4138-ae5a-3925da46d9a5" />
    <UnitTestResult executionId="6501dded-6b6d-4fe4-af01-c786d0436dc0" testId="6b3419f1-1e37-6b59-4bb6-5ba538f8ccf7" testName="PdfBox.Net.Tests.RandomAccessReadBufferedFileTest.TestPositionPeek" computerName="runnervmg397c" duration="00:00:00.0032858" startTime="2026-05-24T14:30:22.0754673+00:00" endTime="2026-05-24T14:30:22.0787865+00:00" testType="13cdc9d9-ddb5-4fa4-a97d-d965ccfc6d4b" outcome="Passed" testListId="8c84fa94-04c1-424b-9868-57a2d4851a1d" relativeResultsDirectory="6501dded-6b6d-4fe4-af01-c786d0436dc0" />
    <UnitTestResult executionId="eeb19f47-9b9a-4458-be1a-6e03f807504a" testId="c206fbae-ed9d-442a-44f4-c8de1cf7390a" testName="PdfBox.Net.Tests.BoundingBoxTest.TestConstructorsAndGeometry" computerName="runnervmg397c" duration="00:00:00.0035939" startTime="2026-05-24T14:30:22.2141180+00:00" endTime="2026-05-24T14:30:22.2177510+00:00" testType="13cdc9d9-ddb5-4fa4-a97d-d965ccfc6d4b" outcome="Passed" testListId="8c84fa94-04c1-424b-9868-57a2d4851a1d" relativeResultsDirectory="eeb19f47-9b9a-4458-be1a-6e03f807504a" />
    <UnitTestResult executionId="9a3529ba-8012-46ac-9160-bae520fc735c" testId="ca140523-0c50-33b0-f596-a130272b5976" testName="PdfBox.Net.Tests.GlyphListTest.ToUnicode_NullInput_ReturnsNull" computerName="runnervmg397c" duration="00:00:00.0001091" startTime="2026-05-24T14:30:22.4748297+00:00" endTime="2026-05-24T14:30:22.4749685+00:00" testType="13cdc9d9-ddb5-4fa4-a97d-d965ccfc6d4b" outcome="Passed" testListId="8c84fa94-04c1-424b-9868-57a2d4851a1d" relativeResultsDirectory="9a3529ba-8012-46ac-9160-bae520fc735c" />
    <UnitTestResult executionId="1a5bed97-db4d-4005-b9ec-8d009e954e4e" testId="ebefd96b-e880-6c97-aafb-24522b0d02c5" testName="PdfBox.Net.Tests.IOUtilsTest.TestCreateProtectedTempDirAndFile" computerName="runnervmg397c" duration="00:00:00.0055293" startTime="2026-05-24T14:30:21.6064448+00:00" endTime="2026-05-24T14:30:21.6120064+00:00" testType="13cdc9d9-ddb5-4fa4-a97d-d965ccfc6d4b" outcome="Passed" testListId="8c84fa94-04c1-424b-9868-57a2d4851a1d" relativeResultsDirectory="1a5bed97-db4d-4005-b9ec-8d009e954e4e" />
    <UnitTestResult executionId="3aae1299-a73e-4be0-a3b8-f9912cb92dda" testId="4463bcec-c446-d2a7-e635-e1e3e2ac45c3" testName="PdfBox.Net.Tests.CharStringParserTest.EmbeddedCharset_Type1_DelegatesCorrectly" computerName="runnervmg397c" duration="00:00:00.0005428" startTime="2026-05-24T14:30:22.3718154+00:00" endTime="2026-05-24T14:30:22.3723889+00:00" testType="13cdc9d9-ddb5-4fa4-a97d-d965ccfc6d4b" outcome="Passed" testListId="8c84fa94-04c1-424b-9868-57a2d4851a1d" relativeResultsDirectory="3aae1299-a73e-4be0-a3b8-f9912cb92dda" />
    <UnitTestResult executionId="d22c0739-b4de-4b52-aa81-fcb587d496ed" testId="4aaef130-2806-60cf-98b4-64f1f002ff0e" testName="PdfBox.Net.Tests.TestPDPage.SetAndGetMediaBox" computerName="runnervmg397c" duration="00:00:00.0002629" startTime="2026-05-24T14:30:21.5505165+00:00" endTime="2026-05-24T14:30:21.5508058+00:00" testType="13cdc9d9-ddb5-4fa4-a97d-d965ccfc6d4b" outcome="Passed" testListId="8c84fa94-04c1-424b-9868-57a2d4851a1d" relativeResultsDirectory="d22c0739-b4de-4b52-aa81-fcb587d496ed" />
    <UnitTestResult executionId="f19d2854-304e-48c1-9c00-39feb79d6ea8" testId="3a713034-c0da-5559-f2a0-6d3730b33141" testName="PdfBox.Net.Tests.GlyphListTest.ToUnicode_CommonGlyphNames_ReturnsExpectedCharacter(glyphName: &quot;A&quot;, expected: &quot;A&quot;)" computerName="runnervmg397c" duration="00:00:00.0000185" startTime="2026-05-24T14:30:22.4480931+00:00" endTime="2026-05-24T14:30:22.4481679+00:00" testType="13cdc9d9-ddb5-4fa4-a97d-d965ccfc6d4b" outcome="Passed" testListId="8c84fa94-04c1-424b-9868-57a2d4851a1d" relativeResultsDirectory="f19d2854-304e-48c1-9c00-39feb79d6ea8" />
    <UnitTestResult executionId="c41ebe84-f214-49c9-bcee-ff2d2dced9cf" testId="45ed94bf-b7c2-2fa0-4dfd-0f4656cb99dd" testName="PdfBox.Net.Tests.GlyphListTest.ToUnicode_AccentedAndSpecialGlyphs_ReturnsExpectedCharacter(glyphName: &quot;AE&quot;, expected: &quot;Æ&quot;)" computerName="runnervmg397c" duration="00:00:00.0000165" startTime="2026-05-24T14:30:22.3737994+00:00" endTime="2026-05-24T14:30:22.3738426+00:00" testType="13cdc9d9-ddb5-4fa4-a97d-d965ccfc6d4b" outcome="Passed" testListId="8c84fa94-04c1-424b-9868-57a2d4851a1d" relativeResultsDirectory="c41ebe84-f214-49c9-bcee-ff2d2dced9cf" />
    <UnitTestResult executionId="40cb0046-12f5-47b6-8344-a999999434a5" testId="d281c475-e15e-3e20-e3d6-b22e8cbc3403" testName="PdfBox.Net.Tests.OperatorProcessorsTest.SetFontAndSize_Tf_TooFewOperands_DoesNotThrow" computerName="runnervmg397c" duration="00:00:00.0003719" startTime="2026-05-24T14:30:22.1469342+00:00" endTime="2026-05-24T14:30:22.1473447+00:00" testType="13cdc9d9-ddb5-4fa4-a97d-d965ccfc6d4b" outcome="Passed" testListId="8c84fa94-04c1-424b-9868-57a2d4851a1d" relativeResultsDirectory="40cb0046-12f5-47b6-8344-a999999434a5" />
    <UnitTestResult executionId="3d02b1a3-f5c3-4a22-b540-c61f5fbff7ea" testId="ae69a198-52e9-14e5-b947-a916de43c8d4" testName="PdfBox.Net.Tests.RandomAccessInputStreamTest.TestIndependentPosition" computerName="runnervmg397c" duration="00:00:00.0002188" startTime="2026-05-24T14:30:21.9864414+00:00" endTime="2026-05-24T14:30:21.9866875+00:00" testType="13cdc9d9-ddb5-4fa4-a97d-d965ccfc6d4b" outcome="Passed" testListId="8c84fa94-04c1-424b-9868-57a2d4851a1d" relativeResultsDirectory="3d02b1a3-f5c3-4a22-b540-c61f5fbff7ea" />
    <UnitTestResult executionId="3b936b9d-a92b-48ec-a2e2-967df832e750" testId="d401750b-9a2a-65cb-a3b2-49820396b5a7" testName="PdfBox.Net.Tests.OperatorProcessorsTest.Concatenate_cm_TooFewOperands_DoesNotThrow" computerName="runnervmg397c" duration="00:00:00.0031859" startTime="2026-05-24T14:30:22.2168973+00:00" endTime="2026-05-24T14:30:22.2201082+00:00" testType="13cdc9d9-ddb5-4fa4-a97d-d965ccfc6d4b" outcome="Passed" testListId="8c84fa94-04c1-424b-9868-57a2d4851a1d" relativeResultsDirectory="3b936b9d-a92b-48ec-a2e2-967df832e750" />
    <UnitTestResult executionId="29e0074c-bc90-40ba-84db-4ffa036d8da9" testId="7f1e29c1-325d-a7f1-7e19-baf81f58287c" testName="PdfBox.Net.Tests.TestPDPage.SetAndGetRotation" computerName="runnervmg397c" duration="00:00:00.0002325" startTime="2026-05-24T14:30:21.5531249+00:00" endTime="2026-05-24T14:30:21.5534176+00:00" testType="13cdc9d9-ddb5-4fa4-a97d-d965ccfc6d4b" outcome="Passed" testListId="8c84fa94-04c1-424b-9868-57a2d4851a1d" relativeResultsDirectory="29e0074c-bc90-40ba-84db-4ffa036d8da9" />
    <UnitTestResult executionId="9e1485dc-16e6-4d22-b9b0-aabdc97e0b27" testId="4d067220-dbd5-ee54-5e45-e42757745236" testName="PdfBox.Net.Tests.COSContainersTest.TestCOSArrayAndDictionaryAccessPatterns" computerName="runnervmg397c" duration="00:00:00.0010811" startTime="2026-05-24T14:30:22.4309556+00:00" endTime="2026-05-24T14:30:22.4321710+00:00" testType="13cdc9d9-ddb5-4fa4-a97d-d965ccfc6d4b" outcome="Passed" testListId="8c84fa94-04c1-424b-9868-57a2d4851a1d" relativeResultsDirectory="9e1485dc-16e6-4d22-b9b0-aabdc97e0b27" />
    <UnitTestResult executionId="3613d1ad-140c-4d32-a8d8-6c43231c9a3e" testId="22c8482e-4414-1d6f-c650-1b6a18a5a6db" testName="PdfBox.Net.Tests.ContentStreamEngineTest.BeginText_ResetsTextMatrixToIdentity" computerName="runnervmg397c" duration="00:00:00.0003007" startTime="2026-05-24T14:30:21.8225265+00:00" endTime="2026-05-24T14:30:21.8228577+00:00" testType="13cdc9d9-ddb5-4fa4-a97d-d965ccfc6d4b" outcome="Passed" testListId="8c84fa94-04c1-424b-9868-57a2d4851a1d" relativeResultsDirectory="3613d1ad-140c-4d32-a8d8-6c43231c9a3e" />
    <UnitTestResult executionId="42608640-779f-459c-b1c1-57cf994de337" testId="6da87d70-ac80-11fa-3608-c6f0cb20dc8a" testName="PdfBox.Net.Tests.RandomAccessReadWriteBufferTest.TestBufferEOF" computerName="runnervmg397c" duration="00:00:00.0002327" startTime="2026-05-24T14:30:22.3361093+00:00" endTime="2026-05-24T14:30:22.3363698+00:00" testType="13cdc9d9-ddb5-4fa4-a97d-d965ccfc6d4b" outcome="Passed" testListId="8c84fa94-04c1-424b-9868-57a2d4851a1d" relativeResultsDirectory="42608640-779f-459c-b1c1-57cf994de337" />
    <UnitTestResult executionId="12a96b4e-0393-4ab0-82bb-bdb23ee8ff5c" testId="10726b75-656d-b832-3c09-376d583ada8f" testName="PdfBox.Net.Tests.OperatorProcessorsTest.MarkedContentPointWithProperties_DP_CallsPointHookWithTag" computerName="runnervmg397c" duration="00:00:00.0004906" startTime="2026-05-24T14:30:22.2112164+00:00" endTime="2026-05-24T14:30:22.2117345+00:00" testType="13cdc9d9-ddb5-4fa4-a97d-d965ccfc6d4b" outcome="Passed" testListId="8c84fa94-04c1-424b-9868-57a2d4851a1d" relativeResultsDirectory="12a96b4e-0393-4ab0-82bb-bdb23ee8ff5c" />
    <UnitTestResult executionId="0528eb4f-c0a7-4207-9a56-639eb2a4d58f" testId="59f3fa30-8a81-2a91-cdc3-22a6515bfc41" testName="PdfBox.Net.Tests.GlyphListTest.ToUnicode_CommonGlyphNames_ReturnsExpectedCharacter(glyphName: &quot;a&quot;, expected: &quot;a&quot;)" computerName="runnervmg397c" duration="00:00:00.0000195" startTime="2026-05-24T14:30:22.4436470+00:00" endTime="2026-05-24T14:30:22.4436983+00:00" testType="13cdc9d9-ddb5-4fa4-a97d-d965ccfc6d4b" outcome="Passed" testListId="8c84fa94-04c1-424b-9868-57a2d4851a1d" relativeResultsDirectory="0528eb4f-c0a7-4207-9a56-639eb2a4d58f" />
    <UnitTestResult executionId="d30dbe38-15f6-478a-a931-d4b9affb88de" testId="30224647-dc32-11f1-befe-a343568bfd1e" testName="PdfBox.Net.Tests.ScratchFileTest.TestCreateViewThrows" computerName="runnervmg397c" duration="00:00:00.0062470" startTime="2026-05-24T14:30:22.1709734+00:00" endTime="2026-05-24T14:30:22.1772482+00:00" testType="13cdc9d9-ddb5-4fa4-a97d-d965ccfc6d4b" outcome="Passed" testListId="8c84fa94-04c1-424b-9868-57a2d4851a1d" relativeResultsDirectory="d30dbe38-15f6-478a-a931-d4b9affb88de" />
    <UnitTestResult executionId="1b9c49e1-1712-4d40-817a-8925ec544c52" testId="b4b001fd-6fb2-a55b-8f96-21f0f8134c3d" testName="PdfBox.Net.Tests.GlyphListTest.DefaultConstructor_EmptyList_ReturnsNullForAnyGlyph" computerName="runnervmg397c" duration="00:00:00.0002877" startTime="2026-05-24T14:30:22.4770403+00:00" endTime="2026-05-24T14:30:22.4773595+00:00" testType="13cdc9d9-ddb5-4fa4-a97d-d965ccfc6d4b" outcome="Passed" testListId="8c84fa94-04c1-424b-9868-57a2d4851a1d" relativeResultsDirectory="1b9c49e1-1712-4d40-817a-8925ec544c52" />
    <UnitTestResult executionId="12586e8b-4140-4927-9549-4e7232ca1002" testId="6db1acf3-3e47-7d71-e337-2673833b8ae3" testName="PdfBox.Net.Tests.PfbAndType1FontTest.TestNegativeRecordSize" computerName="runnervmg397c" duration="00:00:00.0037895" startTime="2026-05-24T14:30:21.7103974+00:00" endTime="2026-05-24T14:30:21.7142194+00:00" testType="13cdc9d9-ddb5-4fa4-a97d-d965ccfc6d4b" outcome="Passed" testListId="8c84fa94-04c1-424b-9868-57a2d4851a1d" relativeResultsDirectory="12586e8b-4140-4927-9549-4e7232ca1002" />
    <UnitTestResult executionId="8cc1f5cb-5cba-48d2-b081-7b76f0325b52" testId="173450da-a512-da17-e74c-c5836449fe49" testName="PdfBox.Net.Tests.OperatorProcessorsTest.MoveTextSetLeading_TD_TooFewOperands_DoesNotThrow" computerName="runnervmg397c" duration="00:00:00.0021050" startTime="2026-05-24T14:30:22.1511258+00:00" endTime="2026-05-24T14:30:22.1532605+00:00" testType="13cdc9d9-ddb5-4fa4-a97d-d965ccfc6d4b" outcome="Passed" testListId="8c84fa94-04c1-424b-9868-57a2d4851a1d" relativeResultsDirectory="8cc1f5cb-5cba-48d2-b081-7b76f0325b52" />
    <UnitTestResult executionId="f0e12fd2-fbf1-442f-85fb-798bc8eeda1a" testId="5949d355-4446-7989-eb54-70b454657bc4" testName="PdfBox.Net.Tests.ScratchFileTest.TestTempFileModeCreateBuffer" computerName="runnervmg397c" duration="00:00:00.0038569" startTime="2026-05-24T14:30:22.1667662+00:00" endTime="2026-05-24T14:30:22.1706502+00:00" testType="13cdc9d9-ddb5-4fa4-a97d-d965ccfc6d4b" outcome="Passed" testListId="8c84fa94-04c1-424b-9868-57a2d4851a1d" relativeResultsDirectory="f0e12fd2-fbf1-442f-85fb-798bc8eeda1a" />
    <UnitTestResult executionId="5fec6d7d-1ccb-4f78-a9b8-d321b87e0342" testId="75527987-b4c0-54ac-156a-b982604ca0ef" testName="PdfBox.Net.Tests.COSIncrementTest.TestIncrementPromotesUpdatedDirectArrayToParentDictionary" computerName="runnervmg397c" duration="00:00:00.0006244" startTime="2026-05-24T14:30:21.7163891+00:00" endTime="2026-05-24T14:30:21.7170560+00:00" testType="13cdc9d9-ddb5-4fa4-a97d-d965ccfc6d4b" outcome="Passed" testListId="8c84fa94-04c1-424b-9868-57a2d4851a1d" relativeResultsDirectory="5fec6d7d-1ccb-4f78-a9b8-d321b87e0342" />
    <UnitTestResult executionId="5d95140b-a046-4aca-995e-c1e1c9b4d0c7" testId="771a933f-05b5-d90b-b74d-55fc35f49d99" testName="PdfBox.Net.Tests.TestPDPage.RotationNormalized" computerName="runnervmg397c" duration="00:00:00.0429745" startTime="2026-05-24T14:30:21.4664040+00:00" endTime="2026-05-24T14:30:21.5305704+00:00" testType="13cdc9d9-ddb5-4fa4-a97d-d965ccfc6d4b" outcome="Passed" testListId="8c84fa94-04c1-424b-9868-57a2d4851a1d" relativeResultsDirectory="5d95140b-a046-4aca-995e-c1e1c9b4d0c7" />
    <UnitTestResult executionId="615f4275-62c5-42b4-a8c4-49896a007b0c" testId="2f68d875-43ea-feee-8b5a-bc2737333f14" testName="PdfBox.Net.Tests.FontStubsReplacementTest.BoundingBox_SettersAndGetters_RoundTrip" computerName="runnervmg397c" duration="00:00:00.0003086" startTime="2026-05-24T14:30:22.0544524+00:00" endTime="2026-05-24T14:30:22.0547920+00:00" testType="13cdc9d9-ddb5-4fa4-a97d-d965ccfc6d4b" outcome="Passed" testListId="8c84fa94-04c1-424b-9868-57a2d4851a1d" relativeResultsDirectory="615f4275-62c5-42b4-a8c4-49896a007b0c" />
    <UnitTestResult executionId="0a4df5eb-a08f-41b1-b8ec-c13d5b33e2d2" testId="1af8d127-a76e-180a-6763-926599b434f8" testName="PdfBox.Net.Tests.RandomAccessInputStreamTest.TestPositionReadBytes" computerName="runnervmg397c" duration="00:00:00.0007735" startTime="2026-05-24T14:30:21.9837067+00:00" endTime="2026-05-24T14:30:21.9845128+00:00" testType="13cdc9d9-ddb5-4fa4-a97d-d965ccfc6d4b" outcome="Passed" testListId="8c84fa94-04c1-424b-9868-57a2d4851a1d" relativeResultsDirectory="0a4df5eb-a08f-41b1-b8ec-c13d5b33e2d2" />
    <UnitTestResult executionId="cdae0cff-b4a8-4d01-943b-31f53ac2ffda" testId="f6401687-d92f-e86b-6f4b-92212dca1d97" testName="PdfBox.Net.Tests.RandomAccessReadBufferTest.TestSeekEOF" computerName="runnervmg397c" duration="00:00:00.0023711" startTime="2026-05-24T14:30:21.7020490+00:00" endTime="2026-05-24T14:30:21.7044490+00:00" testType="13cdc9d9-ddb5-4fa4-a97d-d965ccfc6d4b" outcome="Passed" testListId="8c84fa94-04c1-424b-9868-57a2d4851a1d" relativeResultsDirectory="cdae0cff-b4a8-4d01-943b-31f53ac2ffda" />
    <UnitTestResult executionId="262b92eb-ee8b-4aaa-8aeb-b4644ea9b64b" testId="677519e3-407d-2047-3b52-2b26f00720cb" testName="PdfBox.Net.Tests.TestCOSArray.TestConvertString2COSStringAndBack" computerName="runnervmg397c" duration="00:00:00.0010740" startTime="2026-05-24T14:30:22.0814070+00:00" endTime="2026-05-24T14:30:22.0825104+00:00" testType="13cdc9d9-ddb5-4fa4-a97d-d965ccfc6d4b" outcome="Passed" testListId="8c84fa94-04c1-424b-9868-57a2d4851a1d" relativeResultsDirectory="262b92eb-ee8b-4aaa-8aeb-b4644ea9b64b" />
    <UnitTestResult executionId="f8ef35d5-78a3-4503-9052-1d7b3ea1755b" testId="9f782d4b-2f78-3607-7bf4-defe4ba11070" testName="PdfBox.Net.Tests.ScratchFileTest.TestMainMemoryOnlyGetPosition" computerName="runnervmg397c" duration="00:00:00.0145523" startTime="2026-05-24T14:30:22.1518730+00:00" endTime="2026-05-24T14:30:22.1664599+00:00" testType="13cdc9d9-ddb5-4fa4-a97d-d965ccfc6d4b" outcome="Passed" testListId="8c84fa94-04c1-424b-9868-57a2d4851a1d" relativeResultsDirectory="f8ef35d5-78a3-4503-9052-1d7b3ea1755b" />
    <UnitTestResult executionId="7e67a803-69ad-474b-b2f4-fc9935d351cf" testId="9a0dd610-591d-4539-14bb-6f47d655b40d" testName="PdfBox.Net.Tests.ContentStreamEngineTest.EndText_ResetsTextMatrixToIdentity" computerName="runnervmg397c" duration="00:00:00.0008428" startTime="2026-05-24T14:30:21.8051113+00:00" endTime="2026-05-24T14:30:21.8061006+00:00" testType="13cdc9d9-ddb5-4fa4-a97d-d965ccfc6d4b" outcome="Passed" testListId="8c84fa94-04c1-424b-9868-57a2d4851a1d" relativeResultsDirectory="7e67a803-69ad-474b-b2f4-fc9935d351cf" />
    <UnitTestResult executionId="85c52bf5-fd69-4b5e-9294-0d2fc4519793" testId="8d701cf7-be6c-0f13-7594-5d4de6ae8c8d" testName="PdfBox.Net.Tests.GlyphListTest.ToUnicode_UniNameConvention_ReturnsDecodedCharacter(glyphName: &quot;uni20AC&quot;, expected: &quot;€&quot;)" computerName="runnervmg397c" duration="00:00:00.0002439" startTime="2026-05-24T14:30:22.4606714+00:00" endTime="2026-05-24T14:30:22.4609457+00:00" testType="13cdc9d9-ddb5-4fa4-a97d-d965ccfc6d4b" outcome="Passed" testListId="8c84fa94-04c1-424b-9868-57a2d4851a1d" relativeResultsDirectory="85c52bf5-fd69-4b5e-9294-0d2fc4519793" />
    <UnitTestResult executionId="5893709f-7bf9-48ef-8c2e-b4f84d9362b0" testId="80926f15-079f-79d1-450f-0546c2103d6a" testName="PdfBox.Net.Tests.OperatorProcessorsTest.SetMatrix_Tm_TooFewOperands_DoesNotThrow" computerName="runnervmg397c" duration="00:00:00.0028647" startTime="2026-05-24T14:30:22.1655095+00:00" endTime="2026-05-24T14:30:22.1684070+00:00" testType="13cdc9d9-ddb5-4fa4-a97d-d965ccfc6d4b" outcome="Passed" testListId="8c84fa94-04c1-424b-9868-57a2d4851a1d" relativeResultsDirectory="5893709f-7bf9-48ef-8c2e-b4f84d9362b0" />
    <UnitTestResult executionId="66290ce9-13c9-4e74-b552-ff5eebebeeb9" testId="edf4e655-f6db-671f-defe-7a6b84d2a325" testName="PdfBox.Net.Tests.NonSeekableRandomAccessReadInputStreamTest.TestPositionUnreadBytes" computerName="runnervmg397c" duration="00:00:00.0004052" startTime="2026-05-24T14:30:21.6756410+00:00" endTime="2026-05-24T14:30:21.6760788+00:00" testType="13cdc9d9-ddb5-4fa4-a97d-d965ccfc6d4b" outcome="Passed" testListId="8c84fa94-04c1-424b-9868-57a2d4851a1d" relativeResultsDirectory="66290ce9-13c9-4e74-b552-ff5eebebeeb9" />
    <UnitTestResult executionId="c38ad291-fbb2-4b2f-8890-471cc397c761" testId="0fd06285-9c97-a631-6005-ea58ba6510e0" testName="PdfBox.Net.Tests.TestCOSString.TestFromHex" computerName="runnervmg397c" duration="00:00:00.0013090" startTime="2026-05-24T14:30:21.6393701+00:00" endTime="2026-05-24T14:30:21.6407305+00:00" testType="13cdc9d9-ddb5-4fa4-a97d-d965ccfc6d4b" outcome="Passed" testListId="8c84fa94-04c1-424b-9868-57a2d4851a1d" relativeResultsDirectory="c38ad291-fbb2-4b2f-8890-471cc397c761" />
    <UnitTestResult executionId="008b11c9-b991-426d-880e-ad85c1975585" testId="0e9ffa05-a319-5ae4-f90e-23a89fdbaf0f" testName="PdfBox.Net.Tests.TestPDPage.ArtBoxDefaultsToCropBox" computerName="runnervmg397c" duration="00:00:00.0013586" startTime="2026-05-24T14:30:21.5619184+00:00" endTime="2026-05-24T14:30:21.5633037+00:00" testType="13cdc9d9-ddb5-4fa4-a97d-d965ccfc6d4b" outcome="Passed" testListId="8c84fa94-04c1-424b-9868-57a2d4851a1d" relativeResultsDirectory="008b11c9-b991-426d-880e-ad85c1975585" />
    <UnitTestResult executionId="a66b992a-52d4-49a0-928f-e4d391232361" testId="7bccc228-19eb-e49d-0173-6fad82b54e60" testName="PdfBox.Net.Tests.AFMParserTest.TestInvalidAfmThrows" computerName="runnervmg397c" duration="00:00:00.0015535" startTime="2026-05-24T14:30:21.6222189+00:00" endTime="2026-05-24T14:30:21.6238865+00:00" testType="13cdc9d9-ddb5-4fa4-a97d-d965ccfc6d4b" outcome="Passed" testListId="8c84fa94-04c1-424b-9868-57a2d4851a1d" relativeResultsDirectory="a66b992a-52d4-49a0-928f-e4d391232361" />
    <UnitTestResult executionId="76eefbaa-7d20-47de-bf0f-a33de83e609d" testId="fbc41635-6641-c076-b645-b00748911dea" testName="PdfBox.Net.Tests.COSPrimitivesTest.TestCOSBooleanBehavior" computerName="runnervmg397c" duration="00:00:00.0007695" startTime="2026-05-24T14:30:21.8369797+00:00" endTime="2026-05-24T14:30:21.8377781+00:00" testType="13cdc9d9-ddb5-4fa4-a97d-d965ccfc6d4b" outcome="Passed" testListId="8c84fa94-04c1-424b-9868-57a2d4851a1d" relativeResultsDirectory="76eefbaa-7d20-47de-bf0f-a33de83e609d" />
    <UnitTestResult executionId="46a1cca4-5c91-49cf-b1e3-882220accf32" testId="80146dbc-1374-083f-1c17-a9208eafb605" testName="PdfBox.Net.Tests.RandomAccessReadWriteBufferTest.TestLengthWriteByte" computerName="runnervmg397c" duration="00:00:00.0001822" startTime="2026-05-24T14:30:22.3393967+00:00" endTime="2026-05-24T14:30:22.3396069+00:00" testType="13cdc9d9-ddb5-4fa4-a97d-d965ccfc6d4b" outcome="Passed" testListId="8c84fa94-04c1-424b-9868-57a2d4851a1d" relativeResultsDirectory="46a1cca4-5c91-49cf-b1e3-882220accf32" />
    <UnitTestResult executionId="b0e57e45-f9a8-4915-810f-9e85fc3ff1d6" testId="3996f457-a044-763d-63db-43150ccccf5c" testName="PdfBox.Net.Tests.FontFileFinderTest.TestFindFromExplicitDirectoryRecursesAndFilters" computerName="runnervmg397c" duration="00:00:00.0060339" startTime="2026-05-24T14:30:22.3356305+00:00" endTime="2026-05-24T14:30:22.3417024+00:00" testType="13cdc9d9-ddb5-4fa4-a97d-d965ccfc6d4b" outcome="Passed" testListId="8c84fa94-04c1-424b-9868-57a2d4851a1d" relativeResultsDirectory="b0e57e45-f9a8-4915-810f-9e85fc3ff1d6" />
    <UnitTestResult executionId="336746c2-b884-474d-a9ce-14a513c1daa7" testId="f4a97027-405c-cb00-0a64-ac3599712d09" testName="PdfBox.Net.Tests.CharStringParserTest.Type2Parser_CallGSubr_InlinesGlobalSubroutine" computerName="runnervmg397c" duration="00:00:00.0009337" startTime="2026-05-24T14:30:22.4239328+00:00" endTime="2026-05-24T14:30:22.4248932+00:00" testType="13cdc9d9-ddb5-4fa4-a97d-d965ccfc6d4b" outcome="Passed" testListId="8c84fa94-04c1-424b-9868-57a2d4851a1d" relativeResultsDirectory="336746c2-b884-474d-a9ce-14a513c1daa7" />
    <UnitTestResult executionId="c7d1d2b1-9da3-44c5-8331-68ce7f3483fb" testId="4a2ba1ea-523d-bcf7-cdfc-7e51a8824b15" testName="PdfBox.Net.Tests.PDModelStateTest.PDPage_GetResources_WithFont_FontLookupWorks" computerName="runnervmg397c" duration="00:00:00.0002814" startTime="2026-05-24T14:30:22.0136741+00:00" endTime="2026-05-24T14:30:22.0139862+00:00" testType="13cdc9d9-ddb5-4fa4-a97d-d965ccfc6d4b" outcome="Passed" testListId="8c84fa94-04c1-424b-9868-57a2d4851a1d" relativeResultsDirectory="c7d1d2b1-9da3-44c5-8331-68ce7f3483fb" />
    <UnitTestResult executionId="fc377e42-da29-4a9c-a1e5-fb2e781443cf" testId="da55eaec-5acc-aa91-78c0-449a7b7b2e25" testName="PdfBox.Net.Tests.ParserWriterRoundtripTest.ParserHandlesCommentsAndWhitespaceWithoutChangingObjectMeaning" computerName="runnervmg397c" duration="00:00:00.0005156" startTime="2026-05-24T14:30:21.9807847+00:00" endTime="2026-05-24T14:30:21.9813310+00:00" testType="13cdc9d9-ddb5-4fa4-a97d-d965ccfc6d4b" outcome="Passed" testListId="8c84fa94-04c1-424b-9868-57a2d4851a1d" relativeResultsDirectory="fc377e42-da29-4a9c-a1e5-fb2e781443cf" />
    <UnitTestResult executionId="906fea82-2e46-40d0-a0af-f9ba6d9eae14" testId="a80a5fe5-b6d6-4852-7db3-74c9189b03ad" testName="PdfBox.Net.Tests.RandomAccessInputStreamTest.TestPositionSkip" computerName="runnervmg397c" duration="00:00:00.0002558" startTime="2026-05-24T14:30:21.9875500+00:00" endTime="2026-05-24T14:30:21.9878337+00:00" testType="13cdc9d9-ddb5-4fa4-a97d-d965ccfc6d4b" outcome="Passed" testListId="8c84fa94-04c1-424b-9868-57a2d4851a1d" relativeResultsDirectory="906fea82-2e46-40d0-a0af-f9ba6d9eae14" />
    <UnitTestResult executionId="1d2adc01-3b16-4206-bb96-3dda3fe4469b" testId="a2fe0641-3ad0-424e-e323-e3c0e5498a33" testName="PdfBox.Net.Tests.FontStubsReplacementTest.PDSimpleFont_GetFontBoxFont_ReturnsFontBoxFontBoxFontInterface" computerName="runnervmg397c" duration="00:00:00.0002648" startTime="2026-05-24T14:30:22.0433989+00:00" endTime="2026-05-24T14:30:22.0436932+00:00" testType="13cdc9d9-ddb5-4fa4-a97d-d965ccfc6d4b" outcome="Passed" testListId="8c84fa94-04c1-424b-9868-57a2d4851a1d" relativeResultsDirectory="1d2adc01-3b16-4206-bb96-3dda3fe4469b" />
    <UnitTestResult executionId="693e98a1-fb00-4745-8c11-3e893b3545fb" testId="cafb0f6b-86af-e003-6e42-38940ad0e8bb" testName="PdfBox.Net.Tests.GlyphListTest.ToUnicode_UnknownGlyphName_ReturnsNull" computerName="runnervmg397c" duration="00:00:00.0005121" startTime="2026-05-24T14:30:22.4565731+00:00" endTime="2026-05-24T14:30:22.4571154+00:00" testType="13cdc9d9-ddb5-4fa4-a97d-d965ccfc6d4b" outcome="Passed" testListId="8c84fa94-04c1-424b-9868-57a2d4851a1d" relativeResultsDirectory="693e98a1-fb00-4745-8c11-3e893b3545fb" />
    <UnitTestResult executionId="1779a8ef-36f6-45c4-84ff-cf500cf408c6" testId="94327bdf-4819-fb57-e053-874a2e633849" testName="PdfBox.Net.Tests.RenderingTextTest.PDFTextStripper_SetParagraphEnd_RoundTrips" computerName="runnervmg397c" duration="00:00:00.0049052" startTime="2026-05-24T14:30:21.8439293+00:00" endTime="2026-05-24T14:30:21.8488639+00:00" testType="13cdc9d9-ddb5-4fa4-a97d-d965ccfc6d4b" outcome="Passed" testListId="8c84fa94-04c1-424b-9868-57a2d4851a1d" relativeResultsDirectory="1779a8ef-36f6-45c4-84ff-cf500cf408c6" />
    <UnitTestResult executionId="d086be26-7271-4654-8a95-e742cbb38a62" testId="32377ac6-e929-5e70-f4b5-b78e74c27f0a" testName="PdfBox.Net.Tests.RandomAccessOutputStreamTest.TestUnsupportedOperations" computerName="runnervmg397c" duration="00:00:00.0011038" startTime="2026-05-24T14:30:21.9607328+00:00" endTime="2026-05-24T14:30:21.9618690+00:00" testType="13cdc9d9-ddb5-4fa4-a97d-d965ccfc6d4b" outcome="Passed" testListId="8c84fa94-04c1-424b-9868-57a2d4851a1d" relativeResultsDirectory="d086be26-7271-4654-8a95-e742cbb38a62" />
    <UnitTestResult executionId="4b1ecf31-8f6e-4cc0-af17-15eb0f82909b" testId="16e7f746-a17a-c65e-fea1-0ed4b745d242" testName="PdfBox.Net.Tests.ContentStreamWriterTest.CosWriterWriteStringUsesHexForEolBytes" computerName="runnervmg397c" duration="00:00:00.0012888" startTime="2026-05-24T14:30:21.6544456+00:00" endTime="2026-05-24T14:30:21.6558396+00:00" testType="13cdc9d9-ddb5-4fa4-a97d-d965ccfc6d4b" outcome="Passed" testListId="8c84fa94-04c1-424b-9868-57a2d4851a1d" relativeResultsDirectory="4b1ecf31-8f6e-4cc0-af17-15eb0f82909b" />
    <UnitTestResult executionId="04bc758c-7518-492c-9e2b-153cfc8bfe5f" testId="a6d1aa12-69de-22ee-0093-280018f5a937" testName="PdfBox.Net.Tests.NonSeekableRandomAccessReadInputStreamTest.TestSeekEOF" computerName="runnervmg397c" duration="00:00:00.0033111" startTime="2026-05-24T14:30:21.6829298+00:00" endTime="2026-05-24T14:30:21.6862744+00:00" testType="13cdc9d9-ddb5-4fa4-a97d-d965ccfc6d4b" outcome="Passed" testListId="8c84fa94-04c1-424b-9868-57a2d4851a1d" relativeResultsDirectory="04bc758c-7518-492c-9e2b-153cfc8bfe5f" />
    <UnitTestResult executionId="c5a8ce6e-dff0-400b-8c1e-ae9f353770da" testId="018e5054-2fb7-0008-0fc3-bcdc8a3fa731" testName="PdfBox.Net.Tests.PDModelStateTest.PDResources_GetXObject_NoXObjectSubDict_ReturnsNull" computerName="runnervmg397c" duration="00:00:00.0003350" startTime="2026-05-24T14:30:21.9905743+00:00" endTime="2026-05-24T14:30:21.9909373+00:00" testType="13cdc9d9-ddb5-4fa4-a97d-d965ccfc6d4b" outcome="Passed" testListId="8c84fa94-04c1-424b-9868-57a2d4851a1d" relativeResultsDirectory="c5a8ce6e-dff0-400b-8c1e-ae9f353770da" />
    <UnitTestResult executionId="18e6cd93-d343-43f9-9bc3-3e236a8b1639" testId="5cbef776-4fe4-bbdc-fb33-d90958545c14" testName="PdfBox.Net.Tests.RenderingTextTest.RenderingHints_DefaultConstructor_IsEmpty" computerName="runnervmg397c" duration="00:00:00.0056442" startTime="2026-05-24T14:30:21.8745743+00:00" endTime="2026-05-24T14:30:21.8802480+00:00" testType="13cdc9d9-ddb5-4fa4-a97d-d965ccfc6d4b" outcome="Passed" testListId="8c84fa94-04c1-424b-9868-57a2d4851a1d" relativeResultsDirectory="18e6cd93-d343-43f9-9bc3-3e236a8b1639" />
    <UnitTestResult executionId="12946df0-8c6b-4ac4-8e4b-c01375b480c1" testId="00349e47-00f2-c28f-b8c0-6dffa71fd714" testName="PdfBox.Net.Tests.RenderingTextTest.TextPosition_GetHeight_ReturnsMaxHeight" computerName="runnervmg397c" duration="00:00:00.0002620" startTime="2026-05-24T14:30:21.9446362+00:00" endTime="2026-05-24T14:30:21.9450122+00:00" testType="13cdc9d9-ddb5-4fa4-a97d-d965ccfc6d4b" outcome="Passed" testListId="8c84fa94-04c1-424b-9868-57a2d4851a1d" relativeResultsDirectory="12946df0-8c6b-4ac4-8e4b-c01375b480c1" />
    <UnitTestResult executionId="e85f08f0-171e-4b4c-a703-238bde6aaf81" testId="1c295d8d-a22d-ce72-813d-28817b67f0d3" testName="PdfBox.Net.Tests.MemoryUsageSettingTest.TestStreamCacheCreateFunction" computerName="runnervmg397c" duration="00:00:00.0003169" startTime="2026-05-24T14:30:22.3219634+00:00" endTime="2026-05-24T14:30:22.3223077+00:00" testType="13cdc9d9-ddb5-4fa4-a97d-d965ccfc6d4b" outcome="Passed" testListId="8c84fa94-04c1-424b-9868-57a2d4851a1d" relativeResultsDirectory="e85f08f0-171e-4b4c-a703-238bde6aaf81" />
    <UnitTestResult executionId="9c25697f-fe86-4ea7-8f87-47e0ee28cb61" testId="7e6ab751-3031-8fc3-b1a1-8bbad5fd2829" testName="PdfBox.Net.Tests.GlyphListTest.ToUnicode_CommonGlyphNames_ReturnsExpectedCharacter(glyphName: &quot;colon&quot;, expected: &quot;:&quot;)" computerName="runnervmg397c" duration="00:00:00.0000471" startTime="2026-05-24T14:30:22.4321286+00:00" endTime="2026-05-24T14:30:22.4322085+00:00" testType="13cdc9d9-ddb5-4fa4-a97d-d965ccfc6d4b" outcome="Passed" testListId="8c84fa94-04c1-424b-9868-57a2d4851a1d" relativeResultsDirectory="9c25697f-fe86-4ea7-8f87-47e0ee28cb61" />
    <UnitTestResult executionId="c4d9e288-3bef-4d71-ae41-3bb2ecbdf856" testId="dd3ccafb-3564-a47c-c1fa-c508c11a4487" testName="PdfBox.Net.Tests.RenderingTextTest.TextPositionComparator_NullFirst_IsLessThanNonNull" computerName="runnervmg397c" duration="00:00:00.0001575" startTime="2026-05-24T14:30:21.8812637+00:00" endTime="2026-05-24T14:30:21.8814513+00:00" testType="13cdc9d9-ddb5-4fa4-a97d-d965ccfc6d4b" outcome="Passed" testListId="8c84fa94-04c1-424b-9868-57a2d4851a1d" relativeResultsDirectory="c4d9e288-3bef-4d71-ae41-3bb2ecbdf856" />
    <UnitTestResult executionId="2a1c4b61-b01a-48dc-8ac7-21784acf1e1d" testId="ffdc2126-ebbf-d21c-17d6-f552b45779fd" testName="PdfBox.Net.Tests.CFFParserTest.TestMinimalOpenTypeCffParses" computerName="runnervmg397c" duration="00:00:00.0110049" startTime="2026-05-24T14:30:21.9647587+00:00" endTime="2026-05-24T14:30:21.9758077+00:00" testType="13cdc9d9-ddb5-4fa4-a97d-d965ccfc6d4b" outcome="Passed" testListId="8c84fa94-04c1-424b-9868-57a2d4851a1d" relativeResultsDirectory="2a1c4b61-b01a-48dc-8ac7-21784acf1e1d" />
    <UnitTestResult executionId="196eb0f5-49c9-4b65-ac51-366886c8af53" testId="93310cad-53be-caaa-5c35-77926d70b351" testName="PdfBox.Net.Tests.FontFileFinderTest.TestNativeFontDirFinderSkipsMissingDirectories" computerName="runnervmg397c" duration="00:00:00.0024182" startTime="2026-05-24T14:30:22.3626872+00:00" endTime="2026-05-24T14:30:22.3651363+00:00" testType="13cdc9d9-ddb5-4fa4-a97d-d965ccfc6d4b" outcome="Passed" testListId="8c84fa94-04c1-424b-9868-57a2d4851a1d" relativeResultsDirectory="196eb0f5-49c9-4b65-ac51-366886c8af53" />
    <UnitTestResult executionId="b0ae078c-b618-46db-815c-1a415ad984ff" testId="9bcf2c3b-14c9-4c11-30ff-655efb83ad42" testName="PdfBox.Net.Tests.OperatorProcessorsTest.SetGraphicsStateParameters_gs_RegistersAndDispatchesWithoutException" computerName="runnervmg397c" duration="00:00:00.0017180" startTime="2026-05-24T14:30:22.1296329+00:00" endTime="2026-05-24T14:30:22.1313822+00:00" testType="13cdc9d9-ddb5-4fa4-a97d-d965ccfc6d4b" outcome="Passed" testListId="8c84fa94-04c1-424b-9868-57a2d4851a1d" relativeResultsDirectory="b0ae078c-b618-46db-815c-1a415ad984ff" />
    <UnitTestResult executionId="abe2cf79-a95e-414d-b874-a9b3e6057516" testId="91b95d0d-1b43-bd11-ca06-ceb944ae6856" testName="PdfBox.Net.Tests.RandomAccessReadBufferedFileTest.TestPositionSkip" computerName="runnervmg397c" duration="00:00:00.0005325" startTime="2026-05-24T14:30:22.0812228+00:00" endTime="2026-05-24T14:30:22.0817853+00:00" testType="13cdc9d9-ddb5-4fa4-a97d-d965ccfc6d4b" outcome="Passed" testListId="8c84fa94-04c1-424b-9868-57a2d4851a1d" relativeResultsDirectory="abe2cf79-a95e-414d-b874-a9b3e6057516" />
    <UnitTestResult executionId="788dd461-0541-4839-974a-c58d7bef6652" testId="829f470a-b511-aa77-3f54-10dd5da4e584" testName="PdfBox.Net.Tests.TestCOSArray.TestCreate" computerName="runnervmg397c" duration="00:00:00.0011520" startTime="2026-05-24T14:30:22.0830132+00:00" endTime="2026-05-24T14:30:22.0852427+00:00" testType="13cdc9d9-ddb5-4fa4-a97d-d965ccfc6d4b" outcome="Passed" testListId="8c84fa94-04c1-424b-9868-57a2d4851a1d" relativeResultsDirectory="788dd461-0541-4839-974a-c58d7bef6652" />
    <UnitTestResult executionId="7298e808-563b-4d0c-8616-96bdb85be968" testId="0feef85f-c056-c50f-8a60-7a290b7a1164" testName="PdfBox.Net.Tests.MemoryUsageSettingTest.TestMainMemoryOnlyDefaults" computerName="runnervmg397c" duration="00:00:00.0003850" startTime="2026-05-24T14:30:22.3175838+00:00" endTime="2026-05-24T14:30:22.3179977+00:00" testType="13cdc9d9-ddb5-4fa4-a97d-d965ccfc6d4b" outcome="Passed" testListId="8c84fa94-04c1-424b-9868-57a2d4851a1d" relativeResultsDirectory="7298e808-563b-4d0c-8616-96bdb85be968" />
    <UnitTestResult executionId="2e23fe89-7f92-4839-8239-930701b9a646" testId="008f7dad-a477-326a-0d3f-802208096647" testName="PdfBox.Net.Tests.TestPDPage.DefaultPageHasLetterMediaBox" computerName="runnervmg397c" duration="00:00:00.0002879" startTime="2026-05-24T14:30:21.5641883+00:00" endTime="2026-05-24T14:30:21.5645210+00:00" testType="13cdc9d9-ddb5-4fa4-a97d-d965ccfc6d4b" outcome="Passed" testListId="8c84fa94-04c1-424b-9868-57a2d4851a1d" relativeResultsDirectory="2e23fe89-7f92-4839-8239-930701b9a646" />
    <UnitTestResult executionId="a3b08d79-6877-4d4e-8a1e-f44b07ca12a3" testId="201fda1d-088b-67fd-ebf7-4090b235ede6" testName="PdfBox.Net.Tests.FontStubsReplacementTest.PDTrueTypeFont_GetTrueTypeFont_ReturnsFontBoxTTFTrueTypeFont" computerName="runnervmg397c" duration="00:00:00.0001552" startTime="2026-05-24T14:30:22.0427676+00:00" endTime="2026-05-24T14:30:22.0429506+00:00" testType="13cdc9d9-ddb5-4fa4-a97d-d965ccfc6d4b" outcome="Passed" testListId="8c84fa94-04c1-424b-9868-57a2d4851a1d" relativeResultsDirectory="a3b08d79-6877-4d4e-8a1e-f44b07ca12a3" />
    <UnitTestResult executionId="836378ac-729a-4191-9f7d-068bff025de9" testId="7b8d8679-b3ab-1a35-be06-8f5650146a69" testName="PdfBox.Net.Tests.FontFileFinderTest.TestWindowsFontDirFinderFindsConfiguredDirectories" computerName="runnervmg397c" duration="00:00:00.0202162" startTime="2026-05-24T14:30:22.3419821+00:00" endTime="2026-05-24T14:30:22.3622354+00:00" testType="13cdc9d9-ddb5-4fa4-a97d-d965ccfc6d4b" outcome="Passed" testListId="8c84fa94-04c1-424b-9868-57a2d4851a1d" relativeResultsDirectory="836378ac-729a-4191-9f7d-068bff025de9" />
    <UnitTestResult executionId="c96f192a-c427-4df4-a1fd-3f97893786c5" testId="9c3b8257-520d-2301-b607-a0ce9b63c046" testName="PdfBox.Net.Tests.GlyphListTest.ToUnicode_UniNameConvention_ReturnsDecodedCharacter(glyphName: &quot;uni0041&quot;, expected: &quot;A&quot;)" computerName="runnervmg397c" duration="00:00:00.0001434" startTime="2026-05-24T14:30:22.4602525+00:00" endTime="2026-05-24T14:30:22.4604284+00:00" testType="13cdc9d9-ddb5-4fa4-a97d-d965ccfc6d4b" outcome="Passed" testListId="8c84fa94-04c1-424b-9868-57a2d4851a1d" relativeResultsDirectory="c96f192a-c427-4df4-a1fd-3f97893786c5" />
    <UnitTestResult executionId="bac7a70a-9e0c-4b2e-bbef-51170ce068f6" testId="2670efcf-3897-566f-b081-ac510bdb4dd3" testName="PdfBox.Net.Tests.AFMParserTest.TestAverageFontWidth" computerName="runnervmg397c" duration="00:00:00.0004287" startTime="2026-05-24T14:30:21.6335425+00:00" endTime="2026-05-24T14:30:21.6340007+00:00" testType="13cdc9d9-ddb5-4fa4-a97d-d965ccfc6d4b" outcome="Passed" testListId="8c84fa94-04c1-424b-9868-57a2d4851a1d" relativeResultsDirectory="bac7a70a-9e0c-4b2e-bbef-51170ce068f6" />
    <UnitTestResult executionId="21333819-0055-4fd3-aec9-363708ed57ac" testId="c68cd507-0c73-b8f3-6c63-0b71aa24250b" testName="PdfBox.Net.Tests.ContentStreamEngineTest.SaveRestore_NestedThreeLevels_StackReturnsToZero" computerName="runnervmg397c" duration="00:00:00.0002144" startTime="2026-05-24T14:30:21.8188518+00:00" endTime="2026-05-24T14:30:21.8190970+00:00" testType="13cdc9d9-ddb5-4fa4-a97d-d965ccfc6d4b" outcome="Passed" testListId="8c84fa94-04c1-424b-9868-57a2d4851a1d" relativeResultsDirectory="21333819-0055-4fd3-aec9-363708ed57ac" />
    <UnitTestResult executionId="c7d17366-48bb-4980-a029-24e78438493b" testId="e026d42f-894e-8e41-7c67-9fdb16c252ab" testName="PdfBox.Net.Tests.RenderingTextTest.PDFTextStripper_GetText_ExtractsWordsAndLines" computerName="runnervmg397c" duration="00:00:00.0394216" startTime="2026-05-24T14:30:21.9023382+00:00" endTime="2026-05-24T14:30:21.9417990+00:00" testType="13cdc9d9-ddb5-4fa4-a97d-d965ccfc6d4b" outcome="Passed" testListId="8c84fa94-04c1-424b-9868-57a2d4851a1d" relativeResultsDirectory="c7d17366-48bb-4980-a029-24e78438493b" />
    <UnitTestResult executionId="dcd76322-e162-4161-881b-451d7e077408" testId="d92ae22c-cbba-eae5-c838-2c9299acdcfd" testName="PdfBox.Net.Tests.ScratchFileTest.TestMainMemoryOnlySeekAndRead" computerName="runnervmg397c" duration="00:00:00.0159199" startTime="2026-05-24T14:30:22.1224743+00:00" endTime="2026-05-24T14:30:22.1384286+00:00" testType="13cdc9d9-ddb5-4fa4-a97d-d965ccfc6d4b" outcome="Passed" testListId="8c84fa94-04c1-424b-9868-57a2d4851a1d" relativeResultsDirectory="dcd76322-e162-4161-881b-451d7e077408" />
    <UnitTestResult executionId="c2e3bd2a-ba78-49ee-8ad5-79c1c66e3645" testId="298d9895-4de1-d281-0001-7faac012b347" testName="PdfBox.Net.Tests.RandomAccessReadViewTest.TestPositionUnreadBytes" computerName="runnervmg397c" duration="00:00:00.0009361" startTime="2026-05-24T14:30:22.3166335+00:00" endTime="2026-05-24T14:30:22.3176036+00:00" testType="13cdc9d9-ddb5-4fa4-a97d-d965ccfc6d4b" outcome="Passed" testListId="8c84fa94-04c1-424b-9868-57a2d4851a1d" relativeResultsDirectory="c2e3bd2a-ba78-49ee-8ad5-79c1c66e3645" />
    <UnitTestResult executionId="cc3aa1f8-df82-4715-b466-b5186deb2c69" testId="fdf47751-d144-f4f9-886b-0e1f6740b773" testName="PdfBox.Net.Tests.RenderingTextTest.Matrix_Transform_AppliesTranslation" computerName="runnervmg397c" duration="00:00:00.0003819" startTime="2026-05-24T14:30:21.7882484+00:00" endTime="2026-05-24T14:30:21.7886588+00:00" testType="13cdc9d9-ddb5-4fa4-a97d-d965ccfc6d4b" outcome="Passed" testListId="8c84fa94-04c1-424b-9868-57a2d4851a1d" relativeResultsDirectory="cc3aa1f8-df82-4715-b466-b5186deb2c69" />
    <UnitTestResult executionId="745daff5-cd34-42f9-bb0b-210c919575bf" testId="ea9e091f-2061-a6eb-e4ce-d7a340c68fcf" testName="PdfBox.Net.Tests.FontStubsReplacementTest.PDTrueTypeFont_GetTrueTypeFont_ParsedFontHasCorrectUnitsPerEm" computerName="runnervmg397c" duration="00:00:00.0002156" startTime="2026-05-24T14:30:22.0518310+00:00" endTime="2026-05-24T14:30:22.0520730+00:00" testType="13cdc9d9-ddb5-4fa4-a97d-d965ccfc6d4b" outcome="Passed" testListId="8c84fa94-04c1-424b-9868-57a2d4851a1d" relativeResultsDirectory="745daff5-cd34-42f9-bb0b-210c919575bf" />
    <UnitTestResult executionId="20a04403-6779-43a8-b05f-35e5c5db6cee" testId="8f56f700-e768-da92-9cda-779d4c3eaa27" testName="PdfBox.Net.Tests.GlyphListTest.ToUnicode_CommonGlyphNames_ReturnsExpectedCharacter(glyphName: &quot;underscore&quot;, expected: &quot;_&quot;)" computerName="runnervmg397c" duration="00:00:00.0002575" startTime="2026-05-24T14:30:22.4038116+00:00" endTime="2026-05-24T14:30:22.4041029+00:00" testType="13cdc9d9-ddb5-4fa4-a97d-d965ccfc6d4b" outcome="Passed" testListId="8c84fa94-04c1-424b-9868-57a2d4851a1d" relativeResultsDirectory="20a04403-6779-43a8-b05f-35e5c5db6cee" />
[...]
    <TestEntry testId="b1112729-0c25-3a54-5d9e-a02036694fdb" executionId="5c51035d-7c77-470e-b8fb-9b0584cf5a40" testListId="8c84fa94-04c1-424b-9868-57a2d4851a1d" />
    <TestEntry testId="578b8f92-40c8-e6e5-6f7d-9dc12b869406" executionId="0900261e-149a-4785-a6b4-54d813b1c149" testListId="8c84fa94-04c1-424b-9868-57a2d4851a1d" />
    <TestEntry testId="6c54651e-75ef-92f9-30cb-65b98d6a864d" executionId="dcf76786-c600-40b6-b44f-89419dc75a18" testListId="8c84fa94-04c1-424b-9868-57a2d4851a1d" />
    <TestEntry testId="9a340cec-e3b1-6ec6-94e2-cfc1e885d8b7" executionId="654c330e-d0b1-4c48-a9ea-354b470d1889" testListId="8c84fa94-04c1-424b-9868-57a2d4851a1d" />
    <TestEntry testId="adbb99df-a777-36a5-9566-f0c88f124536" executionId="a93a846c-e943-463c-a2e4-5d90aa973390" testListId="8c84fa94-04c1-424b-9868-57a2d4851a1d" />
    <TestEntry testId="3933023c-40d6-d8f6-62bf-4e3a28ba8ba0" executionId="34a784d4-e73f-48aa-82ce-7761a4ea0c43" testListId="8c84fa94-04c1-424b-9868-57a2d4851a1d" />
    <TestEntry testId="46daa39d-338c-d55a-1f2b-767da6e55910" executionId="0258ba13-1461-4023-b657-78fb25790e49" testListId="8c84fa94-04c1-424b-9868-57a2d4851a1d" />
    <TestEntry testId="b33b0855-f81d-548a-2562-6e693a1d5097" executionId="90552330-ea49-4db6-ad6b-c0529c7c31c2" testListId="8c84fa94-04c1-424b-9868-57a2d4851a1d" />
    <TestEntry testId="15f9624e-70f9-c78e-dc1a-3e1cb9a60777" executionId="c793679e-1b53-4ef1-a937-3ab1bc157a01" testListId="8c84fa94-04c1-424b-9868-57a2d4851a1d" />
    <TestEntry testId="b4212464-696f-8b7f-a8d2-745bb2c980d2" executionId="003e3c58-578b-470a-b84d-490a2fe06ae6" testListId="8c84fa94-04c1-424b-9868-57a2d4851a1d" />
    <TestEntry testId="f39293fe-7559-3cce-bdff-c9139dd2b9e0" executionId="ff397d2a-fedc-4930-b97a-a2ee8bc2ab6d" testListId="8c84fa94-04c1-424b-9868-57a2d4851a1d" />
    <TestEntry testId="73d7f3f0-a1be-c74f-c34c-3de4db925a2e" executionId="463ae77c-1cd2-41a3-90e4-1cfbba74fc1a" testListId="8c84fa94-04c1-424b-9868-57a2d4851a1d" />
    <TestEntry testId="a4ff92d8-ebdf-b15d-af13-338ef7919ddb" executionId="8368b7e1-342d-45eb-ba78-741dfe29583e" testListId="8c84fa94-04c1-424b-9868-57a2d4851a1d" />
    <TestEntry testId="f8e30ec3-3c00-3198-8afa-399ea8160c13" executionId="313a7900-128e-42df-a2dc-ea2fb553c98b" testListId="8c84fa94-04c1-424b-9868-57a2d4851a1d" />
    <TestEntry testId="d7b9b1f1-44e5-e928-8391-85bdf6d7aa99" executionId="f15440c8-a4ef-4448-97bf-2cc28a5cb7a7" testListId="8c84fa94-04c1-424b-9868-57a2d4851a1d" />
    <TestEntry testId="aa593bd1-b171-d302-38f2-504594c24dbc" executionId="ae49fb7e-ba3f-4c4b-9722-af95f9a0ca41" testListId="8c84fa94-04c1-424b-9868-57a2d4851a1d" />
    <TestEntry testId="f04d73d9-0d4a-51c8-dd04-be216b5e0014" executionId="d8d5b829-6058-4b4e-acfe-1b755e8a9b31" testListId="8c84fa94-04c1-424b-9868-57a2d4851a1d" />
    <TestEntry testId="9d325fa6-6a8c-249f-dd2d-3d235b1b9df0" executionId="40ba3c39-d2df-40b9-b029-69f7fa9fb6b5" testListId="8c84fa94-04c1-424b-9868-57a2d4851a1d" />
    <TestEntry testId="5536ab94-adc2-7e02-10cc-79e9e9bf9995" executionId="8c68dfaf-fd66-4988-800f-d79855493af2" testListId="8c84fa94-04c1-424b-9868-57a2d4851a1d" />
    <TestEntry testId="fe480f1f-2ba9-0c19-4e79-0260aa23bd96" executionId="326e3667-046d-4715-8793-32e8c32b1941" testListId="8c84fa94-04c1-424b-9868-57a2d4851a1d" />
    <TestEntry testId="588b3190-9667-6584-5797-c586b10d00fa" executionId="7c4655e5-6b27-4f11-a433-e775b2860b0d" testListId="8c84fa94-04c1-424b-9868-57a2d4851a1d" />
    <TestEntry testId="f9a13f0b-51d7-e99e-9523-7a81622f7bf9" executionId="22326663-00ee-4e26-9e2c-64261f06de96" testListId="8c84fa94-04c1-424b-9868-57a2d4851a1d" />
    <TestEntry testId="bd6b4cd7-0fa1-3515-1647-cd7f2d719c4e" executionId="54e0b472-fc62-44d6-a495-8d21f521baee" testListId="8c84fa94-04c1-424b-9868-57a2d4851a1d" />
    <TestEntry testId="695b9d85-739e-1007-4764-c43589c9c25f" executionId="20535180-f565-4c0f-a79c-b98ba6b5e835" testListId="8c84fa94-04c1-424b-9868-57a2d4851a1d" />
    <TestEntry testId="9eca5f68-5f45-3717-ffc0-cbc69ef20259" executionId="28f6e6ba-7671-4253-9051-668c174d653a" testListId="8c84fa94-04c1-424b-9868-57a2d4851a1d" />
    <TestEntry testId="d1c7bbe8-12f5-c59b-340e-122682ff67b6" executionId="80386f86-a32a-4668-8954-5ca3f99e343d" testListId="8c84fa94-04c1-424b-9868-57a2d4851a1d" />
    <TestEntry testId="899740a9-482a-b227-acaf-245b67702547" executionId="5460e79b-d617-4ef7-b6e0-2e978d62c09f" testListId="8c84fa94-04c1-424b-9868-57a2d4851a1d" />
    <TestEntry testId="e981052f-f821-7a60-7d23-9beef94f8686" executionId="2fad071b-ffee-481c-b957-fd26759c7144" testListId="8c84fa94-04c1-424b-9868-57a2d4851a1d" />
    <TestEntry testId="c578637f-22f9-321b-3e97-7521dc307962" executionId="8b614b0a-62b4-4a76-abcf-a5e2e8aee8f9" testListId="8c84fa94-04c1-424b-9868-57a2d4851a1d" />
    <TestEntry testId="2b5ff49a-2d6b-b931-f387-6d74bf53b852" executionId="355d837a-6e20-411c-b446-a7356f195c59" testListId="8c84fa94-04c1-424b-9868-57a2d4851a1d" />
    <TestEntry testId="223fd0e5-4da2-cc78-c124-7ace9c4bd370" executionId="b06b9a1c-64c1-44b0-9c47-1c621382ac1d" testListId="8c84fa94-04c1-424b-9868-57a2d4851a1d" />
    <TestEntry testId="37b7c354-33c2-24b1-ee65-102668f975ea" executionId="60ecd059-878b-4b6e-9470-1d85124f975e" testListId="8c84fa94-04c1-424b-9868-57a2d4851a1d" />
    <TestEntry testId="e16e0ace-1fd0-86a2-1ac6-de4f1d474a69" executionId="f85f1f59-17bd-451d-9a93-06f93da54b06" testListId="8c84fa94-04c1-424b-9868-57a2d4851a1d" />
    <TestEntry testId="90061851-fe85-9e72-96f2-527a50258de4" executionId="78c1ba8d-7996-4e6f-ad34-df46c73b01fe" testListId="8c84fa94-04c1-424b-9868-57a2d4851a1d" />
    <TestEntry testId="9d374c60-76d6-e5d9-12b3-e6011325db61" executionId="c3cf8e78-cddc-4408-8af5-86eb08031f29" testListId="8c84fa94-04c1-424b-9868-57a2d4851a1d" />
    <TestEntry testId="1d345487-ace6-81a4-aa31-66ff8921e7ad" executionId="9340f244-a262-45bc-800b-d57924865d5c" testListId="8c84fa94-04c1-424b-9868-57a2d4851a1d" />
    <TestEntry testId="1ff313d4-7d77-740e-44af-f4c8a704fe4b" executionId="768a95ad-49a8-4215-af74-13301c186bc2" testListId="8c84fa94-04c1-424b-9868-57a2d4851a1d" />
    <TestEntry testId="b916a5cc-6e82-aab1-0ba3-3897080f9bae" executionId="9fec5510-3050-486f-a8f1-4836ebd76271" testListId="8c84fa94-04c1-424b-9868-57a2d4851a1d" />
    <TestEntry testId="cee2f8c7-a22d-23ea-7dee-820f983ff865" executionId="c6ae35f5-463b-4944-b19a-56773e6d5171" testListId="8c84fa94-04c1-424b-9868-57a2d4851a1d" />
    <TestEntry testId="5d366327-9cc9-d2c9-14b5-9f1db39f869b" executionId="75703432-ac9f-425b-a974-ed8eea00e1af" testListId="8c84fa94-04c1-424b-9868-57a2d4851a1d" />
    <TestEntry testId="02a14910-1122-6e3d-4627-73b25ab0e0bf" executionId="18b4b2f6-8f4d-43f3-9026-d26863e62cbd" testListId="8c84fa94-04c1-424b-9868-57a2d4851a1d" />
    <TestEntry testId="a876d781-95e6-6caf-020d-6ba1b1fe99d2" executionId="d84f0ebb-7eea-4d53-a30d-f02ef3cfb89b" testListId="8c84fa94-04c1-424b-9868-57a2d4851a1d" />
    <TestEntry testId="2814cdbd-a9ee-9928-056a-6fb0b85947cf" executionId="06f26683-6892-4d01-b651-9651790d27a3" testListId="8c84fa94-04c1-424b-9868-57a2d4851a1d" />
    <TestEntry testId="1243f280-f300-07f0-f932-8245277b2817" executionId="089c47f6-d8bf-45e0-a701-ddc64db9d2dd" testListId="8c84fa94-04c1-424b-9868-57a2d4851a1d" />
    <TestEntry testId="867aebb9-f68b-0d40-dc59-3dab62a7bd23" executionId="bd541e91-723f-4dcd-af4d-2bb535ac6cbc" testListId="8c84fa94-04c1-424b-9868-57a2d4851a1d" />
    <TestEntry testId="e6e26be9-595c-4e85-bdbe-5eb14e2e755d" executionId="a618aa7a-2b25-4a17-8bfc-4f64075705e1" testListId="8c84fa94-04c1-424b-9868-57a2d4851a1d" />
    <TestEntry testId="2ce727e0-faff-f684-9c97-cd5dde72fb49" executionId="97160ec2-6207-4317-a199-0d632dc19b3d" testListId="8c84fa94-04c1-424b-9868-57a2d4851a1d" />
    <TestEntry testId="04a76625-9f4f-4cc8-7a96-eb67890265fa" executionId="519224f4-91eb-4e8d-9013-e419d89d0b85" testListId="8c84fa94-04c1-424b-9868-57a2d4851a1d" />
    <TestEntry testId="50743919-40d1-a42e-71b8-c2985993e91f" executionId="b87b65b8-5bac-456e-8909-6021b1d58884" testListId="8c84fa94-04c1-424b-9868-57a2d4851a1d" />
    <TestEntry testId="44f50c6e-a2c6-2a3e-320d-2216c0626efb" executionId="40b978b1-57f7-4acf-a481-9c3c94783025" testListId="8c84fa94-04c1-424b-9868-57a2d4851a1d" />
    <TestEntry testId="a97f036b-c182-fc9e-7156-ba49fb1edf0a" executionId="353695ce-8f4c-4093-8023-ad6481d345ef" testListId="8c84fa94-04c1-424b-9868-57a2d4851a1d" />
    <TestEntry testId="262f9dd5-8c08-4806-8262-07342911232b" executionId="55e22c7b-096b-4ec5-aa25-df28a1466d8d" testListId="8c84fa94-04c1-424b-9868-57a2d4851a1d" />
    <TestEntry testId="f6ae21dd-7e6d-60e4-1861-63f9eae2c971" executionId="fa7fbd95-f554-4c00-8ff2-04212bf623ca" testListId="8c84fa94-04c1-424b-9868-57a2d4851a1d" />
    <TestEntry testId="ea142d48-0315-82fa-8cf5-a9e4efd953b4" executionId="0bb2d8eb-ed10-4116-8a99-6eef58744a1a" testListId="8c84fa94-04c1-424b-9868-57a2d4851a1d" />
    <TestEntry testId="1d94cde4-1c11-747f-3790-e3f712d28f08" executionId="8bee4823-80e2-4d99-b8c1-875ab4bcd041" testListId="8c84fa94-04c1-424b-9868-57a2d4851a1d" />
    <TestEntry testId="9c2a92c2-8997-518c-735f-57d767ae6565" executionId="fab86559-f27f-4098-9805-f031d39a7cde" testListId="8c84fa94-04c1-424b-9868-57a2d4851a1d" />
    <TestEntry testId="6efaa953-9d8b-5dda-0bb0-3d41f279d790" executionId="f5d12940-65c4-42d3-b306-10abe35c97b2" testListId="8c84fa94-04c1-424b-9868-57a2d4851a1d" />
    <TestEntry testId="aa962b4e-f771-b1cc-a359-b5c4a740fb8d" executionId="b2bbcd6d-e1f9-4766-85e3-e7722ff3d26b" testListId="8c84fa94-04c1-424b-9868-57a2d4851a1d" />
    <TestEntry testId="0fc65d60-e65d-0334-97ae-151e8784070b" executionId="67d6d96d-53fb-48d6-b34a-a859db012714" testListId="8c84fa94-04c1-424b-9868-57a2d4851a1d" />
    <TestEntry testId="ef8f8baf-4c85-bc15-e847-4542ac6fc5af" executionId="d3a88a73-0ca1-4bf6-b15d-f03e9fcce490" testListId="8c84fa94-04c1-424b-9868-57a2d4851a1d" />
    <TestEntry testId="d5fac4f9-d165-48e3-cee7-b9109c9fc4d0" executionId="8d7b8e71-2340-4e48-b7f0-f6b5dda0e4bd" testListId="8c84fa94-04c1-424b-9868-57a2d4851a1d" />
    <TestEntry testId="14384ba4-fc0d-bebd-29dc-1048ecff9264" executionId="b66c0905-16b4-477b-a29d-b69387a2ee70" testListId="8c84fa94-04c1-424b-9868-57a2d4851a1d" />
    <TestEntry testId="3a4c2bb1-bed1-0373-e53e-ef5c5c59b14d" executionId="d69761c8-8fdb-42ee-b8aa-204553aa198c" testListId="8c84fa94-04c1-424b-9868-57a2d4851a1d" />
    <TestEntry testId="dfb30fdc-7e1f-d74a-2955-6d4534794570" executionId="62012407-1968-4450-a65f-0282b6a7a8fe" testListId="8c84fa94-04c1-424b-9868-57a2d4851a1d" />
    <TestEntry testId="893113b0-07d4-71b8-6e85-11cf7e8d01bf" executionId="6a5502a6-a8b4-43aa-9be6-0867755e3149" testListId="8c84fa94-04c1-424b-9868-57a2d4851a1d" />
    <TestEntry testId="f68a7eff-625a-6ec9-7ad2-0b0feb8912c7" executionId="b4f67f0e-5441-4ff0-a292-e4f67fb4e7bf" testListId="8c84fa94-04c1-424b-9868-57a2d4851a1d" />
    <TestEntry testId="2304364b-4d38-11a3-d09d-06ce22878151" executionId="4524ecd5-79b1-4e87-a375-cd63ca3ec499" testListId="8c84fa94-04c1-424b-9868-57a2d4851a1d" />
    <TestEntry testId="e979c83c-947f-f6f7-9768-db2bb38c00c5" executionId="6e8b360d-cb87-48f9-8c6c-787283ff2e85" testListId="8c84fa94-04c1-424b-9868-57a2d4851a1d" />
    <TestEntry testId="b81e9b5f-2ce6-b4d2-5fbc-882c98ef6200" executionId="8d6b17fe-9bf6-427e-afbb-819622ace077" testListId="8c84fa94-04c1-424b-9868-57a2d4851a1d" />
    <TestEntry testId="44470bfc-bf49-90e8-961f-91cb46fe4c8c" executionId="6c9d52d7-da4a-469e-b934-a96243ba7fdd" testListId="8c84fa94-04c1-424b-9868-57a2d4851a1d" />
    <TestEntry testId="38b585d6-f8cb-32fa-a29b-e51619abae8a" executionId="db3dc622-1a6c-4fd1-b6cd-531aff129a8b" testListId="8c84fa94-04c1-424b-9868-57a2d4851a1d" />
    <TestEntry testId="eb8eef70-4275-68da-d5c4-7e2b400bc6bb" executionId="520fbc33-28b4-415f-94c5-9ca5448ac687" testListId="8c84fa94-04c1-424b-9868-57a2d4851a1d" />
    <TestEntry testId="ea8c50db-2604-5f4e-e9a5-043c620f7c43" executionId="5440a11a-5aa1-4ea8-9a13-8b8a9f25a34c" testListId="8c84fa94-04c1-424b-9868-57a2d4851a1d" />
    <TestEntry testId="d85d97f3-ad7c-09dc-e700-484fe05ac01f" executionId="7674161e-2378-48ca-bb71-53c3b0b0b39e" testListId="8c84fa94-04c1-424b-9868-57a2d4851a1d" />
    <TestEntry testId="21ff9c27-f931-ca78-6954-b456ad313ac4" executionId="8f65d642-bf84-4ed6-b13a-3debd9903b95" testListId="8c84fa94-04c1-424b-9868-57a2d4851a1d" />
    <TestEntry testId="d4de6a2e-9214-2c1e-7a10-a5a94d893356" executionId="7bf5a862-9284-484b-8c37-2d047d517bf0" testListId="8c84fa94-04c1-424b-9868-57a2d4851a1d" />
    <TestEntry testId="9446157d-2d7e-7c5f-f5d6-0c0f549352c9" executionId="674298d3-e661-4953-9426-c810b557511b" testListId="8c84fa94-04c1-424b-9868-57a2d4851a1d" />
    <TestEntry testId="6afadd41-6791-8ea3-b8a6-e45973140a43" executionId="612996dc-aa03-46d4-975f-8544cbc4dc1b" testListId="8c84fa94-04c1-424b-9868-57a2d4851a1d" />
    <TestEntry testId="2a293f5f-4544-f176-c83b-5d8c0188f0ab" executionId="dd021431-333e-478b-989f-ef9eb7d555e1" testListId="8c84fa94-04c1-424b-9868-57a2d4851a1d" />
    <TestEntry testId="c81762f8-d69c-0619-b0d3-699561b81c79" executionId="0a5e50ec-a15c-4d14-8241-6cd4bb7b0514" testListId="8c84fa94-04c1-424b-9868-57a2d4851a1d" />
    <TestEntry testId="e2a9c5da-055c-7fa7-eca3-f06c238d94c1" executionId="b392930a-be4b-489a-8193-84d07b48d9d0" testListId="8c84fa94-04c1-424b-9868-57a2d4851a1d" />
    <TestEntry testId="fcc5ec98-da28-a450-03a8-dc4cab901859" executionId="c1b03184-9ae2-4045-87a2-e4b70317aa9a" testListId="8c84fa94-04c1-424b-9868-57a2d4851a1d" />
    <TestEntry testId="448dceac-414d-dd5d-1d65-f16966109d77" executionId="797db7b7-1c39-4fdc-868a-e09cbc9dbee8" testListId="8c84fa94-04c1-424b-9868-57a2d4851a1d" />
    <TestEntry testId="f058ebcf-47d0-a78e-507e-a300f568a959" executionId="1811e7ef-8bfd-43e0-b881-7ac3f183187f" testListId="8c84fa94-04c1-424b-9868-57a2d4851a1d" />
    <TestEntry testId="05e40751-9990-31aa-d174-8add944fcfc5" executionId="730f09a1-6b9c-4f2f-9fe1-80ea35dc59d1" testListId="8c84fa94-04c1-424b-9868-57a2d4851a1d" />
    <TestEntry testId="e4ea0296-e05d-a4ca-2219-30b453e4dd11" executionId="11562da2-4e74-4bec-82cb-7f985c11d687" testListId="8c84fa94-04c1-424b-9868-57a2d4851a1d" />
    <TestEntry testId="5794c74d-bc1e-16d9-404e-0900c4272eab" executionId="0ef342f7-c394-4a0c-95d8-1062bca66794" testListId="8c84fa94-04c1-424b-9868-57a2d4851a1d" />
    <TestEntry testId="e583c61d-86d8-d73f-f931-211a1bde01c2" executionId="f6f58f1b-2097-48f9-88a9-508a705b9491" testListId="8c84fa94-04c1-424b-9868-57a2d4851a1d" />
    <TestEntry testId="7b116b33-ad23-7dff-cece-a3cc2832547f" executionId="9e0ef3e2-f9d7-474f-9889-0e6eee276d7f" testListId="8c84fa94-04c1-424b-9868-57a2d4851a1d" />
    <TestEntry testId="57db56e1-a280-7418-fc7d-559685154c35" executionId="d96a60b3-dc2a-4df9-a35e-47ee8a0a847a" testListId="8c84fa94-04c1-424b-9868-57a2d4851a1d" />
    <TestEntry testId="78d79e06-3312-bb97-151f-6d8d486cf3a1" executionId="8f3bc653-ca36-4371-8b35-783aa90bd59f" testListId="8c84fa94-04c1-424b-9868-57a2d4851a1d" />
    <TestEntry testId="5726f2d8-27c5-b646-3025-b1ba20d8de4f" executionId="fd6533dd-e4c8-4694-9b23-75102f7e5cae" testListId="8c84fa94-04c1-424b-9868-57a2d4851a1d" />
    <TestEntry testId="9be93f42-1033-07a6-e498-9a28e007b465" executionId="74d64c58-30f8-444f-8736-04f0012e77a5" testListId="8c84fa94-04c1-424b-9868-57a2d4851a1d" />
    <TestEntry testId="25098e61-4517-1379-b9b2-fae1b5ab814b" executionId="f23e1ef3-b3d3-41df-92c2-226f4c7062bd" testListId="8c84fa94-04c1-424b-9868-57a2d4851a1d" />
    <TestEntry testId="569a5b4d-623a-5c90-50eb-fd46669edc7f" executionId="d2e25b03-31ec-4651-a6f0-9c56e3090d13" testListId="8c84fa94-04c1-424b-9868-57a2d4851a1d" />
    <TestEntry testId="9c314fca-00de-ee35-16e1-2446c0fe4da5" executionId="c0581af8-e0a0-4d66-9f05-156363830cca" testListId="8c84fa94-04c1-424b-9868-57a2d4851a1d" />
    <TestEntry testId="ba5afe7f-6c19-937f-cacf-1ecad63d74b3" executionId="8f2a239f-bd91-4b1e-851c-ea49d13e19cc" testListId="8c84fa94-04c1-424b-9868-57a2d4851a1d" />
    <TestEntry testId="3736e1ca-9436-bf02-594e-7a4fc12a6736" executionId="6a6e2be0-bd51-400d-b7b4-dbbd5c79a7ef" testListId="8c84fa94-04c1-424b-9868-57a2d4851a1d" />
    <TestEntry testId="dec7ec78-28cc-570a-afc7-2d21106f0cba" executionId="1b5bb3d0-a551-440b-956d-f5fe160a3f81" testListId="8c84fa94-04c1-424b-9868-57a2d4851a1d" />
    <TestEntry testId="b9ea763a-04d9-9133-b1f7-63cd5bddf32c" executionId="5d3a9705-949e-4c0e-b85c-1cd878cb4021" testListId="8c84fa94-04c1-424b-9868-57a2d4851a1d" />
    <TestEntry testId="0f520b0b-4910-0561-613e-4bab2d86aea4" executionId="f56ab086-33ba-4be4-a59d-7fa0d3d113f9" testListId="8c84fa94-04c1-424b-9868-57a2d4851a1d" />
    <TestEntry testId="98c0b6ef-e1d1-c895-3088-6e323f317b65" executionId="4b06c247-e31e-4c16-adae-900d7d91a5cf" testListId="8c84fa94-04c1-424b-9868-57a2d4851a1d" />
    <TestEntry testId="4856e90b-1dfd-e4b3-7e77-dcfd5111f9de" executionId="376c5794-0148-40d2-b182-840a16698039" testListId="8c84fa94-04c1-424b-9868-57a2d4851a1d" />
    <TestEntry testId="804a219c-8778-e387-ef99-683e89555009" executionId="9cbea958-39d1-454e-80a7-1ae6c58fad44" testListId="8c84fa94-04c1-424b-9868-57a2d4851a1d" />
    <TestEntry testId="58eda023-2af2-bf06-c4a3-aa1494303f46" executionId="4a15747b-a2e9-4174-8648-438f8c1f8e5d" testListId="8c84fa94-04c1-424b-9868-57a2d4851a1d" />
    <TestEntry testId="5238c322-3c49-1f98-f3dc-47d13d9fdc8b" executionId="2d555041-f976-413f-945c-f4d340cfbee2" testListId="8c84fa94-04c1-424b-9868-57a2d4851a1d" />
    <TestEntry testId="d5db5ca4-78e0-3c56-ce86-e6a9899bd2b3" executionId="bfa1f96f-3223-4748-9870-7f6352d08d47" testListId="8c84fa94-04c1-424b-9868-57a2d4851a1d" />
    <TestEntry testId="bdaeb0b6-c3ae-b141-c29a-cb9b99970904" executionId="33ea5a34-2e4c-4351-9982-aab7552ab3a3" testListId="8c84fa94-04c1-424b-9868-57a2d4851a1d" />
    <TestEntry testId="6e19bb2f-6994-8491-b30a-caecaf6724b2" executionId="3013dec8-e421-443f-8946-c64e603be7d0" testListId="8c84fa94-04c1-424b-9868-57a2d4851a1d" />
    <TestEntry testId="ebee71cf-02c6-8b65-277f-33df4edaa7c5" executionId="340e99ec-2b2e-41a6-bc1b-46d960a48e6e" testListId="8c84fa94-04c1-424b-9868-57a2d4851a1d" />
    <TestEntry testId="2eeae96c-4402-d93a-458c-f9bda5a6d1c4" executionId="2e4ec303-9477-4b84-baf4-e97e328e04b7" testListId="8c84fa94-04c1-424b-9868-57a2d4851a1d" />
    <TestEntry testId="529870fa-ddf0-4c4b-1dd2-0d0c496932d5" executionId="5416c2d8-0182-4932-bd8f-bd9a4e0a38fd" testListId="8c84fa94-04c1-424b-9868-57a2d4851a1d" />
    <TestEntry testId="0dda7a00-3e84-6b9f-a155-ac88ec528287" executionId="330d7702-cb23-403f-a0bc-6888ec7354e3" testListId="8c84fa94-04c1-424b-9868-57a2d4851a1d" />
  </TestEntries>
  <TestLists>
    <TestList name="Results Not in a List" id="8c84fa94-04c1-424b-9868-57a2d4851a1d" />
    <TestList name="All Loaded Results" id="19431567-8539-422a-85d7-44ee4e166bda" />
  </TestLists>
  <ResultSummary outcome="Completed">
    <Counters total="539" executed="539" passed="539" failed="0" error="0" timeout="0" aborted="0" inconclusive="0" passedButRunAborted="0" notRunnable="0" notExecuted="0" disconnected="0" warning="0" completed="0" inProgress="0" pending="0" />
    <Output>
      <StdOut>[xUnit.net 00:00:00.00] xUnit.net VSTest Adapter v3.1.5+1b188a7b0a (64-bit .NET 10.0.8)
[xUnit.net 00:00:00.18]   Discovering: PdfBox.Net.Tests
[xUnit.net 00:00:01.33]   Discovered:  PdfBox.Net.Tests
[xUnit.net 00:00:01.59]   Starting:    PdfBox.Net.Tests
No PostScript name data is provided for the font MiniCFF
No PostScript name data is provided for the font MiniCFF
No PostScript name data is provided for the font MiniTTF
No PostScript name data is provided for the font MiniTTF
No PostScript name data is provided for the font MiniTTF
[xUnit.net 00:00:02.71]   Finished:    PdfBox.Net.Tests (ID = '4387cddef6bf8c7a295f99fb389cdcbff75db957af00ef584a61fbf07a357e52')
</StdOut>
    </Output>
  </ResultSummary>
</TestRun>