<?xml version="1.0" encoding="utf-8"?>
<TestRun id="b4c31ee9-6739-4563-85df-e8b22ceb541f" name="@runnervmg397c 2026-05-24 22:33:25" xmlns="http://microsoft.com/schemas/VisualStudio/TeamTest/2010">
  <Times creation="2026-05-24T22:33:25.7867718+00:00" queuing="2026-05-24T22:33:25.7867719+00:00" start="2026-05-24T22:33:23.2349441+00:00" finish="2026-05-24T22:33:27.1924877+00:00" />
  <TestSettings name="default" id="ec7066d3-1fc0-42f6-8129-9912195c7178">
    <Deployment runDeploymentRoot="_runnervmg397c_2026-05-24_22_33_25" />
  </TestSettings>
  <Results>
    <UnitTestResult executionId="bb4fae6d-d0a7-4b2a-99ba-77a54fcfac53" testId="58b90ef7-c47e-3f9b-b802-d0968adaea70" testName="PdfBox.Net.Tests.PDModelInteractiveTest.PDAnnotationTextMarkupQuadPointsRoundtrip" computerName="runnervmg397c" duration="00:00:00.0007281" startTime="2026-05-24T22:33:26.7527079+00:00" endTime="2026-05-24T22:33:26.7534753+00:00" testType="13cdc9d9-ddb5-4fa4-a97d-d965ccfc6d4b" outcome="Passed" testListId="8c84fa94-04c1-424b-9868-57a2d4851a1d" relativeResultsDirectory="bb4fae6d-d0a7-4b2a-99ba-77a54fcfac53" />
    <UnitTestResult executionId="62987c78-5fc5-40f7-b3f1-3beba23640d0" testId="d7b9b1f1-44e5-e928-8391-85bdf6d7aa99" testName="PdfBox.Net.Tests.RandomAccessStreamCacheTest.TestCreateBufferWriteAndRead" computerName="runnervmg397c" duration="00:00:00.0029767" startTime="2026-05-24T22:33:25.8902339+00:00" endTime="2026-05-24T22:33:25.8932482+00:00" testType="13cdc9d9-ddb5-4fa4-a97d-d965ccfc6d4b" outcome="Passed" testListId="8c84fa94-04c1-424b-9868-57a2d4851a1d" relativeResultsDirectory="62987c78-5fc5-40f7-b3f1-3beba23640d0" />
    <UnitTestResult executionId="6f31733a-f236-4bf9-afa1-f2ea22ee579b" testId="1dfde4ea-d9bd-fd9e-12cd-0c1134a87eab" testName="PdfBox.Net.Tests.EncodingTest.TestBuiltInEncodingFallbacks" computerName="runnervmg397c" duration="00:00:00.0032523" startTime="2026-05-24T22:33:26.4088462+00:00" endTime="2026-05-24T22:33:26.4121339+00:00" testType="13cdc9d9-ddb5-4fa4-a97d-d965ccfc6d4b" outcome="Passed" testListId="8c84fa94-04c1-424b-9868-57a2d4851a1d" relativeResultsDirectory="6f31733a-f236-4bf9-afa1-f2ea22ee579b" />
    <UnitTestResult executionId="9538a6cc-afa0-4fd3-9e06-a52038a91640" testId="e5a5f53a-1da0-ec49-94fb-b969755e0d22" testName="PdfBox.Net.Tests.TestCOSString.TestEquals" computerName="runnervmg397c" duration="00:00:00.0052933" startTime="2026-05-24T22:33:25.9769533+00:00" endTime="2026-05-24T22:33:25.9823046+00:00" testType="13cdc9d9-ddb5-4fa4-a97d-d965ccfc6d4b" outcome="Passed" testListId="8c84fa94-04c1-424b-9868-57a2d4851a1d" relativeResultsDirectory="9538a6cc-afa0-4fd3-9e06-a52038a91640" />
    <UnitTestResult executionId="d1647f5b-c8ab-4292-85aa-357626f11a11" testId="298d9895-4de1-d281-0001-7faac012b347" testName="PdfBox.Net.Tests.RandomAccessReadViewTest.TestPositionUnreadBytes" computerName="runnervmg397c" duration="00:00:00.0038276" startTime="2026-05-24T22:33:26.3476486+00:00" endTime="2026-05-24T22:33:26.3515092+00:00" testType="13cdc9d9-ddb5-4fa4-a97d-d965ccfc6d4b" outcome="Passed" testListId="8c84fa94-04c1-424b-9868-57a2d4851a1d" relativeResultsDirectory="d1647f5b-c8ab-4292-85aa-357626f11a11" />
    <UnitTestResult executionId="95e8a192-1147-407c-8d9c-91855d4c11ae" testId="ec11cd11-39e3-002f-9443-16bf95251991" testName="PdfBox.Net.Tests.GlyphListTest.ToUnicode_CommonGlyphNames_ReturnsExpectedCharacter(glyphName: &quot;question&quot;, expected: &quot;?&quot;)" computerName="runnervmg397c" duration="00:00:00.0000200" startTime="2026-05-24T22:33:25.9168541+00:00" endTime="2026-05-24T22:33:25.9169059+00:00" testType="13cdc9d9-ddb5-4fa4-a97d-d965ccfc6d4b" outcome="Passed" testListId="8c84fa94-04c1-424b-9868-57a2d4851a1d" relativeResultsDirectory="95e8a192-1147-407c-8d9c-91855d4c11ae" />
    <UnitTestResult executionId="e0bd497a-a7ff-4eb6-9020-683867b71ba0" testId="ef9c432c-bb66-32a6-45e6-5bafd16ad22a" testName="PdfBox.Net.Tests.GlyphListTest.ToUnicode_CommonGlyphNames_ReturnsExpectedCharacter(glyphName: &quot;quotesingle&quot;, expected: &quot;'&quot;)" computerName="runnervmg397c" duration="00:00:00.0000196" startTime="2026-05-24T22:33:25.9339570+00:00" endTime="2026-05-24T22:33:25.9340096+00:00" testType="13cdc9d9-ddb5-4fa4-a97d-d965ccfc6d4b" outcome="Passed" testListId="8c84fa94-04c1-424b-9868-57a2d4851a1d" relativeResultsDirectory="e0bd497a-a7ff-4eb6-9020-683867b71ba0" />
    <UnitTestResult executionId="6652ee79-6310-4adc-af87-e28fbf8b2379" testId="d85d97f3-ad7c-09dc-e700-484fe05ac01f" testName="PdfBox.Net.Tests.GlyphListTest.ToUnicode_AccentedAndSpecialGlyphs_ReturnsExpectedCharacter(glyphName: &quot;bullet&quot;, expected: &quot;•&quot;)" computerName="runnervmg397c" duration="00:00:00.0000195" startTime="2026-05-24T22:33:25.9000835+00:00" endTime="2026-05-24T22:33:25.9001336+00:00" testType="13cdc9d9-ddb5-4fa4-a97d-d965ccfc6d4b" outcome="Passed" testListId="8c84fa94-04c1-424b-9868-57a2d4851a1d" relativeResultsDirectory="6652ee79-6310-4adc-af87-e28fbf8b2379" />
    <UnitTestResult executionId="0cef3327-f8e0-45a5-ab87-55bff43fb50c" testId="235d4ef1-e135-b4ca-26e8-e6682f37bb6e" testName="PdfBox.Net.Tests.GlyphListTest.ToUnicode_AccentedAndSpecialGlyphs_ReturnsExpectedCharacter(glyphName: &quot;endash&quot;, expected: &quot;–&quot;)" computerName="runnervmg397c" duration="00:00:00.0041008" startTime="2026-05-24T22:33:25.8928315+00:00" endTime="2026-05-24T22:33:25.8969712+00:00" testType="13cdc9d9-ddb5-4fa4-a97d-d965ccfc6d4b" outcome="Passed" testListId="8c84fa94-04c1-424b-9868-57a2d4851a1d" relativeResultsDirectory="0cef3327-f8e0-45a5-ab87-55bff43fb50c" />
    <UnitTestResult executionId="522ebbf7-1705-4ada-9f23-e98201c10a08" testId="9f782d4b-2f78-3607-7bf4-defe4ba11070" testName="PdfBox.Net.Tests.ScratchFileTest.TestMainMemoryOnlyGetPosition" computerName="runnervmg397c" duration="00:00:00.0017639" startTime="2026-05-24T22:33:25.8347010+00:00" endTime="2026-05-24T22:33:25.8364951+00:00" testType="13cdc9d9-ddb5-4fa4-a97d-d965ccfc6d4b" outcome="Passed" testListId="8c84fa94-04c1-424b-9868-57a2d4851a1d" relativeResultsDirectory="522ebbf7-1705-4ada-9f23-e98201c10a08" />
    <UnitTestResult executionId="c36c5b23-e2c7-43f6-9f91-ec3078107400" testId="99e6f341-58bc-bedb-1099-7fb24c0f9cb5" testName="PdfBox.Net.Tests.COSPortedFilesTest.TestDecodeOptionsSubsamplingConstructorSetsBothAxes" computerName="runnervmg397c" duration="00:00:00.0004473" startTime="2026-05-24T22:33:26.0460345+00:00" endTime="2026-05-24T22:33:26.0465153+00:00" testType="13cdc9d9-ddb5-4fa4-a97d-d965ccfc6d4b" outcome="Passed" testListId="8c84fa94-04c1-424b-9868-57a2d4851a1d" relativeResultsDirectory="c36c5b23-e2c7-43f6-9f91-ec3078107400" />
    <UnitTestResult executionId="34afeb51-eb7f-4846-8d0b-98b149a73787" testId="a02b6d71-f51b-3015-bf52-42be25b2e607" testName="PdfBox.Net.Tests.GlyphListTest.ToUnicode_CommonGlyphNames_ReturnsExpectedCharacter(glyphName: &quot;numbersign&quot;, expected: &quot;#&quot;)" computerName="runnervmg397c" duration="00:00:00.0000212" startTime="2026-05-24T22:33:25.9230650+00:00" endTime="2026-05-24T22:33:25.9231195+00:00" testType="13cdc9d9-ddb5-4fa4-a97d-d965ccfc6d4b" outcome="Passed" testListId="8c84fa94-04c1-424b-9868-57a2d4851a1d" relativeResultsDirectory="34afeb51-eb7f-4846-8d0b-98b149a73787" />
    <UnitTestResult executionId="587baf8f-056f-4046-ae47-1b60e6ae1f4c" testId="6efaa953-9d8b-5dda-0bb0-3d41f279d790" testName="PdfBox.Net.Tests.GlyphListTest.ToUnicode_AccentedAndSpecialGlyphs_ReturnsExpectedCharacter(glyphName: &quot;quoteright&quot;, expected: &quot;’&quot;)" computerName="runnervmg397c" duration="00:00:00.0000232" startTime="2026-05-24T22:33:25.9108318+00:00" endTime="2026-05-24T22:33:25.9108958+00:00" testType="13cdc9d9-ddb5-4fa4-a97d-d965ccfc6d4b" outcome="Passed" testListId="8c84fa94-04c1-424b-9868-57a2d4851a1d" relativeResultsDirectory="587baf8f-056f-4046-ae47-1b60e6ae1f4c" />
    <UnitTestResult executionId="d16dacf0-fb18-431e-93a0-384015440bd4" testId="3381c668-b622-d137-ef4b-8d5dc1469907" testName="PdfBox.Net.Tests.COSRegressionFixturesTest.ParseObject_MalformedFixture_ThrowsExpectedException(inputFixture: &quot;malformed-name-escape.cos&quot;, expectedException: typeof(System.IO.IOException))" computerName="runnervmg397c" duration="00:00:00.0001848" startTime="2026-05-24T22:33:27.0273125+00:00" endTime="2026-05-24T22:33:27.0275439+00:00" testType="13cdc9d9-ddb5-4fa4-a97d-d965ccfc6d4b" outcome="Passed" testListId="8c84fa94-04c1-424b-9868-57a2d4851a1d" relativeResultsDirectory="d16dacf0-fb18-431e-93a0-384015440bd4" />
    <UnitTestResult executionId="888d0af0-44a0-4f90-abac-fd904a34e378" testId="9c2a92c2-8997-518c-735f-57d767ae6565" testName="PdfBox.Net.Tests.ScratchFileTest.TestMainMemoryOnlyReadArray" computerName="runnervmg397c" duration="00:00:00.0069355" startTime="2026-05-24T22:33:25.8429846+00:00" endTime="2026-05-24T22:33:25.8499496+00:00" testType="13cdc9d9-ddb5-4fa4-a97d-d965ccfc6d4b" outcome="Passed" testListId="8c84fa94-04c1-424b-9868-57a2d4851a1d" relativeResultsDirectory="888d0af0-44a0-4f90-abac-fd904a34e378" />
    <UnitTestResult executionId="c545b069-34d0-46b5-818c-5a49517ce3a2" testId="24950220-55fd-5387-f8a4-187a6090adb0" testName="PdfBox.Net.Tests.COSVisitorSerializerTest.SerializeCOSNullViaVisitorDispatch" computerName="runnervmg397c" duration="00:00:00.0002061" startTime="2026-05-24T22:33:26.8096761+00:00" endTime="2026-05-24T22:33:26.8099120+00:00" testType="13cdc9d9-ddb5-4fa4-a97d-d965ccfc6d4b" outcome="Passed" testListId="8c84fa94-04c1-424b-9868-57a2d4851a1d" relativeResultsDirectory="c545b069-34d0-46b5-818c-5a49517ce3a2" />
    <UnitTestResult executionId="638ce797-7664-4e0f-bfff-0b79e6bf9033" testId="ce8ecb72-0b5c-4348-0c1b-959abc7b8bdd" testName="PdfBox.Net.Tests.RandomAccessReadBufferedFileTest.TestEmptyBuffer" computerName="runnervmg397c" duration="00:00:00.0009507" startTime="2026-05-24T22:33:26.8887568+00:00" endTime="2026-05-24T22:33:26.8897398+00:00" testType="13cdc9d9-ddb5-4fa4-a97d-d965ccfc6d4b" outcome="Passed" testListId="8c84fa94-04c1-424b-9868-57a2d4851a1d" relativeResultsDirectory="638ce797-7664-4e0f-bfff-0b79e6bf9033" />
    <UnitTestResult executionId="59d8dbd3-dab0-4643-880f-9c34c658b3fc" testId="ebc27043-f79b-9fd1-960f-b78a0a081e53" testName="PdfBox.Net.Tests.COSObjectKeyTest.CheckHashCode" computerName="runnervmg397c" duration="00:00:00.0002509" startTime="2026-05-24T22:33:27.0035502+00:00" endTime="2026-05-24T22:33:27.0038287+00:00" testType="13cdc9d9-ddb5-4fa4-a97d-d965ccfc6d4b" outcome="Passed" testListId="8c84fa94-04c1-424b-9868-57a2d4851a1d" relativeResultsDirectory="59d8dbd3-dab0-4643-880f-9c34c658b3fc" />
    <UnitTestResult executionId="75a33852-6ce7-46a3-aaf2-f22e585923c5" testId="165cb7ba-33fb-85e9-44c4-8bb62c941793" testName="PdfBox.Net.Tests.RandomAccessReadMemoryMappedFileTest.TestPositionPeek" computerName="runnervmg397c" duration="00:00:00.0010134" startTime="2026-05-24T22:33:26.3037408+00:00" endTime="2026-05-24T22:33:26.3047853+00:00" testType="13cdc9d9-ddb5-4fa4-a97d-d965ccfc6d4b" outcome="Passed" testListId="8c84fa94-04c1-424b-9868-57a2d4851a1d" relativeResultsDirectory="75a33852-6ce7-46a3-aaf2-f22e585923c5" />
    <UnitTestResult executionId="d08e60e2-3cc1-4cf4-871e-39c285fc843b" testId="bd180c77-5c1a-b76b-41de-e77a83eb6467" testName="PdfBox.Net.Tests.RenderingTextTest.PDFTextStripperByArea_ExtractRegions_ExtractsTextByRegion" computerName="runnervmg397c" duration="00:00:00.0046914" startTime="2026-05-24T22:33:26.9540746+00:00" endTime="2026-05-24T22:33:26.9587933+00:00" testType="13cdc9d9-ddb5-4fa4-a97d-d965ccfc6d4b" outcome="Passed" testListId="8c84fa94-04c1-424b-9868-57a2d4851a1d" relativeResultsDirectory="d08e60e2-3cc1-4cf4-871e-39c285fc843b" />
    <UnitTestResult executionId="31791f03-0ac2-40b7-928c-9979f22ecc49" testId="58c578b3-4d3f-2308-2bf8-2c4d0e6a4a00" testName="PdfBox.Net.Tests.TestPDPageTree.PositiveSingleLevel" computerName="runnervmg397c" duration="00:00:00.0005346" startTime="2026-05-24T22:33:26.5802344+00:00" endTime="2026-05-24T22:33:26.5808086+00:00" testType="13cdc9d9-ddb5-4fa4-a97d-d965ccfc6d4b" outcome="Passed" testListId="8c84fa94-04c1-424b-9868-57a2d4851a1d" relativeResultsDirectory="31791f03-0ac2-40b7-928c-9979f22ecc49" />
    <UnitTestResult executionId="9407eedc-e2a3-421f-a40f-870ed13c1b5e" testId="c2448e16-d49b-853c-0a9c-fe759e589674" testName="PdfBox.Net.Tests.TestPDRectangle.ContainsPointOnBoundary" computerName="runnervmg397c" duration="00:00:00.0001323" startTime="2026-05-24T22:33:26.9826167+00:00" endTime="2026-05-24T22:33:26.9827805+00:00" testType="13cdc9d9-ddb5-4fa4-a97d-d965ccfc6d4b" outcome="Passed" testListId="8c84fa94-04c1-424b-9868-57a2d4851a1d" relativeResultsDirectory="9407eedc-e2a3-421f-a40f-870ed13c1b5e" />
    <UnitTestResult executionId="dea899df-5d73-46c5-9304-d9bf58f2ca4f" testId="322c4071-fa02-3dc1-2eb5-ba596095a1f4" testName="PdfBox.Net.Tests.TestCOSStream.TestUncompressedStreamEncode" computerName="runnervmg397c" duration="00:00:00.0025131" startTime="2026-05-24T22:33:26.5190381+00:00" endTime="2026-05-24T22:33:26.5215920+00:00" testType="13cdc9d9-ddb5-4fa4-a97d-d965ccfc6d4b" outcome="Passed" testListId="8c84fa94-04c1-424b-9868-57a2d4851a1d" relativeResultsDirectory="dea899df-5d73-46c5-9304-d9bf58f2ca4f" />
    <UnitTestResult executionId="688f7089-1ab7-4d8e-9f87-14af08b79ca4" testId="2d9ee712-f86e-2bea-5632-aff57dfa06f9" testName="PdfBox.Net.Tests.GlyphListTest.ToUnicode_CommonGlyphNames_ReturnsExpectedCharacter(glyphName: &quot;nine&quot;, expected: &quot;9&quot;)" computerName="runnervmg397c" duration="00:00:00.0000202" startTime="2026-05-24T22:33:25.9209699+00:00" endTime="2026-05-24T22:33:25.9210220+00:00" testType="13cdc9d9-ddb5-4fa4-a97d-d965ccfc6d4b" outcome="Passed" testListId="8c84fa94-04c1-424b-9868-57a2d4851a1d" relativeResultsDirectory="688f7089-1ab7-4d8e-9f87-14af08b79ca4" />
    <UnitTestResult executionId="04ab5aee-ff0c-428c-b648-71e25bd14bfb" testId="adbb99df-a777-36a5-9566-f0c88f124536" testName="PdfBox.Net.Tests.CharStringParserTest.Type2Parser_Hmoveto_AppearsInSequence" computerName="runnervmg397c" duration="00:00:00.0002377" startTime="2026-05-24T22:33:26.2007742+00:00" endTime="2026-05-24T22:33:26.2010399+00:00" testType="13cdc9d9-ddb5-4fa4-a97d-d965ccfc6d4b" outcome="Passed" testListId="8c84fa94-04c1-424b-9868-57a2d4851a1d" relativeResultsDirectory="04ab5aee-ff0c-428c-b648-71e25bd14bfb" />
    <UnitTestResult executionId="8de8cab4-47cf-4eda-b832-5897ef84bc37" testId="fe9e8f00-c875-4f65-5877-efda1c01e5f3" testName="PdfBox.Net.Tests.PDDocumentPipelineTest.SaveLoadStreamPreservesMetadata" computerName="runnervmg397c" duration="00:00:00.0119694" startTime="2026-05-24T22:33:26.5278046+00:00" endTime="2026-05-24T22:33:26.5398065+00:00" testType="13cdc9d9-ddb5-4fa4-a97d-d965ccfc6d4b" outcome="Passed" testListId="8c84fa94-04c1-424b-9868-57a2d4851a1d" relativeResultsDirectory="8de8cab4-47cf-4eda-b832-5897ef84bc37" />
    <UnitTestResult executionId="8ef357a1-1425-433c-b342-d704e82ef815" testId="e498ce29-18c8-9a28-29be-8fc4bc799767" testName="PdfBox.Net.Tests.PDModelStateTest.PDTextState_Clone_IsIndependent" computerName="runnervmg397c" duration="00:00:00.0014019" startTime="2026-05-24T22:33:26.2402251+00:00" endTime="2026-05-24T22:33:26.2416531+00:00" testType="13cdc9d9-ddb5-4fa4-a97d-d965ccfc6d4b" outcome="Passed" testListId="8c84fa94-04c1-424b-9868-57a2d4851a1d" relativeResultsDirectory="8ef357a1-1425-433c-b342-d704e82ef815" />
    <UnitTestResult executionId="8aab1e19-f572-4d6a-b2d8-3d4e2be43901" testId="6fb1599c-5d71-3d15-dd32-bca966b43725" testName="PdfBox.Net.Tests.PDFunctionTest.Type4ArgumentOrder" computerName="runnervmg397c" duration="00:00:00.0080487" startTime="2026-05-24T22:33:26.0221951+00:00" endTime="2026-05-24T22:33:26.0303081+00:00" testType="13cdc9d9-ddb5-4fa4-a97d-d965ccfc6d4b" outcome="Passed" testListId="8c84fa94-04c1-424b-9868-57a2d4851a1d" relativeResultsDirectory="8aab1e19-f572-4d6a-b2d8-3d4e2be43901" />
    <UnitTestResult executionId="bbdacd0f-17b4-402e-9781-50d3cdee4397" testId="d2cbb486-7f00-7a37-2de2-5ac235fcce87" testName="PdfBox.Net.Tests.TTFParserTest.TestMinimalTrueTypeParsesCoreTables" computerName="runnervmg397c" duration="00:00:00.0142308" startTime="2026-05-24T22:33:26.4691802+00:00" endTime="2026-05-24T22:33:26.4834419+00:00" testType="13cdc9d9-ddb5-4fa4-a97d-d965ccfc6d4b" outcome="Passed" testListId="8c84fa94-04c1-424b-9868-57a2d4851a1d" relativeResultsDirectory="bbdacd0f-17b4-402e-9781-50d3cdee4397" />
    <UnitTestResult executionId="f3653e28-ccca-46f7-a08f-39f7fd878977" testId="5304d131-cd29-4f09-5b61-1073de3b23cd" testName="PdfBox.Net.Tests.OperatorProcessorsTest.ShowTextAdjusted_TJ_NonArrayOperand_DoesNotThrow" computerName="runnervmg397c" duration="00:00:00.0004554" startTime="2026-05-24T22:33:25.8686663+00:00" endTime="2026-05-24T22:33:25.8692321+00:00" testType="13cdc9d9-ddb5-4fa4-a97d-d965ccfc6d4b" outcome="Passed" testListId="8c84fa94-04c1-424b-9868-57a2d4851a1d" relativeResultsDirectory="f3653e28-ccca-46f7-a08f-39f7fd878977" />
    <UnitTestResult executionId="8da3c196-f638-4245-8174-f76572be0d99" testId="c4f69376-0629-8737-d38d-af28d3379252" testName="PdfBox.Net.Tests.PDModelInteractiveTest.PDPageFitDestinationType" computerName="runnervmg397c" duration="00:00:00.0006168" startTime="2026-05-24T22:33:26.6809266+00:00" endTime="2026-05-24T22:33:26.6815808+00:00" testType="13cdc9d9-ddb5-4fa4-a97d-d965ccfc6d4b" outcome="Passed" testListId="8c84fa94-04c1-424b-9868-57a2d4851a1d" relativeResultsDirectory="8da3c196-f638-4245-8174-f76572be0d99" />
    <UnitTestResult executionId="bd691abc-4413-477d-9c17-66d3ba601aee" testId="c76d0ecd-be56-7c14-fa8e-e04f3887b084" testName="PdfBox.Net.Tests.COSContainersTest.TestCOSStreamRoundTripAndLength" computerName="runnervmg397c" duration="00:00:00.0008187" startTime="2026-05-24T22:33:27.0012555+00:00" endTime="2026-05-24T22:33:27.0021311+00:00" testType="13cdc9d9-ddb5-4fa4-a97d-d965ccfc6d4b" outcome="Passed" testListId="8c84fa94-04c1-424b-9868-57a2d4851a1d" relativeResultsDirectory="bd691abc-4413-477d-9c17-66d3ba601aee" />
    <UnitTestResult executionId="7c493cf6-dffd-4e71-aded-5c81c6d06b06" testId="ef75571d-9f64-c0e6-bf9b-25ac25b68f7a" testName="PdfBox.Net.Tests.CharStringParserTest.CharStringCommand_Type1KeyWord_MapsCorrectly" computerName="runnervmg397c" duration="00:00:00.0107218" startTime="2026-05-24T22:33:26.1508979+00:00" endTime="2026-05-24T22:33:26.1616528+00:00" testType="13cdc9d9-ddb5-4fa4-a97d-d965ccfc6d4b" outcome="Passed" testListId="8c84fa94-04c1-424b-9868-57a2d4851a1d" relativeResultsDirectory="7c493cf6-dffd-4e71-aded-5c81c6d06b06" />
    <UnitTestResult executionId="8d9325e2-0769-43ff-8240-3ea4142d8b4e" testId="01bbfc28-e012-ae94-8080-964411d8314f" testName="PdfBox.Net.Tests.PDModelInteractiveTest.PDActionFactoryCreatesGoTo" computerName="runnervmg397c" duration="00:00:00.0010684" startTime="2026-05-24T22:33:26.6740910+00:00" endTime="2026-05-24T22:33:26.6751932+00:00" testType="13cdc9d9-ddb5-4fa4-a97d-d965ccfc6d4b" outcome="Passed" testListId="8c84fa94-04c1-424b-9868-57a2d4851a1d" relativeResultsDirectory="8d9325e2-0769-43ff-8240-3ea4142d8b4e" />
    <UnitTestResult executionId="dadd66ad-f28c-4726-b047-c5e146a9e1b2" testId="adfa5b5f-2de3-120c-8fa8-d476579cd19c" testName="PdfBox.Net.Tests.OperatorProcessorsTest.CloseFillAndStrokeOperator_b_ClosesPathBeforeFillStroke" computerName="runnervmg397c" duration="00:00:00.0021851" startTime="2026-05-24T22:33:25.8701011+00:00" endTime="2026-05-24T22:33:25.8724020+00:00" testType="13cdc9d9-ddb5-4fa4-a97d-d965ccfc6d4b" outcome="Passed" testListId="8c84fa94-04c1-424b-9868-57a2d4851a1d" relativeResultsDirectory="dadd66ad-f28c-4726-b047-c5e146a9e1b2" />
    <UnitTestResult executionId="b1c0a629-2681-4e1f-9bfb-b3fec3ca91aa" testId="b35a0bee-7e7c-b05f-ea97-814e66ba9b8b" testName="PdfBox.Net.Tests.TestPDRectangle.ContainsPointInside" computerName="runnervmg397c" duration="00:00:00.0001202" startTime="2026-05-24T22:33:26.9831214+00:00" endTime="2026-05-24T22:33:26.9883214+00:00" testType="13cdc9d9-ddb5-4fa4-a97d-d965ccfc6d4b" outcome="Passed" testListId="8c84fa94-04c1-424b-9868-57a2d4851a1d" relativeResultsDirectory="b1c0a629-2681-4e1f-9bfb-b3fec3ca91aa" />
    <UnitTestResult executionId="dcbf59c0-fc92-4494-925c-e71d3d57ec0c" testId="7ee2a9a4-6c67-8640-1671-4b90c481a97b" testName="PdfBox.Net.Tests.PDModelInteractiveTest.PDActionNamedRoundtrip" computerName="runnervmg397c" duration="00:00:00.0005331" startTime="2026-05-24T22:33:26.7478795+00:00" endTime="2026-05-24T22:33:26.7484407+00:00" testType="13cdc9d9-ddb5-4fa4-a97d-d965ccfc6d4b" outcome="Passed" testListId="8c84fa94-04c1-424b-9868-57a2d4851a1d" relativeResultsDirectory="dcbf59c0-fc92-4494-925c-e71d3d57ec0c" />
    <UnitTestResult executionId="277af8b2-bb47-4f8d-a69d-8851c37b8a75" testId="5949d355-4446-7989-eb54-70b454657bc4" testName="PdfBox.Net.Tests.ScratchFileTest.TestTempFileModeCreateBuffer" computerName="runnervmg397c" duration="00:00:00.0004337" startTime="2026-05-24T22:33:25.8368543+00:00" endTime="2026-05-24T22:33:25.8373249+00:00" testType="13cdc9d9-ddb5-4fa4-a97d-d965ccfc6d4b" outcome="Passed" testListId="8c84fa94-04c1-424b-9868-57a2d4851a1d" relativeResultsDirectory="277af8b2-bb47-4f8d-a69d-8851c37b8a75" />
    <UnitTestResult executionId="4e00f318-b209-4781-a97e-256e95354031" testId="4c4142b3-5124-e002-fcb3-a3d971468f8f" testName="PdfBox.Net.Tests.TestPDPage.SetAndGetCropBox" computerName="runnervmg397c" duration="00:00:00.0035831" startTime="2026-05-24T22:33:26.5410593+00:00" endTime="2026-05-24T22:33:26.5446747+00:00" testType="13cdc9d9-ddb5-4fa4-a97d-d965ccfc6d4b" outcome="Passed" testListId="8c84fa94-04c1-424b-9868-57a2d4851a1d" relativeResultsDirectory="4e00f318-b209-4781-a97e-256e95354031" />
    <UnitTestResult executionId="725eab17-4395-4ccc-b134-574c75aa2528" testId="557d6f80-1d9a-896c-f57e-e30367362d17" testName="PdfBox.Net.Tests.TestPDDocumentCatalog.PageLayoutRoundtrip" computerName="runnervmg397c" duration="00:00:00.0003923" startTime="2026-05-24T22:33:26.7367075+00:00" endTime="2026-05-24T22:33:26.7371337+00:00" testType="13cdc9d9-ddb5-4fa4-a97d-d965ccfc6d4b" outcome="Passed" testListId="8c84fa94-04c1-424b-9868-57a2d4851a1d" relativeResultsDirectory="725eab17-4395-4ccc-b134-574c75aa2528" />
    <UnitTestResult executionId="35f52c38-934b-4921-a353-75e2cb1cf566" testId="14e7271f-5dc2-f007-ba9f-9250d4a9f97b" testName="PdfBox.Net.Tests.GlyphListTest.ToUnicode_AccentedAndSpecialGlyphs_ReturnsExpectedCharacter(glyphName: &quot;registered&quot;, expected: &quot;®&quot;)" computerName="runnervmg397c" duration="00:00:00.0000209" startTime="2026-05-24T22:33:25.9065172+00:00" endTime="2026-05-24T22:33:25.9065718+00:00" testType="13cdc9d9-ddb5-4fa4-a97d-d965ccfc6d4b" outcome="Passed" testListId="8c84fa94-04c1-424b-9868-57a2d4851a1d" relativeResultsDirectory="35f52c38-934b-4921-a353-75e2cb1cf566" />
    <UnitTestResult executionId="a9d01af8-e6e8-48da-9c9c-8c2eac9c7fc7" testId="5cbef776-4fe4-bbdc-fb33-d90958545c14" testName="PdfBox.Net.Tests.RenderingTextTest.RenderingHints_DefaultConstructor_IsEmpty" computerName="runnervmg397c" duration="00:00:00.0004872" startTime="2026-05-24T22:33:26.8810713+00:00" endTime="2026-05-24T22:33:26.8815862+00:00" testType="13cdc9d9-ddb5-4fa4-a97d-d965ccfc6d4b" outcome="Passed" testListId="8c84fa94-04c1-424b-9868-57a2d4851a1d" relativeResultsDirectory="a9d01af8-e6e8-48da-9c9c-8c2eac9c7fc7" />
    <UnitTestResult executionId="b3e62273-f725-4d3b-ad79-6ea70d9dfea4" testId="d2b9db10-c7a0-2af4-0712-aa7ea50014d9" testName="PdfBox.Net.Tests.TestPDDocumentCatalog.LanguageRoundtrip" computerName="runnervmg397c" duration="00:00:00.0003540" startTime="2026-05-24T22:33:26.7436783+00:00" endTime="2026-05-24T22:33:26.7440595+00:00" testType="13cdc9d9-ddb5-4fa4-a97d-d965ccfc6d4b" outcome="Passed" testListId="8c84fa94-04c1-424b-9868-57a2d4851a1d" relativeResultsDirectory="b3e62273-f725-4d3b-ad79-6ea70d9dfea4" />
    <UnitTestResult executionId="5f099375-89b1-4d8d-ab4e-61fedc411a86" testId="2d16b70c-f125-a2c5-ff97-318809d69207" testName="PdfBox.Net.Tests.HexTest.TestGetCharsFromShortWithoutPassingInABuffer" computerName="runnervmg397c" duration="00:00:00.0003638" startTime="2026-05-24T22:33:27.0357800+00:00" endTime="2026-05-24T22:33:27.0361771+00:00" testType="13cdc9d9-ddb5-4fa4-a97d-d965ccfc6d4b" outcome="Passed" testListId="8c84fa94-04c1-424b-9868-57a2d4851a1d" relativeResultsDirectory="5f099375-89b1-4d8d-ab4e-61fedc411a86" />
    <UnitTestResult executionId="f47d0c64-404e-4f98-b2c5-7701f83e9614" testId="4d067220-dbd5-ee54-5e45-e42757745236" testName="PdfBox.Net.Tests.COSContainersTest.TestCOSArrayAndDictionaryAccessPatterns" computerName="runnervmg397c" duration="00:00:00.0078172" startTime="2026-05-24T22:33:26.9930679+00:00" endTime="2026-05-24T22:33:27.0009116+00:00" testType="13cdc9d9-ddb5-4fa4-a97d-d965ccfc6d4b" outcome="Passed" testListId="8c84fa94-04c1-424b-9868-57a2d4851a1d" relativeResultsDirectory="f47d0c64-404e-4f98-b2c5-7701f83e9614" />
    <UnitTestResult executionId="a8d8903e-cd0b-4f9f-ba95-69a96758ccdf" testId="2ed976f7-addd-9592-b261-eadc8734dd5f" testName="PdfBox.Net.Tests.FilterTest.ASCII85RoundTrip" computerName="runnervmg397c" duration="00:00:00.0054493" startTime="2026-05-24T22:33:26.1279513+00:00" endTime="2026-05-24T22:33:26.1334353+00:00" testType="13cdc9d9-ddb5-4fa4-a97d-d965ccfc6d4b" outcome="Passed" testListId="8c84fa94-04c1-424b-9868-57a2d4851a1d" relativeResultsDirectory="a8d8903e-cd0b-4f9f-ba95-69a96758ccdf" />
    <UnitTestResult executionId="45dc874c-5835-43cd-bcc8-b05fb8acbaf1" testId="4c6338e9-7768-c8f4-7ebc-124f5532d0dc" testName="PdfBox.Net.Tests.COSVisitorSerializerTest.SerializeCOSBooleanViaVisitorDispatch" computerName="runnervmg397c" duration="00:00:00.0002886" startTime="2026-05-24T22:33:26.7809404+00:00" endTime="2026-05-24T22:33:26.7812617+00:00" testType="13cdc9d9-ddb5-4fa4-a97d-d965ccfc6d4b" outcome="Passed" testListId="8c84fa94-04c1-424b-9868-57a2d4851a1d" relativeResultsDirectory="45dc874c-5835-43cd-bcc8-b05fb8acbaf1" />
    <UnitTestResult executionId="7dc610b9-6f5a-4e02-9214-90003b0c3d96" testId="20b71e0c-f1fc-4071-cc17-953212d3aa94" testName="PdfBox.Net.Tests.TestPDDocumentCatalog.AllPageLayoutValuesRoundtrip" computerName="runnervmg397c" duration="00:00:00.0346981" startTime="2026-05-24T22:33:26.7007341+00:00" endTime="2026-05-24T22:33:26.7354632+00:00" testType="13cdc9d9-ddb5-4fa4-a97d-d965ccfc6d4b" outcome="Passed" testListId="8c84fa94-04c1-424b-9868-57a2d4851a1d" relativeResultsDirectory="7dc610b9-6f5a-4e02-9214-90003b0c3d96" />
    <UnitTestResult executionId="8effd88a-d761-42f2-99f0-f5cf69e3c236" testId="d3b41c5c-3f15-9062-a024-869923602276" testName="PdfBox.Net.Tests.TestPDDocumentInformation.NullDateReturnsNull" computerName="runnervmg397c" duration="00:00:00.0003169" startTime="2026-05-24T22:33:26.3944876+00:00" endTime="2026-05-24T22:33:26.3948333+00:00" testType="13cdc9d9-ddb5-4fa4-a97d-d965ccfc6d4b" outcome="Passed" testListId="8c84fa94-04c1-424b-9868-57a2d4851a1d" relativeResultsDirectory="8effd88a-d761-42f2-99f0-f5cf69e3c236" />
    <UnitTestResult executionId="95f10d47-715b-44db-8d64-8f161e265d93" testId="33359061-ec65-d9a9-3549-41eeb2416023" testName="PdfBox.Net.Tests.GlyphListTest.ToUnicode_AccentedAndSpecialGlyphs_ReturnsExpectedCharacter(glyphName: &quot;quoteleft&quot;, expected: &quot;‘&quot;)" computerName="runnervmg397c" duration="00:00:00.0000201" startTime="2026-05-24T22:33:25.9139808+00:00" endTime="2026-05-24T22:33:25.9140333+00:00" testType="13cdc9d9-ddb5-4fa4-a97d-d965ccfc6d4b" outcome="Passed" testListId="8c84fa94-04c1-424b-9868-57a2d4851a1d" relativeResultsDirectory="95f10d47-715b-44db-8d64-8f161e265d93" />
    <UnitTestResult executionId="787ceffd-139b-4568-88ae-593c479291cb" testId="2eeae96c-4402-d93a-458c-f9bda5a6d1c4" testName="PdfBox.Net.Tests.OperatorProcessorsTest.MarkedContent_PointInterleavedWithSequence_OrderPreserved" computerName="runnervmg397c" duration="00:00:00.0004763" startTime="2026-05-24T22:33:25.8316641+00:00" endTime="2026-05-24T22:33:25.8321639+00:00" testType="13cdc9d9-ddb5-4fa4-a97d-d965ccfc6d4b" outcome="Passed" testListId="8c84fa94-04c1-424b-9868-57a2d4851a1d" relativeResultsDirectory="787ceffd-139b-4568-88ae-593c479291cb" />
    <UnitTestResult executionId="9612fcc7-5e8c-4645-94a8-339e91a49550" testId="35edfca0-99ec-8035-fd3b-4b4a63d5de59" testName="PdfBox.Net.Tests.PDModelInteractiveTest.OutlineItemInsertSiblingBefore" computerName="runnervmg397c" duration="00:00:00.0030826" startTime="2026-05-24T22:33:26.7439293+00:00" endTime="2026-05-24T22:33:26.7470433+00:00" testType="13cdc9d9-ddb5-4fa4-a97d-d965ccfc6d4b" outcome="Passed" testListId="8c84fa94-04c1-424b-9868-57a2d4851a1d" relativeResultsDirectory="9612fcc7-5e8c-4645-94a8-339e91a49550" />
    <UnitTestResult executionId="54b4fab9-835c-456c-ab09-ae6ff8b1e594" testId="c1f8968a-8151-4170-acb5-a04f403862c6" testName="PdfBox.Net.Tests.COSVisitorSerializerTest.SerializeCOSStringViaVisitorDispatch" computerName="runnervmg397c" duration="00:00:00.0001239" startTime="2026-05-24T22:33:26.8230711+00:00" endTime="2026-05-24T22:33:26.8232278+00:00" testType="13cdc9d9-ddb5-4fa4-a97d-d965ccfc6d4b" outcome="Passed" testListId="8c84fa94-04c1-424b-9868-57a2d4851a1d" relativeResultsDirectory="54b4fab9-835c-456c-ab09-ae6ff8b1e594" />
    <UnitTestResult executionId="18206f20-0e6d-46d2-aa3f-1984125b008c" testId="018e5054-2fb7-0008-0fc3-bcdc8a3fa731" testName="PdfBox.Net.Tests.PDModelStateTest.PDResources_GetXObject_NoXObjectSubDict_ReturnsNull" computerName="runnervmg397c" duration="00:00:00.0040356" startTime="2026-05-24T22:33:26.1741945+00:00" endTime="2026-05-24T22:33:26.1782603+00:00" testType="13cdc9d9-ddb5-4fa4-a97d-d965ccfc6d4b" outcome="Passed" testListId="8c84fa94-04c1-424b-9868-57a2d4851a1d" relativeResultsDirectory="18206f20-0e6d-46d2-aa3f-1984125b008c" />
    <UnitTestResult executionId="ee00811a-15b1-4a2e-9d77-6240b28636e7" testId="fe480f1f-2ba9-0c19-4e79-0260aa23bd96" testName="PdfBox.Net.Tests.OperatorProcessorsTest.ShowTextAdjusted_TJ_TooFewOperands_DoesNotThrow" computerName="runnervmg397c" duration="00:00:00.0006226" startTime="2026-05-24T22:33:25.8365364+00:00" endTime="2026-05-24T22:33:25.8371876+00:00" testType="13cdc9d9-ddb5-4fa4-a97d-d965ccfc6d4b" outcome="Passed" testListId="8c84fa94-04c1-424b-9868-57a2d4851a1d" relativeResultsDirectory="ee00811a-15b1-4a2e-9d77-6240b28636e7" />
    <UnitTestResult executionId="1107b6e8-3991-4e52-b213-44c4e6a655d9" testId="48adfbb0-9fc3-5f46-b92b-3e603394bc4b" testName="PdfBox.Net.Tests.OperatorProcessorsTest.StateOperators_UpdateGraphicsState" computerName="runnervmg397c" duration="00:00:00.0044798" startTime="2026-05-24T22:33:25.8772375+00:00" endTime="2026-05-24T22:33:25.8817513+00:00" testType="13cdc9d9-ddb5-4fa4-a97d-d965ccfc6d4b" outcome="Passed" testListId="8c84fa94-04c1-424b-9868-57a2d4851a1d" relativeResultsDirectory="1107b6e8-3991-4e52-b213-44c4e6a655d9" />
    <UnitTestResult executionId="95d52cdb-d712-43c3-91c8-895a8ce78609" testId="80ce186d-f650-9a83-083a-7f5cd7788994" testName="PdfBox.Net.Tests.IOUtilsTest.TestCopy" computerName="runnervmg397c" duration="00:00:00.0005423" startTime="2026-05-24T22:33:27.0475923+00:00" endTime="2026-05-24T22:33:27.0481718+00:00" testType="13cdc9d9-ddb5-4fa4-a97d-d965ccfc6d4b" outcome="Passed" testListId="8c84fa94-04c1-424b-9868-57a2d4851a1d" relativeResultsDirectory="95d52cdb-d712-43c3-91c8-895a8ce78609" />
    <UnitTestResult executionId="272e8401-1c60-415a-85d8-66121225a4b8" testId="0750d9fc-6807-3976-83cc-681323073125" testName="PdfBox.Net.Tests.RenderingTextTest.PDFTextStripperByArea_RemoveNonExistentRegion_DoesNotThrow" computerName="runnervmg397c" duration="00:00:00.0001561" startTime="2026-05-24T22:33:26.9095909+00:00" endTime="2026-05-24T22:33:26.9097754+00:00" testType="13cdc9d9-ddb5-4fa4-a97d-d965ccfc6d4b" outcome="Passed" testListId="8c84fa94-04c1-424b-9868-57a2d4851a1d" relativeResultsDirectory="272e8401-1c60-415a-85d8-66121225a4b8" />
    <UnitTestResult executionId="968f1403-c118-45e3-8760-7d7d76f4c111" testId="9c3b8257-520d-2301-b607-a0ce9b63c046" testName="PdfBox.Net.Tests.GlyphListTest.ToUnicode_UniNameConvention_ReturnsDecodedCharacter(glyphName: &quot;uni0041&quot;, expected: &quot;A&quot;)" computerName="runnervmg397c" duration="00:00:00.0000987" startTime="2026-05-24T22:33:25.9395907+00:00" endTime="2026-05-24T22:33:25.9397188+00:00" testType="13cdc9d9-ddb5-4fa4-a97d-d965ccfc6d4b" outcome="Passed" testListId="8c84fa94-04c1-424b-9868-57a2d4851a1d" relativeResultsDirectory="968f1403-c118-45e3-8760-7d7d76f4c111" />
    <UnitTestResult executionId="a4dbdbf3-ec01-4451-8d88-b9cc0d741715" testId="5cec2de2-dde4-1a23-4659-8a415556b596" testName="PdfBox.Net.Tests.GlyphListTest.ToUnicode_UniNameConvention_ReturnsDecodedCharacter(glyphName: &quot;uni00410042&quot;, expected: &quot;AB&quot;)" computerName="runnervmg397c" duration="00:00:00.0000215" startTime="2026-05-24T22:33:25.9408081+00:00" endTime="2026-05-24T22:33:25.9408576+00:00" testType="13cdc9d9-ddb5-4fa4-a97d-d965ccfc6d4b" outcome="Passed" testListId="8c84fa94-04c1-424b-9868-57a2d4851a1d" relativeResultsDirectory="a4dbdbf3-ec01-4451-8d88-b9cc0d741715" />
    <UnitTestResult executionId="035dd9ab-fcce-4a28-af4e-b4de7ad0c62c" testId="9aaf864f-b471-24ad-aa34-ffa8f9ff4975" testName="PdfBox.Net.Tests.RenderingSmokeTest.RenderImage_FilledRectangle_PixelOutsideRectIsWhite" computerName="runnervmg397c" duration="00:00:00.0006367" startTime="2026-05-24T22:33:26.0130861+00:00" endTime="2026-05-24T22:33:26.0137550+00:00" testType="13cdc9d9-ddb5-4fa4-a97d-d965ccfc6d4b" outcome="Passed" testListId="8c84fa94-04c1-424b-9868-57a2d4851a1d" relativeResultsDirectory="035dd9ab-fcce-4a28-af4e-b4de7ad0c62c" />
    <UnitTestResult executionId="5c463ffe-633c-41ac-a5f4-b79e8722572f" testId="99199da9-2370-b506-8f97-42dff40683de" testName="PdfBox.Net.Tests.ScratchFileTest.TestMainMemoryOnlyIsEOF" computerName="runnervmg397c" duration="00:00:00.0020962" startTime="2026-05-24T22:33:25.8836529+00:00" endTime="2026-05-24T22:33:25.8857785+00:00" testType="13cdc9d9-ddb5-4fa4-a97d-d965ccfc6d4b" outcome="Passed" testListId="8c84fa94-04c1-424b-9868-57a2d4851a1d" relativeResultsDirectory="5c463ffe-633c-41ac-a5f4-b79e8722572f" />
    <UnitTestResult executionId="7fe507e1-ea61-48a0-8007-a50d1f53ff77" testId="f058ebcf-47d0-a78e-507e-a300f568a959" testName="PdfBox.Net.Tests.ContentStreamEngineTest.ProcessStream_UnknownOperator_IsIgnoredWithoutException" computerName="runnervmg397c" duration="00:00:00.0007664" startTime="2026-05-24T22:33:26.5561516+00:00" endTime="2026-05-24T22:33:26.5569486+00:00" testType="13cdc9d9-ddb5-4fa4-a97d-d965ccfc6d4b" outcome="Passed" testListId="8c84fa94-04c1-424b-9868-57a2d4851a1d" relativeResultsDirectory="7fe507e1-ea61-48a0-8007-a50d1f53ff77" />
    <UnitTestResult executionId="a9b5fe41-2dbb-4b0e-9a01-e70d5938ede7" testId="5649a9fe-b198-583a-bdfd-53243b89a0c0" testName="PdfBox.Net.Tests.ContentStreamEngineTest.Concatenate_cm_MultiplesCTMByOperandMatrix" computerName="runnervmg397c" duration="00:00:00.0003232" startTime="2026-05-24T22:33:26.6001666+00:00" endTime="2026-05-24T22:33:26.6005177+00:00" testType="13cdc9d9-ddb5-4fa4-a97d-d965ccfc6d4b" outcome="Passed" testListId="8c84fa94-04c1-424b-9868-57a2d4851a1d" relativeResultsDirectory="a9b5fe41-2dbb-4b0e-9a01-e70d5938ede7" />
    <UnitTestResult executionId="44f4542a-148b-4649-9cc9-fcac19d9993f" testId="cf2f3bcd-721f-2ae5-5b18-7ca9650b1393" testName="PdfBox.Net.Tests.PrintingTest.TestOrientationEnumValues" computerName="runnervmg397c" duration="00:00:00.0032634" startTime="2026-05-24T22:33:26.2633639+00:00" endTime="2026-05-24T22:33:26.2666608+00:00" testType="13cdc9d9-ddb5-4fa4-a97d-d965ccfc6d4b" outcome="Passed" testListId="8c84fa94-04c1-424b-9868-57a2d4851a1d" relativeResultsDirectory="44f4542a-148b-4649-9cc9-fcac19d9993f" />
    <UnitTestResult executionId="2f21b805-d890-4219-a130-f96db3d10059" testId="6e6facf4-51fe-eff8-cfdf-302909f65abb" testName="PdfBox.Net.Tests.OperatorProcessorsTest.MarkedContent_NestedBMCAndEMC_HooksCalledInOrder" computerName="runnervmg397c" duration="00:00:00.0024992" startTime="2026-05-24T22:33:25.8860397+00:00" endTime="2026-05-24T22:33:25.8885661+00:00" testType="13cdc9d9-ddb5-4fa4-a97d-d965ccfc6d4b" outcome="Passed" testListId="8c84fa94-04c1-424b-9868-57a2d4851a1d" relativeResultsDirectory="2f21b805-d890-4219-a130-f96db3d10059" />
    <UnitTestResult executionId="394362de-8fe0-4422-97cb-7777dbb909bc" testId="d306d507-76c1-3ee3-e368-7fa9fc770c73" testName="PdfBox.Net.Tests.EncryptionTest.Load_OwnerRestrictedPdf_WithNoUserPassword_ReturnsRestrictedPermissions" computerName="runnervmg397c" duration="00:00:00.0200090" startTime="2026-05-24T22:33:26.2318506+00:00" endTime="2026-05-24T22:33:26.2518964+00:00" testType="13cdc9d9-ddb5-4fa4-a97d-d965ccfc6d4b" outcome="Passed" testListId="8c84fa94-04c1-424b-9868-57a2d4851a1d" relativeResultsDirectory="394362de-8fe0-4422-97cb-7777dbb909bc" />
    <UnitTestResult executionId="cb4c1164-acab-41c3-b2bd-80bb2bf8aa4e" testId="194461da-9cea-90f3-b01b-04d66b538fd3" testName="PdfBox.Net.Tests.FontStubsReplacementTest.PDTrueTypeFont_UsesWidthsArrayFromFontDictionary" computerName="runnervmg397c" duration="00:00:00.0005472" startTime="2026-05-24T22:33:26.6670288+00:00" endTime="2026-05-24T22:33:26.6676049+00:00" testType="13cdc9d9-ddb5-4fa4-a97d-d965ccfc6d4b" outcome="Passed" testListId="8c84fa94-04c1-424b-9868-57a2d4851a1d" relativeResultsDirectory="cb4c1164-acab-41c3-b2bd-80bb2bf8aa4e" />
    <UnitTestResult executionId="c859f8dc-52d5-4ee7-997f-fd57dfd21f57" testId="8f56f700-e768-da92-9cda-779d4c3eaa27" testName="PdfBox.Net.Tests.GlyphListTest.ToUnicode_CommonGlyphNames_ReturnsExpectedCharacter(glyphName: &quot;underscore&quot;, expected: &quot;_&quot;)" computerName="runnervmg397c" duration="00:00:00.0012400" startTime="2026-05-24T22:33:25.9152036+00:00" endTime="2026-05-24T22:33:25.9164813+00:00" testType="13cdc9d9-ddb5-4fa4-a97d-d965ccfc6d4b" outcome="Passed" testListId="8c84fa94-04c1-424b-9868-57a2d4851a1d" relativeResultsDirectory="c859f8dc-52d5-4ee7-997f-fd57dfd21f57" />
    <UnitTestResult executionId="7a88e322-227d-441c-acac-b9db15f1199f" testId="e4787580-e7a4-0c7f-70c7-3ea67575f3f6" testName="PdfBox.Net.Tests.COSVisitorSerializerTest.SerializeCOSArrayViaVisitorDispatch" computerName="runnervmg397c" duration="00:00:00.0003057" startTime="2026-05-24T22:33:26.7949215+00:00" endTime="2026-05-24T22:33:26.7952548+00:00" testType="13cdc9d9-ddb5-4fa4-a97d-d965ccfc6d4b" outcome="Passed" testListId="8c84fa94-04c1-424b-9868-57a2d4851a1d" relativeResultsDirectory="7a88e322-227d-441c-acac-b9db15f1199f" />
    <UnitTestResult executionId="686d3576-7bfa-4f73-8ff1-bb0b6be63841" testId="e4992f47-b042-85c0-91a8-bc9262f7e398" testName="PdfBox.Net.Tests.FilterTest.RunLengthRoundTrip" computerName="runnervmg397c" duration="00:00:00.0031468" startTime="2026-05-24T22:33:26.1244287+00:00" endTime="2026-05-24T22:33:26.1276110+00:00" testType="13cdc9d9-ddb5-4fa4-a97d-d965ccfc6d4b" outcome="Passed" testListId="8c84fa94-04c1-424b-9868-57a2d4851a1d" relativeResultsDirectory="686d3576-7bfa-4f73-8ff1-bb0b6be63841" />
    <UnitTestResult executionId="a854babe-cc87-4da8-a2ac-6b5fee5e6d33" testId="98f4e289-2599-9724-c013-2fa9a1d63324" testName="PdfBox.Net.Tests.PDFDocumentParserTest.ParseDocumentStart_MissingStartxrefThrows" computerName="runnervmg397c" duration="00:00:00.0080308" startTime="2026-05-24T22:33:26.3416345+00:00" endTime="2026-05-24T22:33:26.3496962+00:00" testType="13cdc9d9-ddb5-4fa4-a97d-d965ccfc6d4b" outcome="Passed" testListId="8c84fa94-04c1-424b-9868-57a2d4851a1d" relativeResultsDirectory="a854babe-cc87-4da8-a2ac-6b5fee5e6d33" />
    <UnitTestResult executionId="7c3072fa-2811-42f3-91d8-a020105e3b36" testId="2ed86f5d-a258-21a4-5a89-540d83cb5f58" testName="PdfBox.Net.Tests.PDModelStateTest.PDTextState_Defaults_MatchPDFSpec" computerName="runnervmg397c" duration="00:00:00.0004842" startTime="2026-05-24T22:33:26.1694977+00:00" endTime="2026-05-24T22:33:26.1700174+00:00" testType="13cdc9d9-ddb5-4fa4-a97d-d965ccfc6d4b" outcome="Passed" testListId="8c84fa94-04c1-424b-9868-57a2d4851a1d" relativeResultsDirectory="7c3072fa-2811-42f3-91d8-a020105e3b36" />
    <UnitTestResult executionId="9d5d5b5e-f503-4933-9be7-e354580fb8f3" testId="32377ac6-e929-5e70-f4b5-b78e74c27f0a" testName="PdfBox.Net.Tests.RandomAccessOutputStreamTest.TestUnsupportedOperations" computerName="runnervmg397c" duration="00:00:00.0011574" startTime="2026-05-24T22:33:26.2790144+00:00" endTime="2026-05-24T22:33:26.2802042+00:00" testType="13cdc9d9-ddb5-4fa4-a97d-d965ccfc6d4b" outcome="Passed" testListId="8c84fa94-04c1-424b-9868-57a2d4851a1d" relativeResultsDirectory="9d5d5b5e-f503-4933-9be7-e354580fb8f3" />
    <UnitTestResult executionId="3cd983d5-51fd-44a9-b6c3-949b3a1b70de" testId="3736e1ca-9436-bf02-594e-7a4fc12a6736" testName="PdfBox.Net.Tests.GlyphListTest.ToUnicode_CommonGlyphNames_ReturnsExpectedCharacter(glyphName: &quot;parenleft&quot;, expected: &quot;(&quot;)" computerName="runnervmg397c" duration="00:00:00.0000206" startTime="2026-05-24T22:33:25.9259764+00:00" endTime="2026-05-24T22:33:25.9260322+00:00" testType="13cdc9d9-ddb5-4fa4-a97d-d965ccfc6d4b" outcome="Passed" testListId="8c84fa94-04c1-424b-9868-57a2d4851a1d" relativeResultsDirectory="3cd983d5-51fd-44a9-b6c3-949b3a1b70de" />
    <UnitTestResult executionId="5b2df568-aae6-4ece-8ed5-0269385fe60d" testId="2c1e0eb9-0fe4-57e2-3fe3-0f1bb5ae210a" testName="PdfBox.Net.Tests.FilterTest.FilterFactoryResolvesStandardFilters" computerName="runnervmg397c" duration="00:00:00.0006891" startTime="2026-05-24T22:33:26.1474725+00:00" endTime="2026-05-24T22:33:26.1481925+00:00" testType="13cdc9d9-ddb5-4fa4-a97d-d965ccfc6d4b" outcome="Passed" testListId="8c84fa94-04c1-424b-9868-57a2d4851a1d" relativeResultsDirectory="5b2df568-aae6-4ece-8ed5-0269385fe60d" />
    <UnitTestResult executionId="467a7d64-e806-4a60-b873-58fb57f7877e" testId="80146dbc-1374-083f-1c17-a9208eafb605" testName="PdfBox.Net.Tests.RandomAccessReadWriteBufferTest.TestLengthWriteByte" computerName="runnervmg397c" duration="00:00:00.0002634" startTime="2026-05-24T22:33:26.4761536+00:00" endTime="2026-05-24T22:33:26.4764489+00:00" testType="13cdc9d9-ddb5-4fa4-a97d-d965ccfc6d4b" outcome="Passed" testListId="8c84fa94-04c1-424b-9868-57a2d4851a1d" relativeResultsDirectory="467a7d64-e806-4a60-b873-58fb57f7877e" />
    <UnitTestResult executionId="9417dbd6-4383-4d60-800b-baddb770fc8b" testId="0aed8bd9-1c0d-747c-133a-f5f263cef720" testName="PdfBox.Net.Tests.RenderingSmokeTest.RenderImage_FilledRectangle_PixelInsideRectIsNotWhite" computerName="runnervmg397c" duration="00:00:00.0008849" startTime="2026-05-24T22:33:26.0113100+00:00" endTime="2026-05-24T22:33:26.0122278+00:00" testType="13cdc9d9-ddb5-4fa4-a97d-d965ccfc6d4b" outcome="Passed" testListId="8c84fa94-04c1-424b-9868-57a2d4851a1d" relativeResultsDirectory="9417dbd6-4383-4d60-800b-baddb770fc8b" />
    <UnitTestResult executionId="0494cc3a-f918-4c27-a28d-e957ef67f085" testId="742b5a1f-5efc-1f6a-670f-14121dab7235" testName="PdfBox.Net.Tests.OperatorProcessorsTest.OtherOperators_InvokeHooksAndCompatibilityState" computerName="runnervmg397c" duration="00:00:00.0298379" startTime="2026-05-24T22:33:25.7375483+00:00" endTime="2026-05-24T22:33:25.7674184+00:00" testType="13cdc9d9-ddb5-4fa4-a97d-d965ccfc6d4b" outcome="Passed" testListId="8c84fa94-04c1-424b-9868-57a2d4851a1d" relativeResultsDirectory="0494cc3a-f918-4c27-a28d-e957ef67f085" />
    <UnitTestResult executionId="ea8e8916-3bde-43f9-8a5a-3a4bcc8545e1" testId="b21992b4-99e7-a8ab-800a-618b818e3c2d" testName="PdfBox.Net.Tests.UnmodifiableCOSDictionaryTest.TestSetInt" computerName="runnervmg397c" duration="00:00:00.0004845" startTime="2026-05-24T22:33:26.9636375+00:00" endTime="2026-05-24T22:33:26.9641516+00:00" testType="13cdc9d9-ddb5-4fa4-a97d-d965ccfc6d4b" outcome="Passed" testListId="8c84fa94-04c1-424b-9868-57a2d4851a1d" relativeResultsDirectory="ea8e8916-3bde-43f9-8a5a-3a4bcc8545e1" />
    <UnitTestResult executionId="4e0d63a0-20b4-4506-8a9e-520f601eb73e" testId="3933023c-40d6-d8f6-62bf-4e3a28ba8ba0" testName="PdfBox.Net.Tests.TestPDPage.PageWithCustomMediaBox" computerName="runnervmg397c" duration="00:00:00.0001533" startTime="2026-05-24T22:33:26.5516681+00:00" endTime="2026-05-24T22:33:26.5518472+00:00" testType="13cdc9d9-ddb5-4fa4-a97d-d965ccfc6d4b" outcome="Passed" testListId="8c84fa94-04c1-424b-9868-57a2d4851a1d" relativeResultsDirectory="4e0d63a0-20b4-4506-8a9e-520f601eb73e" />
    <UnitTestResult executionId="f0e49de2-13d6-4afb-8e79-21f4d8008787" testId="f72cc86a-b2f1-15a3-5724-2e22999954a1" testName="PdfBox.Net.Tests.GlyphListTest.ToUnicode_UNameConvention_ReturnsDecodedCharacter(glyphName: &quot;u1F600&quot;, expected: &quot;\ud83d\ude00&quot;)" computerName="runnervmg397c" duration="00:00:00.0000220" startTime="2026-05-24T22:33:25.9448678+00:00" endTime="2026-05-24T22:33:25.9449188+00:00" testType="13cdc9d9-ddb5-4fa4-a97d-d965ccfc6d4b" outcome="Passed" testListId="8c84fa94-04c1-424b-9868-57a2d4851a1d" relativeResultsDirectory="f0e49de2-13d6-4afb-8e79-21f4d8008787" />
    <UnitTestResult executionId="b52226cf-e6e0-4f86-b90e-73486a15bde9" testId="ffdc2126-ebbf-d21c-17d6-f552b45779fd" testName="PdfBox.Net.Tests.CFFParserTest.TestMinimalOpenTypeCffParses" computerName="runnervmg397c" duration="00:00:00.0614670" startTime="2026-05-24T22:33:26.3859025+00:00" endTime="2026-05-24T22:33:26.4474090+00:00" testType="13cdc9d9-ddb5-4fa4-a97d-d965ccfc6d4b" outcome="Passed" testListId="8c84fa94-04c1-424b-9868-57a2d4851a1d" relativeResultsDirectory="b52226cf-e6e0-4f86-b90e-73486a15bde9" />
    <UnitTestResult executionId="2db35779-0e4e-4042-9b2b-6c0d8432f999" testId="5cb33180-d9ad-964a-ee76-8d439e9e6a36" testName="PdfBox.Net.Tests.ContentStreamEngineTest.SetTextRise_Ts_UpdatesRise" computerName="runnervmg397c" duration="00:00:00.0004151" startTime="2026-05-24T22:33:26.5685201+00:00" endTime="2026-05-24T22:33:26.5689678+00:00" testType="13cdc9d9-ddb5-4fa4-a97d-d965ccfc6d4b" outcome="Passed" testListId="8c84fa94-04c1-424b-9868-57a2d4851a1d" relativeResultsDirectory="2db35779-0e4e-4042-9b2b-6c0d8432f999" />
    <UnitTestResult executionId="ad508920-355f-41a6-b35d-6f6c3dd78871" testId="05e45cfe-2d39-48ad-8129-1db228ebde38" testName="PdfBox.Net.Tests.DateConverterTest.TestDateConversion" computerName="runnervmg397c" duration="00:00:00.0018531" startTime="2026-05-24T22:33:25.7327337+00:00" endTime="2026-05-24T22:33:25.7346366+00:00" testType="13cdc9d9-ddb5-4fa4-a97d-d965ccfc6d4b" outcome="Passed" testListId="8c84fa94-04c1-424b-9868-57a2d4851a1d" relativeResultsDirectory="ad508920-355f-41a6-b35d-6f6c3dd78871" />
    <UnitTestResult executionId="1588ecd4-2f8f-4437-b512-c693a56d3d52" testId="e476232f-6125-cc94-e358-c545bbe3626c" testName="PdfBox.Net.Tests.ScratchFileTest.TestBufferClosedAfterScratchFileClosed" computerName="runnervmg397c" duration="00:00:00.0014961" startTime="2026-05-24T22:33:25.8236499+00:00" endTime="2026-05-24T22:33:25.8251770+00:00" testType="13cdc9d9-ddb5-4fa4-a97d-d965ccfc6d4b" outcome="Passed" testListId="8c84fa94-04c1-424b-9868-57a2d4851a1d" relativeResultsDirectory="1588ecd4-2f8f-4437-b512-c693a56d3d52" />
    <UnitTestResult executionId="2184d30c-2c1e-4152-ae20-8f683a1875a7" testId="ab11b20d-5e30-04c3-6722-cc6cc79ffac8" testName="PdfBox.Net.Tests.CharStringParserTest.CFFISOAdobeCharset_LastEntry_IsZcaron" computerName="runnervmg397c" duration="00:00:00.0001205" startTime="2026-05-24T22:33:26.1464503+00:00" endTime="2026-05-24T22:33:26.1466144+00:00" testType="13cdc9d9-ddb5-4fa4-a97d-d965ccfc6d4b" outcome="Passed" testListId="8c84fa94-04c1-424b-9868-57a2d4851a1d" relativeResultsDirectory="2184d30c-2c1e-4152-ae20-8f683a1875a7" />
    <UnitTestResult executionId="56d3070c-a51c-4474-afcc-8e03e650da76" testId="ebefd96b-e880-6c97-aafb-24522b0d02c5" testName="PdfBox.Net.Tests.IOUtilsTest.TestCreateProtectedTempDirAndFile" computerName="runnervmg397c" duration="00:00:00.0079396" startTime="2026-05-24T22:33:27.0528458+00:00" endTime="2026-05-24T22:33:27.0608224+00:00" testType="13cdc9d9-ddb5-4fa4-a97d-d965ccfc6d4b" outcome="Passed" testListId="8c84fa94-04c1-424b-9868-57a2d4851a1d" relativeResultsDirectory="56d3070c-a51c-4474-afcc-8e03e650da76" />
    <UnitTestResult executionId="ffd14279-4508-4c1d-9558-e63c172acee6" testId="eb8eef70-4275-68da-d5c4-7e2b400bc6bb" testName="PdfBox.Net.Tests.SequenceRandomAccessReadTest.TestCreateAndRead" computerName="runnervmg397c" duration="00:00:00.0035114" startTime="2026-05-24T22:33:26.5858538+00:00" endTime="2026-05-24T22:33:26.5893990+00:00" testType="13cdc9d9-ddb5-4fa4-a97d-d965ccfc6d4b" outcome="Passed" testListId="8c84fa94-04c1-424b-9868-57a2d4851a1d" relativeResultsDirectory="ffd14279-4508-4c1d-9558-e63c172acee6" />
    <UnitTestResult executionId="f14f2ad5-5ad3-47e1-8550-529abe730040" testId="f07c44d3-956a-dcbf-0b1e-436c8e842d38" testName="PdfBox.Net.Tests.RenderingTextTest.PDFTextStripper_SetEndPage_RoundTrips" computerName="runnervmg397c" duration="00:00:00.0002285" startTime="2026-05-24T22:33:26.9626732+00:00" endTime="2026-05-24T22:33:26.9629315+00:00" testType="13cdc9d9-ddb5-4fa4-a97d-d965ccfc6d4b" outcome="Passed" testListId="8c84fa94-04c1-424b-9868-57a2d4851a1d" relativeResultsDirectory="f14f2ad5-5ad3-47e1-8550-529abe730040" />
    <UnitTestResult executionId="483df530-d151-42c2-bb73-c602ee3e823f" testId="805b3f02-dfd1-1356-61b5-2bbeddd16461" testName="PdfBox.Net.Tests.PDModelStateTest.PDResources_GetFont_NoFontSubDict_ReturnsNull" computerName="runnervmg397c" duration="00:00:00.0001245" startTime="2026-05-24T22:33:26.2397543+00:00" endTime="2026-05-24T22:33:26.2399166+00:00" testType="13cdc9d9-ddb5-4fa4-a97d-d965ccfc6d4b" outcome="Passed" testListId="8c84fa94-04c1-424b-9868-57a2d4851a1d" relativeResultsDirectory="483df530-d151-42c2-bb73-c602ee3e823f" />
    <UnitTestResult executionId="efa06bb0-6884-487a-b4ce-961efa3e1eb1" testId="5a557334-9915-4750-9a00-db4c4acf3bc1" testName="PdfBox.Net.Tests.IOUtilsTest.TestToByteArray" computerName="runnervmg397c" duration="00:00:00.0033422" startTime="2026-05-24T22:33:27.0649990+00:00" endTime="2026-05-24T22:33:27.0683724+00:00" testType="13cdc9d9-ddb5-4fa4-a97d-d965ccfc6d4b" outcome="Passed" testListId="8c84fa94-04c1-424b-9868-57a2d4851a1d" relativeResultsDirectory="efa06bb0-6884-487a-b4ce-961efa3e1eb1" />
    <UnitTestResult executionId="96d54b65-724f-412e-be39-19fee29df6f8" testId="117d18ec-48f6-84f0-c859-911ff83bdae4" testName="PdfBox.Net.Tests.PDModelInteractiveTest.AddSiblingRequiresSingleNode" computerName="runnervmg397c" duration="00:00:00.0005888" startTime="2026-05-24T22:33:26.7312617+00:00" endTime="2026-05-24T22:33:26.7339555+00:00" testType="13cdc9d9-ddb5-4fa4-a97d-d965ccfc6d4b" outcome="Passed" testListId="8c84fa94-04c1-424b-9868-57a2d4851a1d" relativeResultsDirectory="96d54b65-724f-412e-be39-19fee29df6f8" />
    <UnitTestResult executionId="65512616-a64f-4141-a75b-5ee5bcba570e" testId="639b3809-4d69-4706-2993-e4dbbda7915f" testName="PdfBox.Net.Tests.GlyphListTest.ToUnicode_AccentedAndSpecialGlyphs_ReturnsExpectedCharacter(glyphName: &quot;Adieresis&quot;, expected: &quot;Ä&quot;)" computerName="runnervmg397c" duration="00:00:00.0000213" startTime="2026-05-24T22:33:25.9135911+00:00" endTime="2026-05-24T22:33:25.9136531+00:00" testType="13cdc9d9-ddb5-4fa4-a97d-d965ccfc6d4b" outcome="Passed" testListId="8c84fa94-04c1-424b-9868-57a2d4851a1d" relativeResultsDirectory="65512616-a64f-4141-a75b-5ee5bcba570e" />
    <UnitTestResult executionId="1df152f3-b2df-4026-b30b-1b9bd511420f" testId="6f50f473-991d-beca-3886-fc7650927dab" testName="PdfBox.Net.Tests.RandomAccessReadBufferedFileTest.TestView" computerName="runnervmg397c" duration="00:00:00.0140456" startTime="2026-05-24T22:33:26.8901124+00:00" endTime="2026-05-24T22:33:26.9041922+00:00" testType="13cdc9d9-ddb5-4fa4-a97d-d965ccfc6d4b" outcome="Passed" testListId="8c84fa94-04c1-424b-9868-57a2d4851a1d" relativeResultsDirectory="1df152f3-b2df-4026-b30b-1b9bd511420f" />
    <UnitTestResult executionId="e7db6ad1-cd1c-4a65-a031-a09f19d9f27b" testId="ae69a198-52e9-14e5-b947-a916de43c8d4" testName="PdfBox.Net.Tests.RandomAccessInputStreamTest.TestIndependentPosition" computerName="runnervmg397c" duration="00:00:00.0002598" startTime="2026-05-24T22:33:26.8440897+00:00" endTime="2026-05-24T22:33:26.8443768+00:00" testType="13cdc9d9-ddb5-4fa4-a97d-d965ccfc6d4b" outcome="Passed" testListId="8c84fa94-04c1-424b-9868-57a2d4851a1d" relativeResultsDirectory="e7db6ad1-cd1c-4a65-a031-a09f19d9f27b" />
    <UnitTestResult executionId="b9e69813-896e-4b1b-b4ae-e53178ff072e" testId="43b89a0b-e5e8-cbd9-7ce8-d21d71523129" testName="PdfBox.Net.Tests.CharStringParserTest.FDSelect_LambdaImplementation_Works" computerName="runnervmg397c" duration="00:00:00.0004004" startTime="2026-05-24T22:33:26.1796848+00:00" endTime="2026-05-24T22:33:26.1801158+00:00" testType="13cdc9d9-ddb5-4fa4-a97d-d965ccfc6d4b" outcome="Passed" testListId="8c84fa94-04c1-424b-9868-57a2d4851a1d" relativeResultsDirectory="b9e69813-896e-4b1b-b4ae-e53178ff072e" />
    <UnitTestResult executionId="27e296aa-3be0-4bf4-972b-ef5860f1ff46" testId="f2b422c5-cf4e-e14a-5856-eb3df89bed48" testName="PdfBox.Net.Tests.PDModelInteractiveTest.OutlineItemInsertSiblingAfter" computerName="runnervmg397c" duration="00:00:00.0005772" startTime="2026-05-24T22:33:26.7627361+00:00" endTime="2026-05-24T22:33:26.7633570+00:00" testType="13cdc9d9-ddb5-4fa4-a97d-d965ccfc6d4b" outcome="Passed" testListId="8c84fa94-04c1-424b-9868-57a2d4851a1d" relativeResultsDirectory="27e296aa-3be0-4bf4-972b-ef5860f1ff46" />
    <UnitTestResult executionId="83f83d8e-5cde-4e47-8a57-7acaa56c0bfe" testId="21ff9c27-f931-ca78-6954-b456ad313ac4" testName="PdfBox.Net.Tests.COSContainersTest.TestExpandedVisitorCoverage" computerName="runnervmg397c" duration="00:00:00.0014370" startTime="2026-05-24T22:33:26.9870868+00:00" endTime="2026-05-24T22:33:26.9927785+00:00" testType="13cdc9d9-ddb5-4fa4-a97d-d965ccfc6d4b" outcome="Passed" testListId="8c84fa94-04c1-424b-9868-57a2d4851a1d" relativeResultsDirectory="83f83d8e-5cde-4e47-8a57-7acaa56c0bfe" />
    <UnitTestResult executionId="1ea0b95e-41a5-4e1e-a7d9-08b2e3176299" testId="0dde1308-fd71-e7f4-69ac-8b4acc3cba08" testName="PdfBox.Net.Tests.TestPDRectangle.DefaultConstructorIsZero" computerName="runnervmg397c" duration="00:00:00.0003165" startTime="2026-05-24T22:33:26.9648262+00:00" endTime="2026-05-24T22:33:26.9651761+00:00" testType="13cdc9d9-ddb5-4fa4-a97d-d965ccfc6d4b" outcome="Passed" testListId="8c84fa94-04c1-424b-9868-57a2d4851a1d" relativeResultsDirectory="1ea0b95e-41a5-4e1e-a7d9-08b2e3176299" />
    <UnitTestResult executionId="d77dc4b5-8b1e-4bf4-a9e7-0de813708826" testId="d5db5ca4-78e0-3c56-ce86-e6a9899bd2b3" testName="PdfBox.Net.Tests.EncodingTest.TestMacRomanEncoding" computerName="runnervmg397c" duration="00:00:00.0070060" startTime="2026-05-24T22:33:26.4015347+00:00" endTime="2026-05-24T22:33:26.4085730+00:00" testType="13cdc9d9-ddb5-4fa4-a97d-d965ccfc6d4b" outcome="Passed" testListId="8c84fa94-04c1-424b-9868-57a2d4851a1d" relativeResultsDirectory="d77dc4b5-8b1e-4bf4-a9e7-0de813708826" />
    <UnitTestResult executionId="812c6818-09b6-45fb-90b5-e3ddfc0229bd" testId="4d22299b-015a-e0b3-3446-3854b81ebd83" testName="PdfBox.Net.Tests.ContentStreamEngineTest.SetTextRenderingMode_Tr_UpdatesRenderingMode" computerName="runnervmg397c" duration="00:00:00.0003807" startTime="2026-05-24T22:33:26.5727107+00:00" endTime="2026-05-24T22:33:26.5731218+00:00" testType="13cdc9d9-ddb5-4fa4-a97d-d965ccfc6d4b" outcome="Passed" testListId="8c84fa94-04c1-424b-9868-57a2d4851a1d" relativeResultsDirectory="812c6818-09b6-45fb-90b5-e3ddfc0229bd" />
    <UnitTestResult executionId="86cf8ba7-9cae-4e23-9abd-ebae39fd031e" testId="2565f92c-6956-353d-e8c7-44d85a4f6818" testName="PdfBox.Net.Tests.PDModelInteractiveTest.OutlineItemSetDestinationWithPage" computerName="runnervmg397c" duration="00:00:00.0054580" startTime="2026-05-24T22:33:26.6899408+00:00" endTime="2026-05-24T22:33:26.6954285+00:00" testType="13cdc9d9-ddb5-4fa4-a97d-d965ccfc6d4b" outcome="Passed" testListId="8c84fa94-04c1-424b-9868-57a2d4851a1d" relativeResultsDirectory="86cf8ba7-9cae-4e23-9abd-ebae39fd031e" />
    <UnitTestResult executionId="0352ccbb-388f-4644-b6d6-bb70035d0f81" testId="470dab75-e7b6-e5b0-9fa0-eeac0835b983" testName="PdfBox.Net.Tests.TestPDRectangle.ContainsPointOutside" computerName="runnervmg397c" duration="00:00:00.0004047" startTime="2026-05-24T22:33:26.9724098+00:00" endTime="2026-05-24T22:33:26.9728494+00:00" testType="13cdc9d9-ddb5-4fa4-a97d-d965ccfc6d4b" outcome="Passed" testListId="8c84fa94-04c1-424b-9868-57a2d4851a1d" relativeResultsDirectory="0352ccbb-388f-4644-b6d6-bb70035d0f81" />
    <UnitTestResult executionId="20e98ad5-4165-4c9c-8a78-7ba50b2c8a4e" testId="e1c521d4-fa27-b602-94b4-33991ce7463a" testName="PdfBox.Net.Tests.TestCOSStream.TestCompressedStream1Decode" computerName="runnervmg397c" duration="00:00:00.0002972" startTime="2026-05-24T22:33:26.5318232+00:00" endTime="2026-05-24T22:33:26.5321486+00:00" testType="13cdc9d9-ddb5-4fa4-a97d-d965ccfc6d4b" outcome="Passed" testListId="8c84fa94-04c1-424b-9868-57a2d4851a1d" relativeResultsDirectory="20e98ad5-4165-4c9c-8a78-7ba50b2c8a4e" />
    <UnitTestResult executionId="89892ddf-14a8-496a-ab7f-685be8bf6cc9" testId="cc775909-dd22-50a1-ad74-5ed54c1a72e2" testName="PdfBox.Net.Tests.COSVisitorSerializerTest.SerializeCOSNameViaVisitorDispatch" computerName="runnervmg397c" duration="00:00:00.0002422" startTime="2026-05-24T22:33:26.8001965+00:00" endTime="2026-05-24T22:33:26.8004688+00:00" testType="13cdc9d9-ddb5-4fa4-a97d-d965ccfc6d4b" outcome="Passed" testListId="8c84fa94-04c1-424b-9868-57a2d4851a1d" relativeResultsDirectory="89892ddf-14a8-496a-ab7f-685be8bf6cc9" />
    <UnitTestResult executionId="6ccc54c1-3a3a-4c52-98b6-ec73a78d3ad9" testId="fe7f8bb2-5a0e-2e6f-6ea6-eef688f745a2" testName="PdfBox.Net.Tests.ContentStreamEngineTest.SetWordSpacing_Tw_UpdatesWordSpacing" computerName="runnervmg397c" duration="00:00:00.0004134" startTime="2026-05-24T22:33:26.6120950+00:00" endTime="2026-05-24T22:33:26.6125364+00:00" testType="13cdc9d9-ddb5-4fa4-a97d-d965ccfc6d4b" outcome="Passed" testListId="8c84fa94-04c1-424b-9868-57a2d4851a1d" relativeResultsDirectory="6ccc54c1-3a3a-4c52-98b6-ec73a78d3ad9" />
    <UnitTestResult executionId="ec0d5106-6229-483c-b25e-29200c0d0554" testId="fcc3231b-19da-4d41-6e63-c28daca446cf" testName="PdfBox.Net.Tests.ContentStreamEngineTest.SetMatrix_ThenMoveText_MoveTextIsRelativeToLineMatrix" computerName="runnervmg397c" duration="00:00:00.0050334" startTime="2026-05-24T22:33:26.6017047+00:00" endTime="2026-05-24T22:33:26.6067670+00:00" testType="13cdc9d9-ddb5-4fa4-a97d-d965ccfc6d4b" outcome="Passed" testListId="8c84fa94-04c1-424b-9868-57a2d4851a1d" relativeResultsDirectory="ec0d5106-6229-483c-b25e-29200c0d0554" />
    <UnitTestResult executionId="5d25c955-f375-41cf-9e62-af37f22ced25" testId="7e0c4521-3194-d8fc-5eff-bec782d7c7bb" testName="PdfBox.Net.Tests.RandomAccessReadWriteBufferTest.TestPaging" computerName="runnervmg397c" duration="00:00:00.0002810" startTime="2026-05-24T22:33:26.4843825+00:00" endTime="2026-05-24T22:33:26.4846933+00:00" testType="13cdc9d9-ddb5-4fa4-a97d-d965ccfc6d4b" outcome="Passed" testListId="8c84fa94-04c1-424b-9868-57a2d4851a1d" relativeResultsDirectory="5d25c955-f375-41cf-9e62-af37f22ced25" />
    <UnitTestResult executionId="2a155e70-665b-4a15-876b-736204c5dd42" testId="b4b001fd-6fb2-a55b-8f96-21f0f8134c3d" testName="PdfBox.Net.Tests.GlyphListTest.DefaultConstructor_EmptyList_ReturnsNullForAnyGlyph" computerName="runnervmg397c" duration="00:00:00.0013708" startTime="2026-05-24T22:33:25.9462577+00:00" endTime="2026-05-24T22:33:25.9478071+00:00" testType="13cdc9d9-ddb5-4fa4-a97d-d965ccfc6d4b" outcome="Passed" testListId="8c84fa94-04c1-424b-9868-57a2d4851a1d" relativeResultsDirectory="2a155e70-665b-4a15-876b-736204c5dd42" />
    <UnitTestResult executionId="50991583-d412-498d-b521-af729edd7021" testId="44470bfc-bf49-90e8-961f-91cb46fe4c8c" testName="PdfBox.Net.Tests.RenderingTextTest.PDFTextStripperByArea_RemoveRegion_RemovesIt" computerName="runnervmg397c" duration="00:00:00.0003115" startTime="2026-05-24T22:33:26.8916934+00:00" endTime="2026-05-24T22:33:26.8920343+00:00" testType="13cdc9d9-ddb5-4fa4-a97d-d965ccfc6d4b" outcome="Passed" testListId="8c84fa94-04c1-424b-9868-57a2d4851a1d" relativeResultsDirectory="50991583-d412-498d-b521-af729edd7021" />
    <UnitTestResult executionId="571d9f66-ef96-497d-969f-12c7e393b75a" testId="6afadd41-6791-8ea3-b8a6-e45973140a43" testName="PdfBox.Net.Tests.RandomAccessReadViewTest.TestCreateView" computerName="runnervmg397c" duration="00:00:00.0013163" startTime="2026-05-24T22:33:26.3517677+00:00" endTime="2026-05-24T22:33:26.3531172+00:00" testType="13cdc9d9-ddb5-4fa4-a97d-d965ccfc6d4b" outcome="Passed" testListId="8c84fa94-04c1-424b-9868-57a2d4851a1d" relativeResultsDirectory="571d9f66-ef96-497d-969f-12c7e393b75a" />
    <UnitTestResult executionId="56f1b0d5-0df8-45d7-9455-26cdbeec0859" testId="b33b0855-f81d-548a-2562-6e693a1d5097" testName="PdfBox.Net.Tests.TestCOSStream.TestUncompressedStreamDecode" computerName="runnervmg397c" duration="00:00:00.0003978" startTime="2026-05-24T22:33:26.5247510+00:00" endTime="2026-05-24T22:33:26.5251790+00:00" testType="13cdc9d9-ddb5-4fa4-a97d-d965ccfc6d4b" outcome="Passed" testListId="8c84fa94-04c1-424b-9868-57a2d4851a1d" relativeResultsDirectory="56f1b0d5-0df8-45d7-9455-26cdbeec0859" />
    <UnitTestResult executionId="e5161970-e31d-4618-8480-e938243aa46d" testId="59c6dd17-870b-6ace-47bd-7a9b2509209f" testName="PdfBox.Net.Tests.PDFDocumentParserTest.ParseDocumentStart_AllowsTrailingGarbageAfterEofMarker" computerName="runnervmg397c" duration="00:00:00.0002194" startTime="2026-05-24T22:33:26.3409980+00:00" endTime="2026-05-24T22:33:26.3412905+00:00" testType="13cdc9d9-ddb5-4fa4-a97d-d965ccfc6d4b" outcome="Passed" testListId="8c84fa94-04c1-424b-9868-57a2d4851a1d" relativeResultsDirectory="e5161970-e31d-4618-8480-e938243aa46d" />
    <UnitTestResult executionId="3889d068-5044-4f4b-bdab-1e1c22997b83" testId="32e753b4-86be-cb82-71c8-3b35eb075a0b" testName="PdfBox.Net.Tests.TestPDRectangle.GetCOSArrayReturnsArray" computerName="runnervmg397c" duration="00:00:00.0001551" startTime="2026-05-24T22:33:26.9778700+00:00" endTime="2026-05-24T22:33:26.9780547+00:00" testType="13cdc9d9-ddb5-4fa4-a97d-d965ccfc6d4b" outcome="Passed" testListId="8c84fa94-04c1-424b-9868-57a2d4851a1d" relativeResultsDirectory="3889d068-5044-4f4b-bdab-1e1c22997b83" />
    <UnitTestResult executionId="5f45655a-392a-4815-b534-026399448412" testId="34d3ba2e-8d7b-7e6e-6de7-26075a801594" testName="PdfBox.Net.Tests.OperatorProcessorsTest.PathPaintingOperators_DoNotThrow" computerName="runnervmg397c" duration="00:00:00.0038164" startTime="2026-05-24T22:33:25.7717243+00:00" endTime="2026-05-24T22:33:25.7755720+00:00" testType="13cdc9d9-ddb5-4fa4-a97d-d965ccfc6d4b" outcome="Passed" testListId="8c84fa94-04c1-424b-9868-57a2d4851a1d" relativeResultsDirectory="5f45655a-392a-4815-b534-026399448412" />
    <UnitTestResult executionId="9dca2e24-f548-4d2c-94c6-722ad1071e83" testId="893113b0-07d4-71b8-6e85-11cf7e8d01bf" testName="PdfBox.Net.Tests.TestCOSString.TestWritePDF" computerName="runnervmg397c" duration="00:00:00.0001571" startTime="2026-05-24T22:33:25.9763742+00:00" endTime="2026-05-24T22:33:25.9765625+00:00" testType="13cdc9d9-ddb5-4fa4-a97d-d965ccfc6d4b" outcome="Passed" testListId="8c84fa94-04c1-424b-9868-57a2d4851a1d" relativeResultsDirectory="9dca2e24-f548-4d2c-94c6-722ad1071e83" />
    <UnitTestResult executionId="7c3ec865-ed85-4756-9626-39b2060348fb" testId="9c314fca-00de-ee35-16e1-2446c0fe4da5" testName="PdfBox.Net.Tests.PDFStreamParserTest.ParseTokensParsesOperandsAndOperator" computerName="runnervmg397c" duration="00:00:00.0005971" startTime="2026-05-24T22:33:26.6514429+00:00" endTime="2026-05-24T22:33:26.6520750+00:00" testType="13cdc9d9-ddb5-4fa4-a97d-d965ccfc6d4b" outcome="Passed" testListId="8c84fa94-04c1-424b-9868-57a2d4851a1d" relativeResultsDirectory="7c3ec865-ed85-4756-9626-39b2060348fb" />
    <UnitTestResult executionId="4b631c16-174a-4c11-a7b8-3c6aac8a8b28" testId="5b602935-bf54-8129-7db8-830ef46fa5d7" testName="PdfBox.Net.Tests.CharStringParserTest.CFFOperator_UnknownOpcode_ReturnsNull" computerName="runnervmg397c" duration="00:00:00.0000974" startTime="2026-05-24T22:33:26.1470070+00:00" endTime="2026-05-24T22:33:26.1471346+00:00" testType="13cdc9d9-ddb5-4fa4-a97d-d965ccfc6d4b" outcome="Passed" testListId="8c84fa94-04c1-424b-9868-57a2d4851a1d" relativeResultsDirectory="4b631c16-174a-4c11-a7b8-3c6aac8a8b28" />
    <UnitTestResult executionId="f7bac06c-0220-449b-ac7b-d737678a0638" testId="43c6c906-a7e6-54f2-7d63-5b8d38fd04ce" testName="PdfBox.Net.Tests.RandomAccessReadMemoryMappedFileTest.TestPositionReadBytes" computerName="runnervmg397c" duration="00:00:00.0024711" startTime="2026-05-24T22:33:26.2977494+00:00" endTime="2026-05-24T22:33:26.3002509+00:00" testType="13cdc9d9-ddb5-4fa4-a97d-d965ccfc6d4b" outcome="Passed" testListId="8c84fa94-04c1-424b-9868-57a2d4851a1d" relativeResultsDirectory="f7bac06c-0220-449b-ac7b-d737678a0638" />
    <UnitTestResult executionId="de313b9a-8cd4-4f50-919d-3f137ed29031" testId="bbf7e453-02d1-f06c-f41c-cb1ae8d3a4a4" testName="PdfBox.Net.Tests.ContentStreamEngineTest.SimpleContentStream_StateConsistentAfterFullSequence" computerName="runnervmg397c" duration="00:00:00.0004626" startTime="2026-05-24T22:33:26.6098754+00:00" endTime="2026-05-24T22:33:26.6103679+00:00" testType="13cdc9d9-ddb5-4fa4-a97d-d965ccfc6d4b" outcome="Passed" testListId="8c84fa94-04c1-424b-9868-57a2d4851a1d" relativeResultsDirectory="de313b9a-8cd4-4f50-919d-3f137ed29031" />
    <UnitTestResult executionId="dfdbe6d0-8f3d-4df5-9ca2-76c9732517a0" testId="aa593bd1-b171-d302-38f2-504594c24dbc" testName="PdfBox.Net.Tests.GlyphListTest.Constructor_WithNullStream_CopiesBaseList" computerName="runnervmg397c" duration="00:00:00.0002257" startTime="2026-05-24T22:33:25.9481765+00:00" endTime="2026-05-24T22:33:25.9484323+00:00" testType="13cdc9d9-ddb5-4fa4-a97d-d965ccfc6d4b" outcome="Passed" testListId="8c84fa94-04c1-424b-9868-57a2d4851a1d" relativeResultsDirectory="dfdbe6d0-8f3d-4df5-9ca2-76c9732517a0" />
    <UnitTestResult executionId="c45e8fb5-8acf-4817-8d77-4dcabbe88f51" testId="b59b76e2-6871-b4e7-0182-134c9012ccef" testName="PdfBox.Net.Tests.PDPageLabelsTest.LabelsByPageIndices" computerName="runnervmg397c" duration="00:00:00.0300447" startTime="2026-05-24T22:33:26.0929605+00:00" endTime="2026-05-24T22:33:26.1230392+00:00" testType="13cdc9d9-ddb5-4fa4-a97d-d965ccfc6d4b" outcome="Passed" testListId="8c84fa94-04c1-424b-9868-57a2d4851a1d" relativeResultsDirectory="c45e8fb5-8acf-4817-8d77-4dcabbe88f51" />
    <UnitTestResult executionId="d689d343-205e-4546-9254-34a7c4d0ca89" testId="6b41aa1c-a899-b303-3ce4-72ff3e45577c" testName="PdfBox.Net.Tests.OperatorProcessorsTest.MoveText_Td_TooFewOperands_DoesNotThrow" computerName="runnervmg397c" duration="00:00:00.0003267" startTime="2026-05-24T22:33:25.7997689+00:00" endTime="2026-05-24T22:33:25.8001256+00:00" testType="13cdc9d9-ddb5-4fa4-a97d-d965ccfc6d4b" outcome="Passed" testListId="8c84fa94-04c1-424b-9868-57a2d4851a1d" relativeResultsDirectory="d689d343-205e-4546-9254-34a7c4d0ca89" />
    <UnitTestResult executionId="32e57063-cbfd-4e27-bee8-06a5e6e534ee" testId="da55eaec-5acc-aa91-78c0-449a7b7b2e25" testName="PdfBox.Net.Tests.ParserWriterRoundtripTest.ParserHandlesCommentsAndWhitespaceWithoutChangingObjectMeaning" computerName="runnervmg397c" duration="00:00:00.0007630" startTime="2026-05-24T22:33:26.5820050+00:00" endTime="2026-05-24T22:33:26.5828022+00:00" testType="13cdc9d9-ddb5-4fa4-a97d-d965ccfc6d4b" outcome="Passed" testListId="8c84fa94-04c1-424b-9868-57a2d4851a1d" relativeResultsDirectory="32e57063-cbfd-4e27-bee8-06a5e6e534ee" />
    <UnitTestResult executionId="c6d60afe-b5e0-4f40-9aa9-c6e034bdb9c4" testId="9bfac3ee-c6e7-a3f2-bad5-795a40c6f294" testName="PdfBox.Net.Tests.RenderingSmokeTest.RenderImage_EmptyPageRgb_IsWhite" computerName="runnervmg397c" duration="00:00:00.0021588" startTime="2026-05-24T22:33:26.0086833+00:00" endTime="2026-05-24T22:33:26.0108821+00:00" testType="13cdc9d9-ddb5-4fa4-a97d-d965ccfc6d4b" outcome="Passed" testListId="8c84fa94-04c1-424b-9868-57a2d4851a1d" relativeResultsDirectory="c6d60afe-b5e0-4f40-9aa9-c6e034bdb9c4" />
    <UnitTestResult executionId="93ca7bd0-b754-4de9-9ad4-74dbb2be4cfc" testId="d281c475-e15e-3e20-e3d6-b22e8cbc3403" testName="PdfBox.Net.Tests.OperatorProcessorsTest.SetFontAndSize_Tf_TooFewOperands_DoesNotThrow" computerName="runnervmg397c" duration="00:00:00.0027394" startTime="2026-05-24T22:33:25.7909760+00:00" endTime="2026-05-24T22:33:25.7937449+00:00" testType="13cdc9d9-ddb5-4fa4-a97d-d965ccfc6d4b" outcome="Passed" testListId="8c84fa94-04c1-424b-9868-57a2d4851a1d" relativeResultsDirectory="93ca7bd0-b754-4de9-9ad4-74dbb2be4cfc" />
    <UnitTestResult executionId="e43692b9-1a86-41d7-b208-430173505faf" testId="6db1acf3-3e47-7d71-e337-2673833b8ae3" testName="PdfBox.Net.Tests.PfbAndType1FontTest.TestNegativeRecordSize" computerName="runnervmg397c" duration="00:00:00.0037577" startTime="2026-05-24T22:33:26.5991299+00:00" endTime="2026-05-24T22:33:26.6029210+00:00" testType="13cdc9d9-ddb5-4fa4-a97d-d965ccfc6d4b" outcome="Passed" testListId="8c84fa94-04c1-424b-9868-57a2d4851a1d" relativeResultsDirectory="e43692b9-1a86-41d7-b208-430173505faf" />
    <UnitTestResult executionId="3cffb291-4249-45c4-98e9-45f6bfda32ab" testId="804a219c-8778-e387-ef99-683e89555009" testName="PdfBox.Net.Tests.ContentStreamEngineTest.Restore_WithoutSave_DoesNotThrow" computerName="runnervmg397c" duration="00:00:00.0013133" startTime="2026-05-24T22:33:26.5702108+00:00" endTime="2026-05-24T22:33:26.5715530+00:00" testType="13cdc9d9-ddb5-4fa4-a97d-d965ccfc6d4b" outcome="Passed" testListId="8c84fa94-04c1-424b-9868-57a2d4851a1d" relativeResultsDirectory="3cffb291-4249-45c4-98e9-45f6bfda32ab" />
    <UnitTestResult executionId="73916fcb-61ef-40dd-906c-f592fd8c919a" testId="a8859d4c-7052-d804-bab4-d7bf9e18f15a" testName="PdfBox.Net.Tests.GlyphListTest.ToUnicode_AccentedAndSpecialGlyphs_ReturnsExpectedCharacter(glyphName: &quot;quotedblright&quot;, expected: &quot;”&quot;)" computerName="runnervmg397c" duration="00:00:00.0000203" startTime="2026-05-24T22:33:25.9024754+00:00" endTime="2026-05-24T22:33:25.9025291+00:00" testType="13cdc9d9-ddb5-4fa4-a97d-d965ccfc6d4b" outcome="Passed" testListId="8c84fa94-04c1-424b-9868-57a2d4851a1d" relativeResultsDirectory="73916fcb-61ef-40dd-906c-f592fd8c919a" />
    <UnitTestResult executionId="ecb0cde1-923e-4e54-9df9-7f7e70b4989a" testId="9fba9b70-65ff-490e-f8dd-756443035704" testName="PdfBox.Net.Tests.CharStringParserTest.CFFStandardString_SID228_IsZcaron" computerName="runnervmg397c" duration="00:00:00.0063708" startTime="2026-05-24T22:33:26.0726979+00:00" endTime="2026-05-24T22:33:26.0791041+00:00" testType="13cdc9d9-ddb5-4fa4-a97d-d965ccfc6d4b" outcome="Passed" testListId="8c84fa94-04c1-424b-9868-57a2d4851a1d" relativeResultsDirectory="ecb0cde1-923e-4e54-9df9-7f7e70b4989a" />
    <UnitTestResult executionId="77d8dfad-c477-476a-9da3-8f9cfe13f517" testId="e2f48042-9d14-6259-522b-ff3d923191a0" testName="PdfBox.Net.Tests.COSIncrementTest.TestContainsTracksProcessedObjects" computerName="runnervmg397c" duration="00:00:00.0004296" startTime="2026-05-24T22:33:26.0642025+00:00" endTime="2026-05-24T22:33:26.0646695+00:00" testType="13cdc9d9-ddb5-4fa4-a97d-d965ccfc6d4b" outcome="Passed" testListId="8c84fa94-04c1-424b-9868-57a2d4851a1d" relativeResultsDirectory="77d8dfad-c477-476a-9da3-8f9cfe13f517" />
    <UnitTestResult executionId="237266a1-29cf-4c40-bca9-478c2fcc4227" testId="e4368439-616b-b40d-ac8e-5bd304d90ee0" testName="PdfBox.Net.Tests.PDDocumentPipelineTest.OpenInspectSavePipelineFromFixture" computerName="runnervmg397c" duration="00:00:00.0242037" startTime="2026-05-24T22:33:26.5401386+00:00" endTime="2026-05-24T22:33:26.5643768+00:00" testType="13cdc9d9-ddb5-4fa4-a97d-d965ccfc6d4b" outcome="Passed" testListId="8c84fa94-04c1-424b-9868-57a2d4851a1d" relativeResultsDirectory="237266a1-29cf-4c40-bca9-478c2fcc4227" />
    <UnitTestResult executionId="5e7bd7e1-fd63-4435-a1e1-8fb6ccd6026e" testId="d401750b-9a2a-65cb-a3b2-49820396b5a7" testName="PdfBox.Net.Tests.OperatorProcessorsTest.Concatenate_cm_TooFewOperands_DoesNotThrow" computerName="runnervmg397c" duration="00:00:00.0022108" startTime="2026-05-24T22:33:25.8820840+00:00" endTime="2026-05-24T22:33:25.8843213+00:00" testType="13cdc9d9-ddb5-4fa4-a97d-d965ccfc6d4b" outcome="Passed" testListId="8c84fa94-04c1-424b-9868-57a2d4851a1d" relativeResultsDirectory="5e7bd7e1-fd63-4435-a1e1-8fb6ccd6026e" />
    <UnitTestResult executionId="2a10d44b-8d25-4162-9e03-6b1c3b17afcb" testId="b68c2622-5c1f-e552-934e-43f09665d46a" testName="PdfBox.Net.Tests.NonSeekableRandomAccessReadInputStreamTest.TestRewindAcrossBuffers" computerName="runnervmg397c" duration="00:00:00.0005361" startTime="2026-05-24T22:33:26.3643041+00:00" endTime="2026-05-24T22:33:26.3648709+00:00" testType="13cdc9d9-ddb5-4fa4-a97d-d965ccfc6d4b" outcome="Passed" testListId="8c84fa94-04c1-424b-9868-57a2d4851a1d" relativeResultsDirectory="2a10d44b-8d25-4162-9e03-6b1c3b17afcb" />
    <UnitTestResult executionId="6ffc2c86-accf-4c2e-b4d6-d649e1061d86" testId="befd85f8-7b57-7e93-7637-57524848af5a" testName="PdfBox.Net.Tests.GlyphListTest.ToUnicode_CommonGlyphNames_ReturnsExpectedCharacter(glyphName: &quot;ampersand&quot;, expected: &quot;&amp;&quot;)" computerName="runnervmg397c" duration="00:00:00.0000205" startTime="2026-05-24T22:33:25.9264123+00:00" endTime="2026-05-24T22:33:25.9264660+00:00" testType="13cdc9d9-ddb5-4fa4-a97d-d965ccfc6d4b" outcome="Passed" testListId="8c84fa94-04c1-424b-9868-57a2d4851a1d" relativeResultsDirectory="6ffc2c86-accf-4c2e-b4d6-d649e1061d86" />
    <UnitTestResult executionId="cc6a3d9b-acfa-4d59-a35e-300ecc23e512" testId="277be964-d233-6cb4-8646-cdbc1b8c0afc" testName="PdfBox.Net.Tests.DateConverterTest.TestToString" computerName="runnervmg397c" duration="00:00:00.0036234" startTime="2026-05-24T22:33:25.7356222+00:00" endTime="2026-05-24T22:33:25.7393949+00:00" testType="13cdc9d9-ddb5-4fa4-a97d-d965ccfc6d4b" outcome="Passed" testListId="8c84fa94-04c1-424b-9868-57a2d4851a1d" relativeResultsDirectory="cc6a3d9b-acfa-4d59-a35e-300ecc23e512" />
    <UnitTestResult executionId="72e0bfb2-1540-4007-8f9f-5c6d3b7b78fd" testId="dfb11b70-81f3-07c9-21a5-67c4041ab0f4" testName="PdfBox.Net.Tests.FontStubsReplacementTest.PDCIDFontType2_GetTrueTypeFont_ReturnsUnderlyingFont" computerName="runnervmg397c" duration="00:00:00.0029459" startTime="2026-05-24T22:33:26.6637008+00:00" endTime="2026-05-24T22:33:26.6666781+00:00" testType="13cdc9d9-ddb5-4fa4-a97d-d965ccfc6d4b" outcome="Passed" testListId="8c84fa94-04c1-424b-9868-57a2d4851a1d" relativeResultsDirectory="72e0bfb2-1540-4007-8f9f-5c6d3b7b78fd" />
    <UnitTestResult executionId="4734cb65-1798-4066-b01c-a9aaafaaac66" testId="4463bcec-c446-d2a7-e635-e1e3e2ac45c3" testName="PdfBox.Net.Tests.CharStringParserTest.EmbeddedCharset_Type1_DelegatesCorrectly" computerName="runnervmg397c" duration="00:00:00.0010235" startTime="2026-05-24T22:33:26.0899116+00:00" endTime="2026-05-24T22:33:26.0909642+00:00" testType="13cdc9d9-ddb5-4fa4-a97d-d965ccfc6d4b" outcome="Passed" testListId="8c84fa94-04c1-424b-9868-57a2d4851a1d" relativeResultsDirectory="4734cb65-1798-4066-b01c-a9aaafaaac66" />
    <UnitTestResult executionId="df62e65d-0790-4349-a742-bd43c12fb1bd" testId="695b9d85-739e-1007-4764-c43589c9c25f" testName="PdfBox.Net.Tests.CharStringParserTest.DataInputByteArray_ReadBytes_ReturnsSlice" computerName="runnervmg397c" duration="00:00:00.0004802" startTime="2026-05-24T22:33:26.1985915+00:00" endTime="2026-05-24T22:33:26.1990995+00:00" testType="13cdc9d9-ddb5-4fa4-a97d-d965ccfc6d4b" outcome="Passed" testListId="8c84fa94-04c1-424b-9868-57a2d4851a1d" relativeResultsDirectory="df62e65d-0790-4349-a742-bd43c12fb1bd" />
    <UnitTestResult executionId="7dcbf21f-9a9e-4069-b9d9-082746197b68" testId="9e4fc28a-79e0-8b47-f576-ae649f380167" testName="PdfBox.Net.Tests.TestPDDocumentInformation.ModificationDateRoundtrip" computerName="runnervmg397c" duration="00:00:00.0085230" startTime="2026-05-24T22:33:26.3787959+00:00" endTime="2026-05-24T22:33:26.3873529+00:00" testType="13cdc9d9-ddb5-4fa4-a97d-d965ccfc6d4b" outcome="Passed" testListId="8c84fa94-04c1-424b-9868-57a2d4851a1d" relativeResultsDirectory="7dcbf21f-9a9e-4069-b9d9-082746197b68" />
    <UnitTestResult executionId="9757dd03-9c54-4288-a865-cd4b6a90e902" testId="949033b9-bb0d-e18e-e4d2-58be84896f83" testName="PdfBox.Net.Tests.RenderingTextTest.PDFTextStripperByArea_ShouldSeparateByBeads_IgnoredAlwaysFalse" computerName="runnervmg397c" duration="00:00:00.0060716" startTime="2026-05-24T22:33:26.8482047+00:00" endTime="2026-05-24T22:33:26.8543086+00:00" testType="13cdc9d9-ddb5-4fa4-a97d-d965ccfc6d4b" outcome="Passed" testListId="8c84fa94-04c1-424b-9868-57a2d4851a1d" relativeResultsDirectory="9757dd03-9c54-4288-a865-cd4b6a90e902" />
    <UnitTestResult executionId="216acdc4-f74d-4fcf-8841-62700dc4a5a8" testId="c68cd507-0c73-b8f3-6c63-0b71aa24250b" testName="PdfBox.Net.Tests.ContentStreamEngineTest.SaveRestore_NestedThreeLevels_StackReturnsToZero" computerName="runnervmg397c" duration="00:00:00.0002723" startTime="2026-05-24T22:33:26.6071110+00:00" endTime="2026-05-24T22:33:26.6074093+00:00" testType="13cdc9d9-ddb5-4fa4-a97d-d965ccfc6d4b" outcome="Passed" testListId="8c84fa94-04c1-424b-9868-57a2d4851a1d" relativeResultsDirectory="216acdc4-f74d-4fcf-8841-62700dc4a5a8" />
    <UnitTestResult executionId="02c4e8c8-638d-4441-a9f2-1623a6168052" testId="0b0c3ea6-34b6-cbc4-e79e-29b7c97451cc" testName="PdfBox.Net.Tests.PDModelInteractiveTest.PDAnnotationEquality" computerName="runnervmg397c" duration="00:00:00.0004736" startTime="2026-05-24T22:33:26.7343427+00:00" endTime="2026-05-24T22:33:26.7348457+00:00" testType="13cdc9d9-ddb5-4fa4-a97d-d965ccfc6d4b" outcome="Passed" testListId="8c84fa94-04c1-424b-9868-57a2d4851a1d" relativeResultsDirectory="02c4e8c8-638d-4441-a9f2-1623a6168052" />
    <UnitTestResult executionId="00055823-2e73-4a0a-9de4-db65177e8084" testId="97c076e5-4618-a27d-43f3-ad75be712fc4" testName="PdfBox.Net.Tests.GlyphListTest.ToUnicode_UniNameConvention_ReturnsDecodedCharacter(glyphName: &quot;uni0061&quot;, expected: &quot;a&quot;)" computerName="runnervmg397c" duration="00:00:00.0000220" startTime="2026-05-24T22:33:25.9414114+00:00" endTime="2026-05-24T22:33:25.9414616+00:00" testType="13cdc9d9-ddb5-4fa4-a97d-d965ccfc6d4b" outcome="Passed" testListId="8c84fa94-04c1-424b-9868-57a2d4851a1d" relativeResultsDirectory="00055823-2e73-4a0a-9de4-db65177e8084" />
    <UnitTestResult executionId="af33645e-00d6-42fa-b82c-c9a4ab70bd7f" testId="2fa547d6-a62e-12d7-97d4-fe33dd17a822" testName="PdfBox.Net.Tests.CharStringParserTest.CFFCharsetCID_AddCid_RoundTrips" computerName="runnervmg397c" duration="00:00:00.0001605" startTime="2026-05-24T22:33:26.2013688+00:00" endTime="2026-05-24T22:33:26.2015562+00:00" testType="13cdc9d9-ddb5-4fa4-a97d-d965ccfc6d4b" outcome="Passed" testListId="8c84fa94-04c1-424b-9868-57a2d4851a1d" relativeResultsDirectory="af33645e-00d6-42fa-b82c-c9a4ab70bd7f" />
    <UnitTestResult executionId="ee5f1780-bf45-4a82-ad3f-5d6ae35b8e3a" testId="bd67be86-b7c9-f9fe-a9d9-54744fe8ab12" testName="PdfBox.Net.Tests.RandomAccessReadMemoryMappedFileTest.TestPositionUnreadBytes" computerName="runnervmg397c" duration="00:00:00.0066844" startTime="2026-05-24T22:33:26.2827842+00:00" endTime="2026-05-24T22:33:26.2895049+00:00" testType="13cdc9d9-ddb5-4fa4-a97d-d965ccfc6d4b" outcome="Passed" testListId="8c84fa94-04c1-424b-9868-57a2d4851a1d" relativeResultsDirectory="ee5f1780-bf45-4a82-ad3f-5d6ae35b8e3a" />
[...]
    <TestEntry testId="95634024-cf1d-fa9f-bffc-92b81cb25075" executionId="86339e8f-e2ef-4d9d-bcb7-d568f9f2668e" testListId="8c84fa94-04c1-424b-9868-57a2d4851a1d" />
    <TestEntry testId="70b1596e-75b4-adbc-afaf-493673ee19ca" executionId="6a472d70-3818-46e3-9351-a6bbf2d7d97c" testListId="8c84fa94-04c1-424b-9868-57a2d4851a1d" />
    <TestEntry testId="c53df9e3-bb24-a7a2-36b4-4c22b5ca3ceb" executionId="66684be1-aa6b-4aac-94d5-f51ef46f6bdd" testListId="8c84fa94-04c1-424b-9868-57a2d4851a1d" />
    <TestEntry testId="44e524c6-c7ba-eb2b-fc8b-3ddd941d95fc" executionId="4b1375b1-f8df-4818-a073-7db5fd20d915" testListId="8c84fa94-04c1-424b-9868-57a2d4851a1d" />
    <TestEntry testId="512eb985-d159-3662-8093-3c25329c1c58" executionId="bcaf2978-3f34-47c2-98c6-79567543ef84" testListId="8c84fa94-04c1-424b-9868-57a2d4851a1d" />
    <TestEntry testId="798ad040-eca7-cf1f-9e8b-55da72a0d4fb" executionId="72f3d534-6d72-4653-9aac-de04af2cfd91" testListId="8c84fa94-04c1-424b-9868-57a2d4851a1d" />
    <TestEntry testId="84744572-1207-85af-dbe3-d7d17936c080" executionId="17ce3337-bda1-4a0e-bc76-74673c921a53" testListId="8c84fa94-04c1-424b-9868-57a2d4851a1d" />
    <TestEntry testId="ff58ea1a-59c8-8733-a08d-6bd2dcf3eed1" executionId="237046a0-09f1-43ec-a59c-02ae973d8c73" testListId="8c84fa94-04c1-424b-9868-57a2d4851a1d" />
    <TestEntry testId="e29b9f83-9614-545b-e0d1-ef9defb325af" executionId="34dcc9aa-c77d-4d9a-a55c-8646aa09841b" testListId="8c84fa94-04c1-424b-9868-57a2d4851a1d" />
    <TestEntry testId="29413a64-d5e6-fc05-5bd1-e1210e2549a4" executionId="4def4ef1-3628-485c-878f-c781c295590f" testListId="8c84fa94-04c1-424b-9868-57a2d4851a1d" />
    <TestEntry testId="e2a9c5da-055c-7fa7-eca3-f06c238d94c1" executionId="44505d2a-eccd-4dae-91ea-bfca12c09646" testListId="8c84fa94-04c1-424b-9868-57a2d4851a1d" />
    <TestEntry testId="3a713034-c0da-5559-f2a0-6d3730b33141" executionId="9e3b5586-2286-4571-9426-65b20adf27cd" testListId="8c84fa94-04c1-424b-9868-57a2d4851a1d" />
    <TestEntry testId="bdaeb0b6-c3ae-b141-c29a-cb9b99970904" executionId="f1f1748b-9976-4075-8c79-a95568723c61" testListId="8c84fa94-04c1-424b-9868-57a2d4851a1d" />
    <TestEntry testId="f6401687-d92f-e86b-6f4b-92212dca1d97" executionId="a5670453-9ade-4228-851f-4e8b809d94bf" testListId="8c84fa94-04c1-424b-9868-57a2d4851a1d" />
    <TestEntry testId="5352319e-360f-6e39-94bf-fca1e3531e03" executionId="0b6e7f11-df1b-4ca3-9960-e1dbbbbe854d" testListId="8c84fa94-04c1-424b-9868-57a2d4851a1d" />
    <TestEntry testId="af7d3269-c497-4a90-d1e9-24cd5bb811cc" executionId="2fb98e87-2eda-4946-b4e9-2d3fd30aad5b" testListId="8c84fa94-04c1-424b-9868-57a2d4851a1d" />
    <TestEntry testId="31cc6b31-665e-5d4a-6b03-aa359e4afe23" executionId="3bfbbeb9-91c1-4046-a1fd-9ee94ae34fec" testListId="8c84fa94-04c1-424b-9868-57a2d4851a1d" />
    <TestEntry testId="db68b8ba-cf51-823e-1234-a7c097cd37ff" executionId="e54078b9-3d5d-4b1e-bf3c-cb892fbd5a04" testListId="8c84fa94-04c1-424b-9868-57a2d4851a1d" />
    <TestEntry testId="00349e47-00f2-c28f-b8c0-6dffa71fd714" executionId="0c991a1e-d4f4-4672-a68a-905558bd84e4" testListId="8c84fa94-04c1-424b-9868-57a2d4851a1d" />
    <TestEntry testId="9ff047cd-2d91-db93-a29b-47d521cffa91" executionId="612d38ec-432d-483c-ade8-d9e5125fab2c" testListId="8c84fa94-04c1-424b-9868-57a2d4851a1d" />
    <TestEntry testId="f2eb6571-b22d-1eb6-602b-aed6727b3071" executionId="829e0d23-6645-4af4-8ae0-ee3209dbcb89" testListId="8c84fa94-04c1-424b-9868-57a2d4851a1d" />
    <TestEntry testId="75eb7afe-04fb-8f32-e664-aca8fcac3507" executionId="682ccb30-3889-4ba0-9383-3ef56e983af8" testListId="8c84fa94-04c1-424b-9868-57a2d4851a1d" />
    <TestEntry testId="0dda7a00-3e84-6b9f-a155-ac88ec528287" executionId="6cebd5f6-e3e8-4bf9-b411-f4b46947d68f" testListId="8c84fa94-04c1-424b-9868-57a2d4851a1d" />
    <TestEntry testId="16e7f746-a17a-c65e-fea1-0ed4b745d242" executionId="bae4d36b-d1d5-4868-b36d-ce2f575093a2" testListId="8c84fa94-04c1-424b-9868-57a2d4851a1d" />
    <TestEntry testId="3fe44018-c034-ad84-945f-83de7113bc43" executionId="b9707056-930a-43d6-9895-30ff34dd9898" testListId="8c84fa94-04c1-424b-9868-57a2d4851a1d" />
    <TestEntry testId="fe0e0ea6-7f91-f8fa-9826-1524b6095e24" executionId="c6298cdf-e60a-4633-b79e-dac6ee8ad00a" testListId="8c84fa94-04c1-424b-9868-57a2d4851a1d" />
    <TestEntry testId="0f4a650f-c48b-42f1-ac05-5dda99417a50" executionId="e3f0cd8b-39b3-4f43-adf6-0523ebd4daf9" testListId="8c84fa94-04c1-424b-9868-57a2d4851a1d" />
    <TestEntry testId="4856e90b-1dfd-e4b3-7e77-dcfd5111f9de" executionId="b173c328-2fc4-46ff-a6db-f1b568b8a082" testListId="8c84fa94-04c1-424b-9868-57a2d4851a1d" />
    <TestEntry testId="dfe8c166-891c-0a23-6136-6b81406a3a80" executionId="0cdfd54d-57d7-45af-a04e-259bd8f576dd" testListId="8c84fa94-04c1-424b-9868-57a2d4851a1d" />
    <TestEntry testId="1232a55a-52cd-83cd-4e3d-0bb6a748abed" executionId="0580c184-8db9-4ed2-9705-460d7684d82e" testListId="8c84fa94-04c1-424b-9868-57a2d4851a1d" />
    <TestEntry testId="a6d1aa12-69de-22ee-0093-280018f5a937" executionId="8db3b1ac-551c-46fe-9792-529316937e03" testListId="8c84fa94-04c1-424b-9868-57a2d4851a1d" />
    <TestEntry testId="59f3fa30-8a81-2a91-cdc3-22a6515bfc41" executionId="23bdda86-7cc2-4247-ae5c-3f6ce77c1b21" testListId="8c84fa94-04c1-424b-9868-57a2d4851a1d" />
    <TestEntry testId="d8f7ec48-dd5e-c274-2819-d9e1106a8b12" executionId="845ffe1b-3481-49d7-aa23-1f8d3b1d45e1" testListId="8c84fa94-04c1-424b-9868-57a2d4851a1d" />
    <TestEntry testId="c1c45c29-89dc-72da-1529-1a9abdb4c009" executionId="6ea7bcba-b66a-4826-9e59-47b4eda3d328" testListId="8c84fa94-04c1-424b-9868-57a2d4851a1d" />
    <TestEntry testId="3279bba8-8a83-56b4-8390-1692177e1448" executionId="01190417-a162-4f7b-a195-f193795c7fad" testListId="8c84fa94-04c1-424b-9868-57a2d4851a1d" />
    <TestEntry testId="909f48f1-ab17-933f-31d9-d002a03eb22c" executionId="359d8373-510f-488a-9edd-ffe4afca9a89" testListId="8c84fa94-04c1-424b-9868-57a2d4851a1d" />
    <TestEntry testId="b7e38678-2997-b9af-bc06-2be7f2a7d6ae" executionId="e6397870-4182-43fb-8e37-b6d9e7a60071" testListId="8c84fa94-04c1-424b-9868-57a2d4851a1d" />
    <TestEntry testId="9e68971e-371d-0b83-1214-f9249dcee131" executionId="374985dc-427c-48df-80be-023fce95f8d5" testListId="8c84fa94-04c1-424b-9868-57a2d4851a1d" />
    <TestEntry testId="b81e9b5f-2ce6-b4d2-5fbc-882c98ef6200" executionId="09b705f1-6370-4afa-9002-dca280819217" testListId="8c84fa94-04c1-424b-9868-57a2d4851a1d" />
    <TestEntry testId="65a06e96-b728-eda0-5ef1-16ea9fc15ed1" executionId="5e37de48-2858-45a1-af6d-af6124a11ee3" testListId="8c84fa94-04c1-424b-9868-57a2d4851a1d" />
    <TestEntry testId="ee7a8cba-08fc-f52f-6e7a-98ebe3098a72" executionId="d8c927d7-f454-4839-9b24-617450785236" testListId="8c84fa94-04c1-424b-9868-57a2d4851a1d" />
    <TestEntry testId="fd5abffc-a807-b23f-065c-7a3564967032" executionId="4c1679aa-33e6-4947-8ce1-f0d584e2f5fb" testListId="8c84fa94-04c1-424b-9868-57a2d4851a1d" />
    <TestEntry testId="1f43d82d-549a-d218-250a-ca237c58c41e" executionId="3cfdb114-6297-4174-8375-a3aad01094db" testListId="8c84fa94-04c1-424b-9868-57a2d4851a1d" />
    <TestEntry testId="9d15d923-aab7-e174-2c2b-67432a52b60b" executionId="6677bcd9-0597-4d0f-a8d4-0642ca576c9c" testListId="8c84fa94-04c1-424b-9868-57a2d4851a1d" />
    <TestEntry testId="759f4907-32b5-71d0-1613-1bbc314466ca" executionId="c54ccd5c-6584-40f4-9c4a-6ca9ad5984a0" testListId="8c84fa94-04c1-424b-9868-57a2d4851a1d" />
    <TestEntry testId="8d98d92f-86a7-1f28-f5df-59848fc7db19" executionId="a97caece-ed0e-4faf-8ece-6959eb9485be" testListId="8c84fa94-04c1-424b-9868-57a2d4851a1d" />
    <TestEntry testId="2ea4cd25-4589-78ca-fbe7-43862ece141c" executionId="ea993276-2cc1-4c51-9855-b716ec0797a9" testListId="8c84fa94-04c1-424b-9868-57a2d4851a1d" />
    <TestEntry testId="ff619e6b-0760-149d-25a7-79b1dcd55888" executionId="df477bad-c816-42e2-ba5f-b95485b54a8e" testListId="8c84fa94-04c1-424b-9868-57a2d4851a1d" />
    <TestEntry testId="223fd0e5-4da2-cc78-c124-7ace9c4bd370" executionId="99047faf-0e82-4c69-9ff8-442ac322740e" testListId="8c84fa94-04c1-424b-9868-57a2d4851a1d" />
    <TestEntry testId="c34a5eca-bfd1-8e50-3091-275e487e4ad6" executionId="9a8a1708-b269-4d3a-8dde-784634b03abd" testListId="8c84fa94-04c1-424b-9868-57a2d4851a1d" />
    <TestEntry testId="8f0422ce-0d1d-b168-5b88-c038cfeb3d14" executionId="7ef7a84e-c26b-4b9c-a5db-42b08a5359cb" testListId="8c84fa94-04c1-424b-9868-57a2d4851a1d" />
    <TestEntry testId="7f744422-ae2f-dd44-314f-ba62a2548797" executionId="1e1b3e03-4b92-4b4c-b867-031423f6a076" testListId="8c84fa94-04c1-424b-9868-57a2d4851a1d" />
    <TestEntry testId="c7fa7edf-2233-fee4-9d5a-e976bc562ce1" executionId="c63de4ab-ae63-48d6-ac4f-9570b0514766" testListId="8c84fa94-04c1-424b-9868-57a2d4851a1d" />
    <TestEntry testId="9f999203-ebf6-3661-04b0-4b55b9c29cde" executionId="7af6de51-bc6f-48f9-bed9-4cebb9a43577" testListId="8c84fa94-04c1-424b-9868-57a2d4851a1d" />
    <TestEntry testId="2304364b-4d38-11a3-d09d-06ce22878151" executionId="724907e0-35ae-48e9-86a0-b73286a2d2b0" testListId="8c84fa94-04c1-424b-9868-57a2d4851a1d" />
    <TestEntry testId="1af8d127-a76e-180a-6763-926599b434f8" executionId="a0ef2b87-209e-4c19-ba06-00b48d0517bd" testListId="8c84fa94-04c1-424b-9868-57a2d4851a1d" />
    <TestEntry testId="ec9ecc4a-86b4-3af8-c6ed-d88f4785254f" executionId="423997fc-6bcd-4de4-a7ec-1867de7b5b90" testListId="8c84fa94-04c1-424b-9868-57a2d4851a1d" />
    <TestEntry testId="445e1fed-1aeb-e080-5500-ffda5a1f57c3" executionId="0c886d4e-e4fb-4176-b993-f4db7eeb9ebc" testListId="8c84fa94-04c1-424b-9868-57a2d4851a1d" />
    <TestEntry testId="f6ae21dd-7e6d-60e4-1861-63f9eae2c971" executionId="902778be-3a3b-4e74-aaa5-99ac20349949" testListId="8c84fa94-04c1-424b-9868-57a2d4851a1d" />
    <TestEntry testId="da37ce4a-7c7b-7f35-89ef-7a4ecf8d7ea2" executionId="a4a7ed99-d190-4efa-bd3f-5eb6e4a251e4" testListId="8c84fa94-04c1-424b-9868-57a2d4851a1d" />
    <TestEntry testId="736f010c-e03d-ae72-32ca-bab39b5fe869" executionId="bf8fa39d-f66b-4959-ae77-d49c8b2b88db" testListId="8c84fa94-04c1-424b-9868-57a2d4851a1d" />
    <TestEntry testId="32925333-10e5-4d10-c26d-32e57fcc9340" executionId="f2bc5958-7569-4b6c-8b85-030b4355b846" testListId="8c84fa94-04c1-424b-9868-57a2d4851a1d" />
    <TestEntry testId="cc89a5d4-ebc9-0c10-4b7c-f0cafbb9253e" executionId="100480db-5227-4fec-8448-d15f5579aa97" testListId="8c84fa94-04c1-424b-9868-57a2d4851a1d" />
    <TestEntry testId="9bcf2c3b-14c9-4c11-30ff-655efb83ad42" executionId="ded34b33-29ff-4ff8-ba7d-1a12b5687ff8" testListId="8c84fa94-04c1-424b-9868-57a2d4851a1d" />
    <TestEntry testId="caf14002-5628-f70d-57a1-be3a59313cbe" executionId="94910448-1a4a-46e2-8e4d-4d79982118f6" testListId="8c84fa94-04c1-424b-9868-57a2d4851a1d" />
    <TestEntry testId="a9b7296c-481a-0324-a962-142c519c857a" executionId="c1d48ec2-0e6a-4d9a-8c64-e44236535694" testListId="8c84fa94-04c1-424b-9868-57a2d4851a1d" />
    <TestEntry testId="5d366327-9cc9-d2c9-14b5-9f1db39f869b" executionId="4f8ffac2-2134-4f72-bdc7-5d8769396de8" testListId="8c84fa94-04c1-424b-9868-57a2d4851a1d" />
    <TestEntry testId="423340f7-18d9-6d0e-626e-54833cb204e2" executionId="ccd86ee1-12e7-44c2-bf7f-95dbc85106d6" testListId="8c84fa94-04c1-424b-9868-57a2d4851a1d" />
    <TestEntry testId="78d79e06-3312-bb97-151f-6d8d486cf3a1" executionId="3792e1cc-9013-4a25-ade0-1dc26c6574f0" testListId="8c84fa94-04c1-424b-9868-57a2d4851a1d" />
    <TestEntry testId="9a340cec-e3b1-6ec6-94e2-cfc1e885d8b7" executionId="34026214-8aa0-4a55-ba8f-9e2166ae0621" testListId="8c84fa94-04c1-424b-9868-57a2d4851a1d" />
    <TestEntry testId="7b8d8679-b3ab-1a35-be06-8f5650146a69" executionId="ca85fb33-020d-40b6-a6ea-4c51e7248470" testListId="8c84fa94-04c1-424b-9868-57a2d4851a1d" />
    <TestEntry testId="574754c1-c154-04e0-9e56-2cdafb92fba1" executionId="6c09075e-b667-4cbb-9f56-31c418cc1e39" testListId="8c84fa94-04c1-424b-9868-57a2d4851a1d" />
    <TestEntry testId="3142af8e-a69e-0fdf-9543-c3f6c3f425d7" executionId="6333f55c-4236-4a9d-9008-31825a929b56" testListId="8c84fa94-04c1-424b-9868-57a2d4851a1d" />
    <TestEntry testId="0f520b0b-4910-0561-613e-4bab2d86aea4" executionId="916c8aed-bb85-429d-8cde-4589d5474ef1" testListId="8c84fa94-04c1-424b-9868-57a2d4851a1d" />
    <TestEntry testId="83337ab3-9bac-f9ce-8316-27545818607e" executionId="cb571898-86d2-49d6-9cda-8955b6ff5f8c" testListId="8c84fa94-04c1-424b-9868-57a2d4851a1d" />
    <TestEntry testId="7e6ab751-3031-8fc3-b1a1-8bbad5fd2829" executionId="2d4949ff-bb27-462b-a16c-f5f9c1cc9a97" testListId="8c84fa94-04c1-424b-9868-57a2d4851a1d" />
    <TestEntry testId="dc1b8737-dcea-943b-0f09-52d19763a5c1" executionId="2b73689c-dfe7-42f7-900f-f5be85ea422a" testListId="8c84fa94-04c1-424b-9868-57a2d4851a1d" />
    <TestEntry testId="16406e07-7511-2b8c-68d5-e1b6108bf3d9" executionId="afd95e15-3a4b-4208-aa9b-3e5ee384d947" testListId="8c84fa94-04c1-424b-9868-57a2d4851a1d" />
    <TestEntry testId="677519e3-407d-2047-3b52-2b26f00720cb" executionId="3d3304e1-f934-4680-95c9-739fc5beac21" testListId="8c84fa94-04c1-424b-9868-57a2d4851a1d" />
    <TestEntry testId="b2afc0df-dadd-a7d9-d456-6ca2382f34af" executionId="c9652a9b-05de-4578-b608-40d9256de4e8" testListId="8c84fa94-04c1-424b-9868-57a2d4851a1d" />
    <TestEntry testId="b76087cc-5823-0ec9-39d0-dbfaa10e1653" executionId="7cb36521-8210-485f-82dc-95530a733cb3" testListId="8c84fa94-04c1-424b-9868-57a2d4851a1d" />
    <TestEntry testId="a80548e3-1f39-20b2-6f2f-feb3c6031c3b" executionId="52c1908c-cf1c-452b-870f-04d3b82986e1" testListId="8c84fa94-04c1-424b-9868-57a2d4851a1d" />
    <TestEntry testId="8bd925fd-70fa-1427-dd53-43674efb0535" executionId="c2919567-6eca-421d-af7c-3a84adfc2b45" testListId="8c84fa94-04c1-424b-9868-57a2d4851a1d" />
    <TestEntry testId="e6e26be9-595c-4e85-bdbe-5eb14e2e755d" executionId="760b0c87-2e02-4974-b5d6-9309a12825c1" testListId="8c84fa94-04c1-424b-9868-57a2d4851a1d" />
    <TestEntry testId="700e3d81-9593-bd99-9407-43953b10f53d" executionId="3e7271fe-dcf1-44a2-a81d-b3cfce17fdb1" testListId="8c84fa94-04c1-424b-9868-57a2d4851a1d" />
    <TestEntry testId="d4674a28-48ff-0c02-a4f2-60dac1b7b24b" executionId="64de4095-3ce6-43aa-ba74-5e5db2534dce" testListId="8c84fa94-04c1-424b-9868-57a2d4851a1d" />
    <TestEntry testId="eb8288f4-0136-9273-0ae4-56cf9ffe446f" executionId="693196aa-734b-40d6-b4fe-5cf59017e54e" testListId="8c84fa94-04c1-424b-9868-57a2d4851a1d" />
    <TestEntry testId="70fcd1b0-0cfb-6d3e-f806-07327cc7b4d4" executionId="0e3ac586-888f-41ae-a621-e1f7d90605df" testListId="8c84fa94-04c1-424b-9868-57a2d4851a1d" />
    <TestEntry testId="fba640bf-c118-82b2-a84e-1dcddac75a10" executionId="4d7ecde3-87c1-4a44-81bd-a55eb7423501" testListId="8c84fa94-04c1-424b-9868-57a2d4851a1d" />
    <TestEntry testId="30dad675-2e66-81be-8e90-ea5cb34a2013" executionId="00e51625-005e-461a-9690-436e2640cbfd" testListId="8c84fa94-04c1-424b-9868-57a2d4851a1d" />
    <TestEntry testId="f3714f4a-9fe1-a130-c052-bbb286df9e1c" executionId="1aafdf37-8679-450b-bbe3-57b6780d1a0a" testListId="8c84fa94-04c1-424b-9868-57a2d4851a1d" />
    <TestEntry testId="0c8fc916-52ff-90b9-4682-dc8692432272" executionId="d2a1d7e3-71c1-4b10-b0ba-1a25d817712b" testListId="8c84fa94-04c1-424b-9868-57a2d4851a1d" />
    <TestEntry testId="54ab3311-bf39-ca33-0195-b1c1973ef212" executionId="e1d640ac-1fa2-41f1-a351-74720af250e8" testListId="8c84fa94-04c1-424b-9868-57a2d4851a1d" />
    <TestEntry testId="e148328f-8a5e-b05e-814f-66f27c592517" executionId="5a92bdc8-8f00-4894-b6fa-01154301b1b5" testListId="8c84fa94-04c1-424b-9868-57a2d4851a1d" />
    <TestEntry testId="84172c80-1cbc-9a4c-1aa4-1519235c410e" executionId="bb0f5c48-2427-4bbd-a9f9-07521b040057" testListId="8c84fa94-04c1-424b-9868-57a2d4851a1d" />
    <TestEntry testId="1073dbec-f8e7-56f4-9d94-98b289e7410d" executionId="3251cd2c-66e3-41de-bad9-6d5d45a291ee" testListId="8c84fa94-04c1-424b-9868-57a2d4851a1d" />
    <TestEntry testId="37d97df0-2a48-a386-b4e0-20f2489329f5" executionId="c09ca1e2-20c1-4236-abd5-81dee5be432d" testListId="8c84fa94-04c1-424b-9868-57a2d4851a1d" />
    <TestEntry testId="e343046f-4afa-4e5d-0ac7-15b1815e21d4" executionId="c0fb20b1-ea11-4f7a-82e5-7491c004ac9e" testListId="8c84fa94-04c1-424b-9868-57a2d4851a1d" />
    <TestEntry testId="eea6d530-bd5e-d54d-f8ca-157756c1accc" executionId="6d03f68f-accc-4acf-8174-8dc40c131486" testListId="8c84fa94-04c1-424b-9868-57a2d4851a1d" />
    <TestEntry testId="1ff313d4-7d77-740e-44af-f4c8a704fe4b" executionId="895e1472-93f4-434a-a6ff-a7138acdcc48" testListId="8c84fa94-04c1-424b-9868-57a2d4851a1d" />
    <TestEntry testId="42bef231-bb13-71dc-3497-4ee41bb2b959" executionId="f3e619a8-8a90-4c9d-a2bc-b7996a83dda1" testListId="8c84fa94-04c1-424b-9868-57a2d4851a1d" />
    <TestEntry testId="70e36ba9-8d28-7845-1767-8873b8da2e81" executionId="7c7227a6-5f4b-4448-b2b4-1b2ab9e35e32" testListId="8c84fa94-04c1-424b-9868-57a2d4851a1d" />
    <TestEntry testId="27f739ba-cbbe-204c-94c6-9dd00630bce8" executionId="88521a94-d018-4250-bd84-d54f34a34fd4" testListId="8c84fa94-04c1-424b-9868-57a2d4851a1d" />
    <TestEntry testId="571ba91f-19e0-72d4-3699-80263bc4d6a5" executionId="bfd21a23-ffcc-4206-b950-a2ae254d3788" testListId="8c84fa94-04c1-424b-9868-57a2d4851a1d" />
    <TestEntry testId="300a5444-c972-0ea6-7909-ff97c445628e" executionId="5491389d-9cd3-494f-95a7-5c002e6ab524" testListId="8c84fa94-04c1-424b-9868-57a2d4851a1d" />
    <TestEntry testId="0b7ce51b-f20b-cc57-56f8-96dd2f64d9c9" executionId="b639440c-02bc-40a4-a4e1-c91954546532" testListId="8c84fa94-04c1-424b-9868-57a2d4851a1d" />
    <TestEntry testId="080c4b5b-5380-61c3-0b34-b568740f9b74" executionId="6d4b6e0e-c441-468b-a75c-e755c632a7f7" testListId="8c84fa94-04c1-424b-9868-57a2d4851a1d" />
  </TestEntries>
  <TestLists>
    <TestList name="Results Not in a List" id="8c84fa94-04c1-424b-9868-57a2d4851a1d" />
    <TestList name="All Loaded Results" id="19431567-8539-422a-85d7-44ee4e166bda" />
  </TestLists>
  <ResultSummary outcome="Failed">
    <Counters total="712" executed="712" passed="711" failed="1" error="0" timeout="0" aborted="0" inconclusive="0" passedButRunAborted="0" notRunnable="0" notExecuted="0" disconnected="0" warning="0" completed="0" inProgress="0" pending="0" />
    <Output>
      <StdOut>[xUnit.net 00:00:00.00] xUnit.net VSTest Adapter v3.1.5+1b188a7b0a (64-bit .NET 10.0.8)
[xUnit.net 00:00:00.18]   Discovering: PdfBox.Net.Tests
[xUnit.net 00:00:01.48]   Discovered:  PdfBox.Net.Tests
[xUnit.net 00:00:01.81]   Starting:    PdfBox.Net.Tests
[xUnit.net 00:00:02.63]       Assert.Equal() Failure: Values differ
[xUnit.net 00:00:02.64]       Expected: 298
[xUnit.net 00:00:02.64]       Actual:   361
[xUnit.net 00:00:02.64]       Stack Trace:
[xUnit.net 00:00:02.65]         /home/runner/work/pdfbox-net/pdfbox-net/tests/PdfBox.Net.Tests/PDFDocumentParserTest.cs(26,0): at PdfBox.Net.Tests.PDFDocumentParserTest.ParseDocumentStart_ReadsHeaderAndStartxrefFromFixture()
[xUnit.net 00:00:02.65]            at System.Reflection.MethodBaseInvoker.InterpretedInvoke_Method(Object obj, IntPtr* args)
[xUnit.net 00:00:02.65]            at System.Reflection.MethodBaseInvoker.InvokeWithNoArgs(Object obj, BindingFlags invokeAttr)
No PostScript name data is provided for the font MiniCFF
No PostScript name data is provided for the font MiniCFF
No PostScript name data is provided for the font MiniTTF
No PostScript name data is provided for the font MiniTTF
No PostScript name data is provided for the font MiniTTF
No PostScript name data is provided for the font MiniTTF
[xUnit.net 00:00:03.36]   Finished:    PdfBox.Net.Tests (ID = '4387cddef6bf8c7a295f99fb389cdcbff75db957af00ef584a61fbf07a357e52')
</StdOut>
    </Output>
    <RunInfos>
      <RunInfo computerName="runnervmg397c" outcome="Error" timestamp="2026-05-24T22:33:26.3635892+00:00">
        <Text>[xUnit.net 00:00:02.63]     PdfBox.Net.Tests.PDFDocumentParserTest.ParseDocumentStart_ReadsHeaderAndStartxrefFromFixture [FAIL]</Text>
      </RunInfo>
    </RunInfos>
  </ResultSummary>
</TestRun>